

Microchip MPLAB XC8 Assembler V2.36 build 20220127204148 
                                                                                               Thu Sep 14 19:45:48 2023

Microchip MPLAB XC8 C Compiler v2.36 (Free license) build 20220127204148 Og1 
     1                           	processor	16F1939
     2                           	pagewidth 120
     3                           	opt	flic
     4                           	psect	nvCOMMON,global,class=COMMON,space=1,delta=1,noexec
     5                           	psect	cinit,global,class=CODE,merge=1,delta=2
     6                           	psect	cstackCOMMON,global,class=COMMON,space=1,delta=1,noexec
     7                           	psect	maintext,global,class=CODE,merge=1,split=1,delta=2
     8                           	psect	idloc,global,abs,ovrld,class=IDLOC,space=5,delta=2,noexec
     9                           	psect	config,global,abs,ovrld,class=CONFIG,space=4,delta=2,noexec
    10                           	dabs	1,0x7E,2
    11  0000                     
    12                           ; Version 2.40
    13                           ; Generated 17/11/2021 GMT
    14                           ; 
    15                           ; Copyright © 2021, Microchip Technology Inc. and its subsidiaries ("Microchip")
    16                           ; All rights reserved.
    17                           ; 
    18                           ; This software is developed by Microchip Technology Inc. and its subsidiaries ("Microch
      +                          ip").
    19                           ; 
    20                           ; Redistribution and use in source and binary forms, with or without modification, are
    21                           ; permitted provided that the following conditions are met:
    22                           ; 
    23                           ;     1. Redistributions of source code must retain the above copyright notice, this lis
      +                          t of
    24                           ;        conditions and the following disclaimer.
    25                           ; 
    26                           ;     2. Redistributions in binary form must reproduce the above copyright notice, this 
      +                          list
    27                           ;        of conditions and the following disclaimer in the documentation and/or other
    28                           ;        materials provided with the distribution. Publication is not required when
    29                           ;        this file is used in an embedded application.
    30                           ; 
    31                           ;     3. Microchip's name may not be used to endorse or promote products derived from th
      +                          is
    32                           ;        software without specific prior written permission.
    33                           ; 
    34                           ; THIS SOFTWARE IS PROVIDED BY MICROCHIP "AS IS" AND ANY EXPRESS OR IMPLIED WARRANTIES,
    35                           ; INCLUDING, BUT NOT LIMITED TO, THE IMPLIED WARRANTIES OF MERCHANTABILITY AND FITNESS F
      +                          OR
    36                           ; PURPOSE ARE DISCLAIMED.  IN NO EVENT SHALL MICROCHIP BE LIABLE FOR ANY DIRECT, INDIREC
      +                          T,
    37                           ; INCIDENTAL, SPECIAL, EXEMPLARY, OR CONSEQUENTIAL DAMAGES (INCLUDING BUT NOT LIMITED TO
    38                           ; PROCUREMENT OF SUBSTITUTE GOODS OR SERVICES; LOSS OF USE, DATA OR PROFITS; OR BUSINESS
    39                           ; INTERRUPTION) HOWSOEVER CAUSED AND ON ANY THEORY OF LIABILITY, WHETHER IN CONTRACT, ST
      +                          RICT
    40                           ; LIABILITY, OR TORT (INCLUDING NEGLIGENCE OR OTHERWISE) ARISING IN ANY WAY OUT OF THE U
      +                          SE OF
    41                           ; THIS SOFTWARE, EVEN IF ADVISED OF THE POSSIBILITY OF SUCH DAMAGE.
    42                           ; 
    43                           ; 
    44                           ; Code-generator required, PIC16F1939 Definitions
    45                           ; 
    46                           ; SFR Addresses
    47  0000                     	;# 
    48  0001                     	;# 
    49  0002                     	;# 
    50  0003                     	;# 
    51  0004                     	;# 
    52  0005                     	;# 
    53  0006                     	;# 
    54  0007                     	;# 
    55  0008                     	;# 
    56  0009                     	;# 
    57  000A                     	;# 
    58  000B                     	;# 
    59  000C                     	;# 
    60  000D                     	;# 
    61  000E                     	;# 
    62  000F                     	;# 
    63  0010                     	;# 
    64  0011                     	;# 
    65  0012                     	;# 
    66  0013                     	;# 
    67  0015                     	;# 
    68  0016                     	;# 
    69  0016                     	;# 
    70  0017                     	;# 
    71  0018                     	;# 
    72  0019                     	;# 
    73  001A                     	;# 
    74  001B                     	;# 
    75  001C                     	;# 
    76  001E                     	;# 
    77  001F                     	;# 
    78  008C                     	;# 
    79  008D                     	;# 
    80  008E                     	;# 
    81  008F                     	;# 
    82  0090                     	;# 
    83  0091                     	;# 
    84  0092                     	;# 
    85  0093                     	;# 
    86  0095                     	;# 
    87  0096                     	;# 
    88  0097                     	;# 
    89  0098                     	;# 
    90  0099                     	;# 
    91  009A                     	;# 
    92  009B                     	;# 
    93  009B                     	;# 
    94  009C                     	;# 
    95  009D                     	;# 
    96  009E                     	;# 
    97  010C                     	;# 
    98  010D                     	;# 
    99  010E                     	;# 
   100  010F                     	;# 
   101  0110                     	;# 
   102  0111                     	;# 
   103  0112                     	;# 
   104  0113                     	;# 
   105  0114                     	;# 
   106  0115                     	;# 
   107  0116                     	;# 
   108  0117                     	;# 
   109  0118                     	;# 
   110  0119                     	;# 
   111  011A                     	;# 
   112  011B                     	;# 
   113  011D                     	;# 
   114  018C                     	;# 
   115  018D                     	;# 
   116  018F                     	;# 
   117  0190                     	;# 
   118  0191                     	;# 
   119  0191                     	;# 
   120  0192                     	;# 
   121  0193                     	;# 
   122  0193                     	;# 
   123  0193                     	;# 
   124  0194                     	;# 
   125  0195                     	;# 
   126  0196                     	;# 
   127  0199                     	;# 
   128  019A                     	;# 
   129  019B                     	;# 
   130  019B                     	;# 
   131  019B                     	;# 
   132  019B                     	;# 
   133  019C                     	;# 
   134  019C                     	;# 
   135  019D                     	;# 
   136  019E                     	;# 
   137  019F                     	;# 
   138  020D                     	;# 
   139  0210                     	;# 
   140  0211                     	;# 
   141  0212                     	;# 
   142  0213                     	;# 
   143  0214                     	;# 
   144  0215                     	;# 
   145  0215                     	;# 
   146  0216                     	;# 
   147  0217                     	;# 
   148  0291                     	;# 
   149  0291                     	;# 
   150  0292                     	;# 
   151  0293                     	;# 
   152  0294                     	;# 
   153  0295                     	;# 
   154  0295                     	;# 
   155  0296                     	;# 
   156  0298                     	;# 
   157  0298                     	;# 
   158  0299                     	;# 
   159  029A                     	;# 
   160  029B                     	;# 
   161  029C                     	;# 
   162  029C                     	;# 
   163  029D                     	;# 
   164  029E                     	;# 
   165  029F                     	;# 
   166  0311                     	;# 
   167  0311                     	;# 
   168  0312                     	;# 
   169  0313                     	;# 
   170  0314                     	;# 
   171  0315                     	;# 
   172  0315                     	;# 
   173  0316                     	;# 
   174  0318                     	;# 
   175  0318                     	;# 
   176  0319                     	;# 
   177  031A                     	;# 
   178  031C                     	;# 
   179  031C                     	;# 
   180  031D                     	;# 
   181  031E                     	;# 
   182  0394                     	;# 
   183  0395                     	;# 
   184  0396                     	;# 
   185  0415                     	;# 
   186  0416                     	;# 
   187  0417                     	;# 
   188  041C                     	;# 
   189  041D                     	;# 
   190  041E                     	;# 
   191  0791                     	;# 
   192  0792                     	;# 
   193  0793                     	;# 
   194  0794                     	;# 
   195  0795                     	;# 
   196  0798                     	;# 
   197  0799                     	;# 
   198  079A                     	;# 
   199  07A0                     	;# 
   200  07A1                     	;# 
   201  07A2                     	;# 
   202  07A3                     	;# 
   203  07A4                     	;# 
   204  07A5                     	;# 
   205  07A6                     	;# 
   206  07A7                     	;# 
   207  07A8                     	;# 
   208  07A9                     	;# 
   209  07AA                     	;# 
   210  07AB                     	;# 
   211  0FE4                     	;# 
   212  0FE5                     	;# 
   213  0FE6                     	;# 
   214  0FE7                     	;# 
   215  0FE8                     	;# 
   216  0FE9                     	;# 
   217  0FEA                     	;# 
   218  0FEB                     	;# 
   219  0FED                     	;# 
   220  0FEE                     	;# 
   221  0FEF                     	;# 
   222  0000                     	;# 
   223  0001                     	;# 
   224  0002                     	;# 
   225  0003                     	;# 
   226  0004                     	;# 
   227  0005                     	;# 
   228  0006                     	;# 
   229  0007                     	;# 
   230  0008                     	;# 
   231  0009                     	;# 
   232  000A                     	;# 
   233  000B                     	;# 
   234  000C                     	;# 
   235  000D                     	;# 
   236  000E                     	;# 
   237  000F                     	;# 
   238  0010                     	;# 
   239  0011                     	;# 
   240  0012                     	;# 
   241  0013                     	;# 
   242  0015                     	;# 
   243  0016                     	;# 
   244  0016                     	;# 
   245  0017                     	;# 
   246  0018                     	;# 
   247  0019                     	;# 
   248  001A                     	;# 
   249  001B                     	;# 
   250  001C                     	;# 
   251  001E                     	;# 
   252  001F                     	;# 
   253  008C                     	;# 
   254  008D                     	;# 
   255  008E                     	;# 
   256  008F                     	;# 
   257  0090                     	;# 
   258  0091                     	;# 
   259  0092                     	;# 
   260  0093                     	;# 
   261  0095                     	;# 
   262  0096                     	;# 
   263  0097                     	;# 
   264  0098                     	;# 
   265  0099                     	;# 
   266  009A                     	;# 
   267  009B                     	;# 
   268  009B                     	;# 
   269  009C                     	;# 
   270  009D                     	;# 
   271  009E                     	;# 
   272  010C                     	;# 
   273  010D                     	;# 
   274  010E                     	;# 
   275  010F                     	;# 
   276  0110                     	;# 
   277  0111                     	;# 
   278  0112                     	;# 
   279  0113                     	;# 
   280  0114                     	;# 
   281  0115                     	;# 
   282  0116                     	;# 
   283  0117                     	;# 
   284  0118                     	;# 
   285  0119                     	;# 
   286  011A                     	;# 
   287  011B                     	;# 
   288  011D                     	;# 
   289  018C                     	;# 
   290  018D                     	;# 
   291  018F                     	;# 
   292  0190                     	;# 
   293  0191                     	;# 
   294  0191                     	;# 
   295  0192                     	;# 
   296  0193                     	;# 
   297  0193                     	;# 
   298  0193                     	;# 
   299  0194                     	;# 
   300  0195                     	;# 
   301  0196                     	;# 
   302  0199                     	;# 
   303  019A                     	;# 
   304  019B                     	;# 
   305  019B                     	;# 
   306  019B                     	;# 
   307  019B                     	;# 
   308  019C                     	;# 
   309  019C                     	;# 
   310  019D                     	;# 
   311  019E                     	;# 
   312  019F                     	;# 
   313  020D                     	;# 
   314  0210                     	;# 
   315  0211                     	;# 
   316  0212                     	;# 
   317  0213                     	;# 
   318  0214                     	;# 
   319  0215                     	;# 
   320  0215                     	;# 
   321  0216                     	;# 
   322  0217                     	;# 
   323  0291                     	;# 
   324  0291                     	;# 
   325  0292                     	;# 
   326  0293                     	;# 
   327  0294                     	;# 
   328  0295                     	;# 
   329  0295                     	;# 
   330  0296                     	;# 
   331  0298                     	;# 
   332  0298                     	;# 
   333  0299                     	;# 
   334  029A                     	;# 
   335  029B                     	;# 
   336  029C                     	;# 
   337  029C                     	;# 
   338  029D                     	;# 
   339  029E                     	;# 
   340  029F                     	;# 
   341  0311                     	;# 
   342  0311                     	;# 
   343  0312                     	;# 
   344  0313                     	;# 
   345  0314                     	;# 
   346  0315                     	;# 
   347  0315                     	;# 
   348  0316                     	;# 
   349  0318                     	;# 
   350  0318                     	;# 
   351  0319                     	;# 
   352  031A                     	;# 
   353  031C                     	;# 
   354  031C                     	;# 
   355  031D                     	;# 
   356  031E                     	;# 
   357  0394                     	;# 
   358  0395                     	;# 
   359  0396                     	;# 
   360  0415                     	;# 
   361  0416                     	;# 
   362  0417                     	;# 
   363  041C                     	;# 
   364  041D                     	;# 
   365  041E                     	;# 
   366  0791                     	;# 
   367  0792                     	;# 
   368  0793                     	;# 
   369  0794                     	;# 
   370  0795                     	;# 
   371  0798                     	;# 
   372  0799                     	;# 
   373  079A                     	;# 
   374  07A0                     	;# 
   375  07A1                     	;# 
   376  07A2                     	;# 
   377  07A3                     	;# 
   378  07A4                     	;# 
   379  07A5                     	;# 
   380  07A6                     	;# 
   381  07A7                     	;# 
   382  07A8                     	;# 
   383  07A9                     	;# 
   384  07AA                     	;# 
   385  07AB                     	;# 
   386  0FE4                     	;# 
   387  0FE5                     	;# 
   388  0FE6                     	;# 
   389  0FE7                     	;# 
   390  0FE8                     	;# 
   391  0FE9                     	;# 
   392  0FEA                     	;# 
   393  0FEB                     	;# 
   394  0FED                     	;# 
   395  0FEE                     	;# 
   396  0FEF                     	;# 
   397  0000                     	;# 
   398  0001                     	;# 
   399  0002                     	;# 
   400  0003                     	;# 
   401  0004                     	;# 
   402  0005                     	;# 
   403  0006                     	;# 
   404  0007                     	;# 
   405  0008                     	;# 
   406  0009                     	;# 
   407  000A                     	;# 
   408  000B                     	;# 
   409  000C                     	;# 
   410  000D                     	;# 
   411  000E                     	;# 
   412  000F                     	;# 
   413  0010                     	;# 
   414  0011                     	;# 
   415  0012                     	;# 
   416  0013                     	;# 
   417  0015                     	;# 
   418  0016                     	;# 
   419  0016                     	;# 
   420  0017                     	;# 
   421  0018                     	;# 
   422  0019                     	;# 
   423  001A                     	;# 
   424  001B                     	;# 
   425  001C                     	;# 
   426  001E                     	;# 
   427  001F                     	;# 
   428  008C                     	;# 
   429  008D                     	;# 
   430  008E                     	;# 
   431  008F                     	;# 
   432  0090                     	;# 
   433  0091                     	;# 
   434  0092                     	;# 
   435  0093                     	;# 
   436  0095                     	;# 
   437  0096                     	;# 
   438  0097                     	;# 
   439  0098                     	;# 
   440  0099                     	;# 
   441  009A                     	;# 
   442  009B                     	;# 
   443  009B                     	;# 
   444  009C                     	;# 
   445  009D                     	;# 
   446  009E                     	;# 
   447  010C                     	;# 
   448  010D                     	;# 
   449  010E                     	;# 
   450  010F                     	;# 
   451  0110                     	;# 
   452  0111                     	;# 
   453  0112                     	;# 
   454  0113                     	;# 
   455  0114                     	;# 
   456  0115                     	;# 
   457  0116                     	;# 
   458  0117                     	;# 
   459  0118                     	;# 
   460  0119                     	;# 
   461  011A                     	;# 
   462  011B                     	;# 
   463  011D                     	;# 
   464  018C                     	;# 
   465  018D                     	;# 
   466  018F                     	;# 
   467  0190                     	;# 
   468  0191                     	;# 
   469  0191                     	;# 
   470  0192                     	;# 
   471  0193                     	;# 
   472  0193                     	;# 
   473  0193                     	;# 
   474  0194                     	;# 
   475  0195                     	;# 
   476  0196                     	;# 
   477  0199                     	;# 
   478  019A                     	;# 
   479  019B                     	;# 
   480  019B                     	;# 
   481  019B                     	;# 
   482  019B                     	;# 
   483  019C                     	;# 
   484  019C                     	;# 
   485  019D                     	;# 
   486  019E                     	;# 
   487  019F                     	;# 
   488  020D                     	;# 
   489  0210                     	;# 
   490  0211                     	;# 
   491  0212                     	;# 
   492  0213                     	;# 
   493  0214                     	;# 
   494  0215                     	;# 
   495  0215                     	;# 
   496  0216                     	;# 
   497  0217                     	;# 
   498  0291                     	;# 
   499  0291                     	;# 
   500  0292                     	;# 
   501  0293                     	;# 
   502  0294                     	;# 
   503  0295                     	;# 
   504  0295                     	;# 
   505  0296                     	;# 
   506  0298                     	;# 
   507  0298                     	;# 
   508  0299                     	;# 
   509  029A                     	;# 
   510  029B                     	;# 
   511  029C                     	;# 
   512  029C                     	;# 
   513  029D                     	;# 
   514  029E                     	;# 
   515  029F                     	;# 
   516  0311                     	;# 
   517  0311                     	;# 
   518  0312                     	;# 
   519  0313                     	;# 
   520  0314                     	;# 
   521  0315                     	;# 
   522  0315                     	;# 
   523  0316                     	;# 
   524  0318                     	;# 
   525  0318                     	;# 
   526  0319                     	;# 
   527  031A                     	;# 
   528  031C                     	;# 
   529  031C                     	;# 
   530  031D                     	;# 
   531  031E                     	;# 
   532  0394                     	;# 
   533  0395                     	;# 
   534  0396                     	;# 
   535  0415                     	;# 
   536  0416                     	;# 
   537  0417                     	;# 
   538  041C                     	;# 
   539  041D                     	;# 
   540  041E                     	;# 
   541  0791                     	;# 
   542  0792                     	;# 
   543  0793                     	;# 
   544  0794                     	;# 
   545  0795                     	;# 
   546  0798                     	;# 
   547  0799                     	;# 
   548  079A                     	;# 
   549  07A0                     	;# 
   550  07A1                     	;# 
   551  07A2                     	;# 
   552  07A3                     	;# 
   553  07A4                     	;# 
   554  07A5                     	;# 
   555  07A6                     	;# 
   556  07A7                     	;# 
   557  07A8                     	;# 
   558  07A9                     	;# 
   559  07AA                     	;# 
   560  07AB                     	;# 
   561  0FE4                     	;# 
   562  0FE5                     	;# 
   563  0FE6                     	;# 
   564  0FE7                     	;# 
   565  0FE8                     	;# 
   566  0FE9                     	;# 
   567  0FEA                     	;# 
   568  0FEB                     	;# 
   569  0FED                     	;# 
   570  0FEE                     	;# 
   571  0FEF                     	;# 
   572                           
   573                           	psect	nvCOMMON
   574  0070                     __pnvCOMMON:
   575  0070                     _c:
   576  0070                     	ds	1
   577  0071                     _b:
   578  0071                     	ds	1
   579  0072                     _a:
   580  0072                     	ds	1
   581  0098                     _OSCTUNE	set	152
   582  0099                     _OSCCON	set	153
   583  0116                     _BORCON	set	278
   584                           
   585                           	psect	cinit
   586  07FD                     start_initialization:	
   587                           ; #config settings
   588                           
   589  07FD                     __initialization:
   590  07FD                     end_of_initialization:	
   591                           ;End of C runtime variable initialization code
   592                           
   593  07FD                     __end_of__initialization:
   594  07FD  0020               	movlb	0
   595  07FE  3187  2FE8         	ljmp	_main	;jump to C main() function
   596                           
   597                           	psect	cstackCOMMON
   598  0073                     __pcstackCOMMON:
   599  0073                     ?_main:
   600  0073                     ??_main:	
   601                           ; 1 bytes @ 0x0
   602                           
   603                           
   604                           ; 1 bytes @ 0x0
   605  0073                     	ds	1
   606                           
   607                           	psect	maintext
   608  07E8                     __pmaintext:	
   609 ;;
   610 ;;Main: autosize = 0, tempsize = 1, incstack = 0, save=0
   611 ;;
   612 ;; *************** function _main *****************
   613 ;; Defined at:
   614 ;;		line 6 in file "main.c"
   615 ;; Parameters:    Size  Location     Type
   616 ;;		None
   617 ;; Auto vars:     Size  Location     Type
   618 ;;		None
   619 ;; Return value:  Size  Location     Type
   620 ;;                  1    wreg      void 
   621 ;; Registers used:
   622 ;;		wreg, status,2, status,0
   623 ;; Tracked objects:
   624 ;;		On entry : B1F/0
   625 ;;		On exit  : 0/0
   626 ;;		Unchanged: 0/0
   627 ;; Data sizes:     COMMON   BANK0   BANK1   BANK2   BANK3   BANK4   BANK5   BANK6   BANK7   BANK8   BANK9  BANK10  BANK1
      +1  BANK12
   628 ;;      Params:         0       0       0       0       0       0       0       0       0       0       0       0       
      +0       0
   629 ;;      Locals:         0       0       0       0       0       0       0       0       0       0       0       0       
      +0       0
   630 ;;      Temps:          1       0       0       0       0       0       0       0       0       0       0       0       
      +0       0
   631 ;;      Totals:         1       0       0       0       0       0       0       0       0       0       0       0       
      +0       0
   632 ;;Total ram usage:        1 bytes
   633 ;; This function calls:
   634 ;;		Nothing
   635 ;; This function is called by:
   636 ;;		Startup code after reset
   637 ;; This function uses a non-reentrant model
   638 ;;
   639                           
   640  07E8                     _main:	
   641                           ;psect for function _main
   642                           
   643  07E8                     l628:	
   644                           ;incstack = 0
   645                           ; Regs used in _main: [wreg+status,2+status,0]
   646                           
   647                           
   648                           ;main.c: 7:     OSCCON = 0b11110010;
   649  07E8  30F2               	movlw	242
   650  07E9  0021               	movlb	1	; select bank1
   651  07EA  0099               	movwf	25	;volatile
   652  07EB                     l630:
   653                           
   654                           ;main.c: 8:     OSCTUNE = 0b00000000;
   655  07EB  0198               	clrf	24	;volatile
   656  07EC                     l632:
   657                           
   658                           ;main.c: 9:     BORCON = 0b00000000;
   659  07EC  0022               	movlb	2	; select bank2
   660  07ED  0196               	clrf	22	;volatile
   661                           
   662                           ;main.c: 10:     a=5;
   663  07EE  3005               	movlw	5
   664  07EF  00F3               	movwf	??_main
   665  07F0  0873               	movf	??_main,w
   666  07F1  00F2               	movwf	_a
   667                           
   668                           ;main.c: 11:     b=10;
   669  07F2  300A               	movlw	10
   670  07F3  00F3               	movwf	??_main
   671  07F4  0873               	movf	??_main,w
   672  07F5  00F1               	movwf	_b
   673  07F6                     l634:
   674                           
   675                           ;main.c: 12:     c=a+b;
   676  07F6  300F               	movlw	15
   677  07F7  00F3               	movwf	??_main
   678  07F8  0873               	movf	??_main,w
   679  07F9  00F0               	movwf	_c
   680  07FA                     l17:	
   681                           ;main.c: 14:     while(1){
   682                           
   683  07FA                     l18:	
   684                           ;main.c: 16:     }
   685                           
   686  07FA  2FFA               	goto	l17
   687  07FB  3180  2802         	ljmp	start
   688  07FD                     __end_of_main:
   689  007E                     btemp	set	126	;btemp
   690  007E                     wtemp0	set	126
   691                           
   692                           	psect	idloc
   693                           
   694                           ;Config register IDLOC0 @ 0x8000
   695                           ;	unspecified, using default values
   696  8000                     	org	32768
   697  8000  3FFF               	dw	16383
   698                           
   699                           ;Config register IDLOC1 @ 0x8001
   700                           ;	unspecified, using default values
   701  8001                     	org	32769
   702  8001  3FFF               	dw	16383
   703                           
   704                           ;Config register IDLOC2 @ 0x8002
   705                           ;	unspecified, using default values
   706  8002                     	org	32770
   707  8002  3FFF               	dw	16383
   708                           
   709                           ;Config register IDLOC3 @ 0x8003
   710                           ;	unspecified, using default values
   711  8003                     	org	32771
   712  8003  3FFF               	dw	16383
   713                           
   714                           	psect	config
   715                           
   716                           ;Config register CONFIG1 @ 0x8007
   717                           ;	Oscillator Selection
   718                           ;	FOSC = INTOSC, INTOSC oscillator: I/O function on CLKIN pin
   719                           ;	Watchdog Timer Enable
   720                           ;	WDTE = OFF, WDT disabled
   721                           ;	Power-up Timer Enable
   722                           ;	PWRTE = OFF, PWRT disabled
   723                           ;	MCLR Pin Function Select
   724                           ;	MCLRE = ON, MCLR/VPP pin function is MCLR
   725                           ;	Flash Program Memory Code Protection
   726                           ;	CP = OFF, Program memory code protection is disabled
   727                           ;	Data Memory Code Protection
   728                           ;	CPD = OFF, Data memory code protection is disabled
   729                           ;	Brown-out Reset Enable
   730                           ;	BOREN = ON, Brown-out Reset enabled
   731                           ;	Clock Out Enable
   732                           ;	CLKOUTEN = OFF, CLKOUT function is disabled. I/O or oscillator function on the CLKOUT 
      +                          pin
   733                           ;	Internal/External Switchover
   734                           ;	IESO = ON, Internal/External Switchover mode is enabled
   735                           ;	Fail-Safe Clock Monitor Enable
   736                           ;	FCMEN = ON, Fail-Safe Clock Monitor is enabled
   737  8007                     	org	32775
   738  8007  3FE4               	dw	16356
   739                           
   740                           ;Config register CONFIG2 @ 0x8008
   741                           ;	Flash Memory Self-Write Protection
   742                           ;	WRT = OFF, Write protection off
   743                           ;	Voltage Regulator Capacitor Enable
   744                           ;	VCAPEN = OFF, All VCAP pin functionality is disabled
   745                           ;	PLL Enable
   746                           ;	PLLEN = ON, 4x PLL enabled
   747                           ;	Stack Overflow/Underflow Reset Enable
   748                           ;	STVREN = ON, Stack Overflow or Underflow will cause a Reset
   749                           ;	Brown-out Reset Voltage Selection
   750                           ;	BORV = LO, Brown-out Reset Voltage (Vbor), low trip point selected.
   751                           ;	Low-Voltage Programming Enable
   752                           ;	LVP = ON, Low-voltage programming enabled
   753  8008                     	org	32776
   754  8008  3FFF               	dw	16383

Data Sizes:
    Strings     0
    Constant    0
    Data        0
    BSS         0
    Persistent  35
    Stack       0

Auto Spaces:
    Space          Size  Autos    Used
    COMMON           14      1       4
    BANK0            80      0       0
    BANK1            80      0       0
    BANK2            80      0       0
    BANK3            80      0       0
    BANK4            80      0       0
    BANK5            80      0       0
    BANK6            80      0       0
    BANK7            80      0       0
    BANK8            80      0       0
    BANK9            80      0       0
    BANK10           80      0       0
    BANK11           80      0       0
    BANK12           48      0       0

Pointer List with Targets:

    None.

Critical Paths under _main in COMMON

    None.

Critical Paths under _main in BANK0

    None.

Critical Paths under _main in BANK1

    None.

Critical Paths under _main in BANK2

    None.

Critical Paths under _main in BANK3

    None.

Critical Paths under _main in BANK4

    None.

Critical Paths under _main in BANK5

    None.

Critical Paths under _main in BANK6

    None.

Critical Paths under _main in BANK7

    None.

Critical Paths under _main in BANK8

    None.

Critical Paths under _main in BANK9

    None.

Critical Paths under _main in BANK10

    None.

Critical Paths under _main in BANK11

    None.

Critical Paths under _main in BANK12

    None.

Call Graph Tables:

 ---------------------------------------------------------------------------------
 (Depth) Function   	        Calls       Base Space   Used Autos Params    Refs
 ---------------------------------------------------------------------------------
 (0) _main                                                 1     1      0       0
                                              0 COMMON     1     1      0
 ---------------------------------------------------------------------------------
 Estimated maximum stack depth 0
 ---------------------------------------------------------------------------------

 Call Graph Graphs:

 _main (ROOT)

 Address spaces:
Name               Size   Autos  Total    Cost      Usage
BIGRAM             3F0      0       0       0        0.0%
EEDATA             100      0       0       0        0.0%
NULL                 0      0       0       0        0.0%
CODE                 0      0       0       0        0.0%
BITCOMMON            E      0       0       1        0.0%
BITSFR0              0      0       0       1        0.0%
SFR0                 0      0       0       1        0.0%
COMMON               E      1       4       2       28.6%
BITSFR1              0      0       0       2        0.0%
SFR1                 0      0       0       2        0.0%
BITSFR2              0      0       0       3        0.0%
SFR2                 0      0       0       3        0.0%
STACK                0      0       0       3        0.0%
BITBANK0            50      0       0       4        0.0%
BITSFR3              0      0       0       4        0.0%
SFR3                 0      0       0       4        0.0%
BANK0               50      0       0       5        0.0%
BITSFR4              0      0       0       5        0.0%
SFR4                 0      0       0       5        0.0%
BITBANK1            50      0       0       6        0.0%
BITSFR5              0      0       0       6        0.0%
SFR5                 0      0       0       6        0.0%
BANK1               50      0       0       7        0.0%
BITSFR6              0      0       0       7        0.0%
SFR6                 0      0       0       7        0.0%
BITBANK2            50      0       0       8        0.0%
BITSFR7              0      0       0       8        0.0%
SFR7                 0      0       0       8        0.0%
BANK2               50      0       0       9        0.0%
BITSFR8              0      0       0       9        0.0%
SFR8                 0      0       0       9        0.0%
BITBANK3            50      0       0      10        0.0%
BITSFR9              0      0       0      10        0.0%
SFR9                 0      0       0      10        0.0%
BANK3               50      0       0      11        0.0%
BITSFR10             0      0       0      11        0.0%
SFR10                0      0       0      11        0.0%
BITBANK4            50      0       0      12        0.0%
BITSFR11             0      0       0      12        0.0%
SFR11                0      0       0      12        0.0%
BANK4               50      0       0      13        0.0%
BITSFR12             0      0       0      13        0.0%
SFR12                0      0       0      13        0.0%
BITBANK5            50      0       0      14        0.0%
BITSFR13             0      0       0      14        0.0%
SFR13                0      0       0      14        0.0%
BANK5               50      0       0      15        0.0%
BITSFR14             0      0       0      15        0.0%
SFR14                0      0       0      15        0.0%
BITBANK6            50      0       0      16        0.0%
BITSFR15             0      0       0      16        0.0%
SFR15                0      0       0      16        0.0%
BANK6               50      0       0      17        0.0%
BITSFR16             0      0       0      17        0.0%
SFR16                0      0       0      17        0.0%
BITBANK7            50      0       0      18        0.0%
BITSFR17             0      0       0      18        0.0%
SFR17                0      0       0      18        0.0%
BANK7               50      0       0      19        0.0%
BITSFR18             0      0       0      19        0.0%
SFR18                0      0       0      19        0.0%
BITSFR19             0      0       0      20        0.0%
SFR19                0      0       0      20        0.0%
ABS                  0      0       4      20        0.0%
BITBANK8            50      0       0      21        0.0%
BITSFR20             0      0       0      21        0.0%
SFR20                0      0       0      21        0.0%
BANK8               50      0       0      22        0.0%
BITSFR21             0      0       0      22        0.0%
SFR21                0      0       0      22        0.0%
BITBANK9            50      0       0      23        0.0%
BITSFR22             0      0       0      23        0.0%
SFR22                0      0       0      23        0.0%
BANK9               50      0       0      24        0.0%
BITSFR23             0      0       0      24        0.0%
SFR23                0      0       0      24        0.0%
BITBANK10           50      0       0      25        0.0%
BITSFR24             0      0       0      25        0.0%
SFR24                0      0       0      25        0.0%
BANK10              50      0       0      26        0.0%
BITSFR25             0      0       0      26        0.0%
SFR25                0      0       0      26        0.0%
BITBANK11           50      0       0      27        0.0%
BITSFR26             0      0       0      27        0.0%
SFR26                0      0       0      27        0.0%
BANK11              50      0       0      28        0.0%
BITSFR27             0      0       0      28        0.0%
SFR27                0      0       0      28        0.0%
BITBANK12           30      0       0      29        0.0%
BITSFR28             0      0       0      29        0.0%
SFR28                0      0       0      29        0.0%
BANK12              30      0       0      30        0.0%
BITSFR29             0      0       0      30        0.0%
SFR29                0      0       0      30        0.0%
BITSFR30             0      0       0      31        0.0%
SFR30                0      0       0      31        0.0%
DATA                 0      0       4      31        0.0%
BITSFR31             0      0       0      32        0.0%
SFR31                0      0       0      32        0.0%


Microchip Technology PIC Macro Assembler V2.36 build 20220127204148 
Symbol Table                                                                                   Thu Sep 14 19:45:48 2023

                      _a 0072                        _b 0071                        _c 0070  
                     l17 07FA                       l18 07FA                      l630 07EB  
                    l632 07EC                      l634 07F6                      l628 07E8  
                   _main 07E8                     btemp 007E                     start 0002  
                  ?_main 0073                    wtemp0 007E          __initialization 07FD  
           __end_of_main 07FD                   ??_main 0073                   _BORCON 0116  
                 _OSCCON 0099  __end_of__initialization 07FD           __pcstackCOMMON 0073  
             __pnvCOMMON 0070               __pmaintext 07E8                  _OSCTUNE 0098  
   end_of_initialization 07FD      start_initialization 07FD                ___latbits 0003  
