

Microchip MPLAB XC8 Assembler V2.36 build 20220127204148 
                                                                                               Sat Mar 11 20:25:46 2023

Microchip MPLAB XC8 C Compiler v2.36 (Free license) build 20220127204148 Og1 
     1                           	processor	16F1939
     2                           	pagewidth 120
     3                           	opt	flic
     4                           	psect	cinit,global,class=CODE,merge=1,delta=2
     5                           	psect	bssCOMMON,global,class=COMMON,space=1,delta=1,noexec
     6                           	psect	cstackCOMMON,global,class=COMMON,space=1,delta=1,noexec
     7                           	psect	maintext,global,class=CODE,merge=1,split=1,delta=2
     8                           	psect	text1,local,class=CODE,merge=1,delta=2
     9                           	psect	text2,local,class=CODE,merge=1,delta=2
    10                           	psect	text3,local,class=CODE,merge=1,delta=2
    11                           	psect	text4,local,class=CODE,merge=1,delta=2
    12                           	psect	idloc,global,abs,ovrld,class=IDLOC,space=5,delta=2,noexec
    13                           	psect	config,global,abs,ovrld,class=CONFIG,space=4,delta=2,noexec
    14                           	dabs	1,0x7E,2
    15  0000                     
    16                           ; Version 2.40
    17                           ; Generated 17/11/2021 GMT
    18                           ; 
    19                           ; Copyright © 2021, Microchip Technology Inc. and its subsidiaries ("Microchip")
    20                           ; All rights reserved.
    21                           ; 
    22                           ; This software is developed by Microchip Technology Inc. and its subsidiaries ("Microch
      +                          ip").
    23                           ; 
    24                           ; Redistribution and use in source and binary forms, with or without modification, are
    25                           ; permitted provided that the following conditions are met:
    26                           ; 
    27                           ;     1. Redistributions of source code must retain the above copyright notice, this lis
      +                          t of
    28                           ;        conditions and the following disclaimer.
    29                           ; 
    30                           ;     2. Redistributions in binary form must reproduce the above copyright notice, this 
      +                          list
    31                           ;        of conditions and the following disclaimer in the documentation and/or other
    32                           ;        materials provided with the distribution. Publication is not required when
    33                           ;        this file is used in an embedded application.
    34                           ; 
    35                           ;     3. Microchip's name may not be used to endorse or promote products derived from th
      +                          is
    36                           ;        software without specific prior written permission.
    37                           ; 
    38                           ; THIS SOFTWARE IS PROVIDED BY MICROCHIP "AS IS" AND ANY EXPRESS OR IMPLIED WARRANTIES,
    39                           ; INCLUDING, BUT NOT LIMITED TO, THE IMPLIED WARRANTIES OF MERCHANTABILITY AND FITNESS F
      +                          OR
    40                           ; PURPOSE ARE DISCLAIMED.  IN NO EVENT SHALL MICROCHIP BE LIABLE FOR ANY DIRECT, INDIREC
      +                          T,
    41                           ; INCIDENTAL, SPECIAL, EXEMPLARY, OR CONSEQUENTIAL DAMAGES (INCLUDING BUT NOT LIMITED TO
    42                           ; PROCUREMENT OF SUBSTITUTE GOODS OR SERVICES; LOSS OF USE, DATA OR PROFITS; OR BUSINESS
    43                           ; INTERRUPTION) HOWSOEVER CAUSED AND ON ANY THEORY OF LIABILITY, WHETHER IN CONTRACT, ST
      +                          RICT
    44                           ; LIABILITY, OR TORT (INCLUDING NEGLIGENCE OR OTHERWISE) ARISING IN ANY WAY OUT OF THE U
      +                          SE OF
    45                           ; THIS SOFTWARE, EVEN IF ADVISED OF THE POSSIBILITY OF SUCH DAMAGE.
    46                           ; 
    47                           ; 
    48                           ; Code-generator required, PIC16F1939 Definitions
    49                           ; 
    50                           ; SFR Addresses
    51  0000                     	;# 
    52  0001                     	;# 
    53  0002                     	;# 
    54  0003                     	;# 
    55  0004                     	;# 
    56  0005                     	;# 
    57  0006                     	;# 
    58  0007                     	;# 
    59  0008                     	;# 
    60  0009                     	;# 
    61  000A                     	;# 
    62  000B                     	;# 
    63  000C                     	;# 
    64  000D                     	;# 
    65  000E                     	;# 
    66  000F                     	;# 
    67  0010                     	;# 
    68  0011                     	;# 
    69  0012                     	;# 
    70  0013                     	;# 
    71  0015                     	;# 
    72  0016                     	;# 
    73  0016                     	;# 
    74  0017                     	;# 
    75  0018                     	;# 
    76  0019                     	;# 
    77  001A                     	;# 
    78  001B                     	;# 
    79  001C                     	;# 
    80  001E                     	;# 
    81  001F                     	;# 
    82  008C                     	;# 
    83  008D                     	;# 
    84  008E                     	;# 
    85  008F                     	;# 
    86  0090                     	;# 
    87  0091                     	;# 
    88  0092                     	;# 
    89  0093                     	;# 
    90  0095                     	;# 
    91  0096                     	;# 
    92  0097                     	;# 
    93  0098                     	;# 
    94  0099                     	;# 
    95  009A                     	;# 
    96  009B                     	;# 
    97  009B                     	;# 
    98  009C                     	;# 
    99  009D                     	;# 
   100  009E                     	;# 
   101  010C                     	;# 
   102  010D                     	;# 
   103  010E                     	;# 
   104  010F                     	;# 
   105  0110                     	;# 
   106  0111                     	;# 
   107  0112                     	;# 
   108  0113                     	;# 
   109  0114                     	;# 
   110  0115                     	;# 
   111  0116                     	;# 
   112  0117                     	;# 
   113  0118                     	;# 
   114  0119                     	;# 
   115  011A                     	;# 
   116  011B                     	;# 
   117  011D                     	;# 
   118  018C                     	;# 
   119  018D                     	;# 
   120  018F                     	;# 
   121  0190                     	;# 
   122  0191                     	;# 
   123  0191                     	;# 
   124  0192                     	;# 
   125  0193                     	;# 
   126  0193                     	;# 
   127  0193                     	;# 
   128  0194                     	;# 
   129  0195                     	;# 
   130  0196                     	;# 
   131  0199                     	;# 
   132  019A                     	;# 
   133  019B                     	;# 
   134  019B                     	;# 
   135  019B                     	;# 
   136  019B                     	;# 
   137  019C                     	;# 
   138  019C                     	;# 
   139  019D                     	;# 
   140  019E                     	;# 
   141  019F                     	;# 
   142  020D                     	;# 
   143  0210                     	;# 
   144  0211                     	;# 
   145  0212                     	;# 
   146  0213                     	;# 
   147  0214                     	;# 
   148  0215                     	;# 
   149  0215                     	;# 
   150  0216                     	;# 
   151  0217                     	;# 
   152  0291                     	;# 
   153  0291                     	;# 
   154  0292                     	;# 
   155  0293                     	;# 
   156  0294                     	;# 
   157  0295                     	;# 
   158  0295                     	;# 
   159  0296                     	;# 
   160  0298                     	;# 
   161  0298                     	;# 
   162  0299                     	;# 
   163  029A                     	;# 
   164  029B                     	;# 
   165  029C                     	;# 
   166  029C                     	;# 
   167  029D                     	;# 
   168  029E                     	;# 
   169  029F                     	;# 
   170  0311                     	;# 
   171  0311                     	;# 
   172  0312                     	;# 
   173  0313                     	;# 
   174  0314                     	;# 
   175  0315                     	;# 
   176  0315                     	;# 
   177  0316                     	;# 
   178  0318                     	;# 
   179  0318                     	;# 
   180  0319                     	;# 
   181  031A                     	;# 
   182  031C                     	;# 
   183  031C                     	;# 
   184  031D                     	;# 
   185  031E                     	;# 
   186  0394                     	;# 
   187  0395                     	;# 
   188  0396                     	;# 
   189  0415                     	;# 
   190  0416                     	;# 
   191  0417                     	;# 
   192  041C                     	;# 
   193  041D                     	;# 
   194  041E                     	;# 
   195  0791                     	;# 
   196  0792                     	;# 
   197  0793                     	;# 
   198  0794                     	;# 
   199  0795                     	;# 
   200  0798                     	;# 
   201  0799                     	;# 
   202  079A                     	;# 
   203  07A0                     	;# 
   204  07A1                     	;# 
   205  07A2                     	;# 
   206  07A3                     	;# 
   207  07A4                     	;# 
   208  07A5                     	;# 
   209  07A6                     	;# 
   210  07A7                     	;# 
   211  07A8                     	;# 
   212  07A9                     	;# 
   213  07AA                     	;# 
   214  07AB                     	;# 
   215  0FE4                     	;# 
   216  0FE5                     	;# 
   217  0FE6                     	;# 
   218  0FE7                     	;# 
   219  0FE8                     	;# 
   220  0FE9                     	;# 
   221  0FEA                     	;# 
   222  0FEB                     	;# 
   223  0FED                     	;# 
   224  0FEE                     	;# 
   225  0FEF                     	;# 
   226  0000                     	;# 
   227  0001                     	;# 
   228  0002                     	;# 
   229  0003                     	;# 
   230  0004                     	;# 
   231  0005                     	;# 
   232  0006                     	;# 
   233  0007                     	;# 
   234  0008                     	;# 
   235  0009                     	;# 
   236  000A                     	;# 
   237  000B                     	;# 
   238  000C                     	;# 
   239  000D                     	;# 
   240  000E                     	;# 
   241  000F                     	;# 
   242  0010                     	;# 
   243  0011                     	;# 
   244  0012                     	;# 
   245  0013                     	;# 
   246  0015                     	;# 
   247  0016                     	;# 
   248  0016                     	;# 
   249  0017                     	;# 
   250  0018                     	;# 
   251  0019                     	;# 
   252  001A                     	;# 
   253  001B                     	;# 
   254  001C                     	;# 
   255  001E                     	;# 
   256  001F                     	;# 
   257  008C                     	;# 
   258  008D                     	;# 
   259  008E                     	;# 
   260  008F                     	;# 
   261  0090                     	;# 
   262  0091                     	;# 
   263  0092                     	;# 
   264  0093                     	;# 
   265  0095                     	;# 
   266  0096                     	;# 
   267  0097                     	;# 
   268  0098                     	;# 
   269  0099                     	;# 
   270  009A                     	;# 
   271  009B                     	;# 
   272  009B                     	;# 
   273  009C                     	;# 
   274  009D                     	;# 
   275  009E                     	;# 
   276  010C                     	;# 
   277  010D                     	;# 
   278  010E                     	;# 
   279  010F                     	;# 
   280  0110                     	;# 
   281  0111                     	;# 
   282  0112                     	;# 
   283  0113                     	;# 
   284  0114                     	;# 
   285  0115                     	;# 
   286  0116                     	;# 
   287  0117                     	;# 
   288  0118                     	;# 
   289  0119                     	;# 
   290  011A                     	;# 
   291  011B                     	;# 
   292  011D                     	;# 
   293  018C                     	;# 
   294  018D                     	;# 
   295  018F                     	;# 
   296  0190                     	;# 
   297  0191                     	;# 
   298  0191                     	;# 
   299  0192                     	;# 
   300  0193                     	;# 
   301  0193                     	;# 
   302  0193                     	;# 
   303  0194                     	;# 
   304  0195                     	;# 
   305  0196                     	;# 
   306  0199                     	;# 
   307  019A                     	;# 
   308  019B                     	;# 
   309  019B                     	;# 
   310  019B                     	;# 
   311  019B                     	;# 
   312  019C                     	;# 
   313  019C                     	;# 
   314  019D                     	;# 
   315  019E                     	;# 
   316  019F                     	;# 
   317  020D                     	;# 
   318  0210                     	;# 
   319  0211                     	;# 
   320  0212                     	;# 
   321  0213                     	;# 
   322  0214                     	;# 
   323  0215                     	;# 
   324  0215                     	;# 
   325  0216                     	;# 
   326  0217                     	;# 
   327  0291                     	;# 
   328  0291                     	;# 
   329  0292                     	;# 
   330  0293                     	;# 
   331  0294                     	;# 
   332  0295                     	;# 
   333  0295                     	;# 
   334  0296                     	;# 
   335  0298                     	;# 
   336  0298                     	;# 
   337  0299                     	;# 
   338  029A                     	;# 
   339  029B                     	;# 
   340  029C                     	;# 
   341  029C                     	;# 
   342  029D                     	;# 
   343  029E                     	;# 
   344  029F                     	;# 
   345  0311                     	;# 
   346  0311                     	;# 
   347  0312                     	;# 
   348  0313                     	;# 
   349  0314                     	;# 
   350  0315                     	;# 
   351  0315                     	;# 
   352  0316                     	;# 
   353  0318                     	;# 
   354  0318                     	;# 
   355  0319                     	;# 
   356  031A                     	;# 
   357  031C                     	;# 
   358  031C                     	;# 
   359  031D                     	;# 
   360  031E                     	;# 
   361  0394                     	;# 
   362  0395                     	;# 
   363  0396                     	;# 
   364  0415                     	;# 
   365  0416                     	;# 
   366  0417                     	;# 
   367  041C                     	;# 
   368  041D                     	;# 
   369  041E                     	;# 
   370  0791                     	;# 
   371  0792                     	;# 
   372  0793                     	;# 
   373  0794                     	;# 
   374  0795                     	;# 
   375  0798                     	;# 
   376  0799                     	;# 
   377  079A                     	;# 
   378  07A0                     	;# 
   379  07A1                     	;# 
   380  07A2                     	;# 
   381  07A3                     	;# 
   382  07A4                     	;# 
   383  07A5                     	;# 
   384  07A6                     	;# 
   385  07A7                     	;# 
   386  07A8                     	;# 
   387  07A9                     	;# 
   388  07AA                     	;# 
   389  07AB                     	;# 
   390  0FE4                     	;# 
   391  0FE5                     	;# 
   392  0FE6                     	;# 
   393  0FE7                     	;# 
   394  0FE8                     	;# 
   395  0FE9                     	;# 
   396  0FEA                     	;# 
   397  0FEB                     	;# 
   398  0FED                     	;# 
   399  0FEE                     	;# 
   400  0FEF                     	;# 
   401  0000                     	;# 
   402  0001                     	;# 
   403  0002                     	;# 
   404  0003                     	;# 
   405  0004                     	;# 
   406  0005                     	;# 
   407  0006                     	;# 
   408  0007                     	;# 
   409  0008                     	;# 
   410  0009                     	;# 
   411  000A                     	;# 
   412  000B                     	;# 
   413  000C                     	;# 
   414  000D                     	;# 
   415  000E                     	;# 
   416  000F                     	;# 
   417  0010                     	;# 
   418  0011                     	;# 
   419  0012                     	;# 
   420  0013                     	;# 
   421  0015                     	;# 
   422  0016                     	;# 
   423  0016                     	;# 
   424  0017                     	;# 
   425  0018                     	;# 
   426  0019                     	;# 
   427  001A                     	;# 
   428  001B                     	;# 
   429  001C                     	;# 
   430  001E                     	;# 
   431  001F                     	;# 
   432  008C                     	;# 
   433  008D                     	;# 
   434  008E                     	;# 
   435  008F                     	;# 
   436  0090                     	;# 
   437  0091                     	;# 
   438  0092                     	;# 
   439  0093                     	;# 
   440  0095                     	;# 
   441  0096                     	;# 
   442  0097                     	;# 
   443  0098                     	;# 
   444  0099                     	;# 
   445  009A                     	;# 
   446  009B                     	;# 
   447  009B                     	;# 
   448  009C                     	;# 
   449  009D                     	;# 
   450  009E                     	;# 
   451  010C                     	;# 
   452  010D                     	;# 
   453  010E                     	;# 
   454  010F                     	;# 
   455  0110                     	;# 
   456  0111                     	;# 
   457  0112                     	;# 
   458  0113                     	;# 
   459  0114                     	;# 
   460  0115                     	;# 
   461  0116                     	;# 
   462  0117                     	;# 
   463  0118                     	;# 
   464  0119                     	;# 
   465  011A                     	;# 
   466  011B                     	;# 
   467  011D                     	;# 
   468  018C                     	;# 
   469  018D                     	;# 
   470  018F                     	;# 
   471  0190                     	;# 
   472  0191                     	;# 
   473  0191                     	;# 
   474  0192                     	;# 
   475  0193                     	;# 
   476  0193                     	;# 
   477  0193                     	;# 
   478  0194                     	;# 
   479  0195                     	;# 
   480  0196                     	;# 
   481  0199                     	;# 
   482  019A                     	;# 
   483  019B                     	;# 
   484  019B                     	;# 
   485  019B                     	;# 
   486  019B                     	;# 
   487  019C                     	;# 
   488  019C                     	;# 
   489  019D                     	;# 
   490  019E                     	;# 
   491  019F                     	;# 
   492  020D                     	;# 
   493  0210                     	;# 
   494  0211                     	;# 
   495  0212                     	;# 
   496  0213                     	;# 
   497  0214                     	;# 
   498  0215                     	;# 
   499  0215                     	;# 
   500  0216                     	;# 
   501  0217                     	;# 
   502  0291                     	;# 
   503  0291                     	;# 
   504  0292                     	;# 
   505  0293                     	;# 
   506  0294                     	;# 
   507  0295                     	;# 
   508  0295                     	;# 
   509  0296                     	;# 
   510  0298                     	;# 
   511  0298                     	;# 
   512  0299                     	;# 
   513  029A                     	;# 
   514  029B                     	;# 
   515  029C                     	;# 
   516  029C                     	;# 
   517  029D                     	;# 
   518  029E                     	;# 
   519  029F                     	;# 
   520  0311                     	;# 
   521  0311                     	;# 
   522  0312                     	;# 
   523  0313                     	;# 
   524  0314                     	;# 
   525  0315                     	;# 
   526  0315                     	;# 
   527  0316                     	;# 
   528  0318                     	;# 
   529  0318                     	;# 
   530  0319                     	;# 
   531  031A                     	;# 
   532  031C                     	;# 
   533  031C                     	;# 
   534  031D                     	;# 
   535  031E                     	;# 
   536  0394                     	;# 
   537  0395                     	;# 
   538  0396                     	;# 
   539  0415                     	;# 
   540  0416                     	;# 
   541  0417                     	;# 
   542  041C                     	;# 
   543  041D                     	;# 
   544  041E                     	;# 
   545  0791                     	;# 
   546  0792                     	;# 
   547  0793                     	;# 
   548  0794                     	;# 
   549  0795                     	;# 
   550  0798                     	;# 
   551  0799                     	;# 
   552  079A                     	;# 
   553  07A0                     	;# 
   554  07A1                     	;# 
   555  07A2                     	;# 
   556  07A3                     	;# 
   557  07A4                     	;# 
   558  07A5                     	;# 
   559  07A6                     	;# 
   560  07A7                     	;# 
   561  07A8                     	;# 
   562  07A9                     	;# 
   563  07AA                     	;# 
   564  07AB                     	;# 
   565  0FE4                     	;# 
   566  0FE5                     	;# 
   567  0FE6                     	;# 
   568  0FE7                     	;# 
   569  0FE8                     	;# 
   570  0FE9                     	;# 
   571  0FEA                     	;# 
   572  0FEB                     	;# 
   573  0FED                     	;# 
   574  0FEE                     	;# 
   575  0FEF                     	;# 
   576  0000                     	;# 
   577  0001                     	;# 
   578  0002                     	;# 
   579  0003                     	;# 
   580  0004                     	;# 
   581  0005                     	;# 
   582  0006                     	;# 
   583  0007                     	;# 
   584  0008                     	;# 
   585  0009                     	;# 
   586  000A                     	;# 
   587  000B                     	;# 
   588  000C                     	;# 
   589  000D                     	;# 
   590  000E                     	;# 
   591  000F                     	;# 
   592  0010                     	;# 
   593  0011                     	;# 
   594  0012                     	;# 
   595  0013                     	;# 
   596  0015                     	;# 
   597  0016                     	;# 
   598  0016                     	;# 
   599  0017                     	;# 
   600  0018                     	;# 
   601  0019                     	;# 
   602  001A                     	;# 
   603  001B                     	;# 
   604  001C                     	;# 
   605  001E                     	;# 
   606  001F                     	;# 
   607  008C                     	;# 
   608  008D                     	;# 
   609  008E                     	;# 
   610  008F                     	;# 
   611  0090                     	;# 
   612  0091                     	;# 
   613  0092                     	;# 
   614  0093                     	;# 
   615  0095                     	;# 
   616  0096                     	;# 
   617  0097                     	;# 
   618  0098                     	;# 
   619  0099                     	;# 
   620  009A                     	;# 
   621  009B                     	;# 
   622  009B                     	;# 
   623  009C                     	;# 
   624  009D                     	;# 
   625  009E                     	;# 
   626  010C                     	;# 
   627  010D                     	;# 
   628  010E                     	;# 
   629  010F                     	;# 
   630  0110                     	;# 
   631  0111                     	;# 
   632  0112                     	;# 
   633  0113                     	;# 
   634  0114                     	;# 
   635  0115                     	;# 
   636  0116                     	;# 
   637  0117                     	;# 
   638  0118                     	;# 
   639  0119                     	;# 
   640  011A                     	;# 
   641  011B                     	;# 
   642  011D                     	;# 
   643  018C                     	;# 
   644  018D                     	;# 
   645  018F                     	;# 
   646  0190                     	;# 
   647  0191                     	;# 
   648  0191                     	;# 
   649  0192                     	;# 
   650  0193                     	;# 
   651  0193                     	;# 
   652  0193                     	;# 
   653  0194                     	;# 
   654  0195                     	;# 
   655  0196                     	;# 
   656  0199                     	;# 
   657  019A                     	;# 
   658  019B                     	;# 
   659  019B                     	;# 
   660  019B                     	;# 
   661  019B                     	;# 
   662  019C                     	;# 
   663  019C                     	;# 
   664  019D                     	;# 
   665  019E                     	;# 
   666  019F                     	;# 
   667  020D                     	;# 
   668  0210                     	;# 
   669  0211                     	;# 
   670  0212                     	;# 
   671  0213                     	;# 
   672  0214                     	;# 
   673  0215                     	;# 
   674  0215                     	;# 
   675  0216                     	;# 
   676  0217                     	;# 
   677  0291                     	;# 
   678  0291                     	;# 
   679  0292                     	;# 
   680  0293                     	;# 
   681  0294                     	;# 
   682  0295                     	;# 
   683  0295                     	;# 
   684  0296                     	;# 
   685  0298                     	;# 
   686  0298                     	;# 
   687  0299                     	;# 
   688  029A                     	;# 
   689  029B                     	;# 
   690  029C                     	;# 
   691  029C                     	;# 
   692  029D                     	;# 
   693  029E                     	;# 
   694  029F                     	;# 
   695  0311                     	;# 
   696  0311                     	;# 
   697  0312                     	;# 
   698  0313                     	;# 
   699  0314                     	;# 
   700  0315                     	;# 
   701  0315                     	;# 
   702  0316                     	;# 
   703  0318                     	;# 
   704  0318                     	;# 
   705  0319                     	;# 
   706  031A                     	;# 
   707  031C                     	;# 
   708  031C                     	;# 
   709  031D                     	;# 
   710  031E                     	;# 
   711  0394                     	;# 
   712  0395                     	;# 
   713  0396                     	;# 
   714  0415                     	;# 
   715  0416                     	;# 
   716  0417                     	;# 
   717  041C                     	;# 
   718  041D                     	;# 
   719  041E                     	;# 
   720  0791                     	;# 
   721  0792                     	;# 
   722  0793                     	;# 
   723  0794                     	;# 
   724  0795                     	;# 
   725  0798                     	;# 
   726  0799                     	;# 
   727  079A                     	;# 
   728  07A0                     	;# 
   729  07A1                     	;# 
   730  07A2                     	;# 
   731  07A3                     	;# 
   732  07A4                     	;# 
   733  07A5                     	;# 
   734  07A6                     	;# 
   735  07A7                     	;# 
   736  07A8                     	;# 
   737  07A9                     	;# 
   738  07AA                     	;# 
   739  07AB                     	;# 
   740  0FE4                     	;# 
   741  0FE5                     	;# 
   742  0FE6                     	;# 
   743  0FE7                     	;# 
   744  0FE8                     	;# 
   745  0FE9                     	;# 
   746  0FEA                     	;# 
   747  0FEB                     	;# 
   748  0FED                     	;# 
   749  0FEE                     	;# 
   750  0FEF                     	;# 
   751  000C                     _PORTA	set	12
   752  000C                     _PORTAbits	set	12
   753  0095                     _OPTION_REGbits	set	149
   754  008F                     _TRISD	set	143
   755  008E                     _TRISC	set	142
   756  008D                     _TRISB	set	141
   757  008C                     _TRISA	set	140
   758  0090                     _TRISE	set	144
   759  0097                     _WDTCON	set	151
   760  0098                     _OSCTUNE	set	152
   761  0099                     _OSCCON	set	153
   762  04D6                     _PLLR	set	1238
   763  011D                     _APFCON	set	285
   764  010E                     _LATC	set	270
   765  010D                     _LATB	set	269
   766  010C                     _LATA	set	268
   767  010F                     _LATD	set	271
   768  0110                     _LATE	set	272
   769  0116                     _BORCON	set	278
   770  018C                     _ANSELA	set	396
   771  0190                     _ANSELE	set	400
   772  018D                     _ANSELB	set	397
   773  018F                     _ANSELD	set	399
   774  020D                     _WPUB	set	525
   775  0210                     _WPUE	set	528
   776                           
   777                           	psect	cinit
   778  07FB                     start_initialization:	
   779                           ; #config settings
   780                           
   781  07FB                     __initialization:
   782                           
   783                           ; Clear objects allocated to COMMON
   784  07FB  01F0               	clrf	__pbssCOMMON& (0+127)
   785  07FC  01F1               	clrf	(__pbssCOMMON+1)& (0+127)
   786  07FD                     end_of_initialization:	
   787                           ;End of C runtime variable initialization code
   788                           
   789  07FD                     __end_of__initialization:
   790  07FD  0020               	movlb	0
   791  07FE  3187  2FC3         	ljmp	_main	;jump to C main() function
   792                           
   793                           	psect	bssCOMMON
   794  0070                     __pbssCOMMON:
   795  0070                     _contador:
   796  0070                     	ds	2
   797                           
   798                           	psect	cstackCOMMON
   799  0000                     __pcstackCOMMON:
   800  0000                     ?_SYSTEM_Initialize:
   801  0000                     ??_SYSTEM_Initialize:	
   802                           ; 1 bytes @ 0x0
   803                           
   804  0000                     ?_PIN_MANAGER_Initialize:	
   805                           ; 1 bytes @ 0x0
   806                           
   807  0000                     ??_PIN_MANAGER_Initialize:	
   808                           ; 1 bytes @ 0x0
   809                           
   810  0000                     ?_OSCILLATOR_Initialize:	
   811                           ; 1 bytes @ 0x0
   812                           
   813  0000                     ??_OSCILLATOR_Initialize:	
   814                           ; 1 bytes @ 0x0
   815                           
   816  0000                     ?_WDT_Initialize:	
   817                           ; 1 bytes @ 0x0
   818                           
   819  0000                     ??_WDT_Initialize:	
   820                           ; 1 bytes @ 0x0
   821                           
   822  0000                     ?_main:	
   823                           ; 1 bytes @ 0x0
   824                           
   825  0000                     ??_main:	
   826                           ; 1 bytes @ 0x0
   827                           
   828                           
   829                           	psect	maintext
   830  07C3                     __pmaintext:	
   831                           ; 1 bytes @ 0x0
   832 ;;
   833 ;;Main: autosize = 0, tempsize = 0, incstack = 0, save=0
   834 ;;
   835 ;; *************** function _main *****************
   836 ;; Defined at:
   837 ;;		line 7 in file "main.c"
   838 ;; Parameters:    Size  Location     Type
   839 ;;		None
   840 ;; Auto vars:     Size  Location     Type
   841 ;;		None
   842 ;; Return value:  Size  Location     Type
   843 ;;                  1    wreg      void 
   844 ;; Registers used:
   845 ;;		wreg, status,2, status,0, pclath, cstack
   846 ;; Tracked objects:
   847 ;;		On entry : B1F/0
   848 ;;		On exit  : 0/0
   849 ;;		Unchanged: 0/0
   850 ;; Data sizes:     COMMON   BANK0   BANK1   BANK2   BANK3   BANK4   BANK5   BANK6   BANK7   BANK8   BANK9  BANK10  BANK1
      +1  BANK12
   851 ;;      Params:         0       0       0       0       0       0       0       0       0       0       0       0       
      +0       0
   852 ;;      Locals:         0       0       0       0       0       0       0       0       0       0       0       0       
      +0       0
   853 ;;      Temps:          0       0       0       0       0       0       0       0       0       0       0       0       
      +0       0
   854 ;;      Totals:         0       0       0       0       0       0       0       0       0       0       0       0       
      +0       0
   855 ;;Total ram usage:        0 bytes
   856 ;; Hardware stack levels required when called: 2
   857 ;; This function calls:
   858 ;;		_SYSTEM_Initialize
   859 ;; This function is called by:
   860 ;;		Startup code after reset
   861 ;; This function uses a non-reentrant model
   862 ;;
   863                           
   864  07C3                     _main:	
   865                           ;psect for function _main
   866                           
   867  07C3                     l736:	
   868                           ;incstack = 0
   869                           ; Regs used in _main: [wreg+status,2+status,0+pclath+cstack]
   870                           
   871                           
   872                           ;main.c: 10:     SYSTEM_Initialize();
   873  07C3  3187  27AD  3187   	fcall	_SYSTEM_Initialize
   874  07C6                     l738:
   875                           
   876                           ;main.c: 13:     {;main.c: 14:         if( PORTAbits.RA4 == 0 ){
   877  07C6  0020               	movlb	0	; select bank0
   878  07C7  1A0C               	btfsc	12,4	;volatile
   879  07C8  2FCA               	goto	u21
   880  07C9  2FCB               	goto	u20
   881  07CA                     u21:
   882  07CA  2FD3               	goto	l744
   883  07CB                     u20:
   884  07CB                     l15:
   885  07CB  1E0C               	btfss	12,4	;volatile
   886  07CC  2FCE               	goto	u31
   887  07CD  2FCF               	goto	u30
   888  07CE                     u31:
   889  07CE  2FCB               	goto	l15
   890  07CF                     u30:
   891  07CF                     l742:
   892                           
   893                           ;main.c: 16:             contador++;
   894  07CF  3001               	movlw	1
   895  07D0  07F0               	addwf	_contador,f
   896  07D1  3000               	movlw	0
   897  07D2  3DF1               	addwfc	_contador+1,f
   898  07D3                     l744:
   899                           
   900                           ;main.c: 19:         PORTA = contador & 0x0F;
   901  07D3  0870               	movf	_contador,w
   902  07D4  390F               	andlw	15
   903  07D5  008C               	movwf	12	;volatile
   904  07D6  2FC6               	goto	l738
   905  07D7  3180  2802         	ljmp	start
   906  07D9                     __end_of_main:
   907                           
   908                           	psect	text1
   909  07AD                     __ptext1:	
   910 ;; *************** function _SYSTEM_Initialize *****************
   911 ;; Defined at:
   912 ;;		line 50 in file "mcc_generated_files/mcc.c"
   913 ;; Parameters:    Size  Location     Type
   914 ;;		None
   915 ;; Auto vars:     Size  Location     Type
   916 ;;		None
   917 ;; Return value:  Size  Location     Type
   918 ;;                  1    wreg      void 
   919 ;; Registers used:
   920 ;;		wreg, status,2, status,0, pclath, cstack
   921 ;; Tracked objects:
   922 ;;		On entry : 0/0
   923 ;;		On exit  : 0/0
   924 ;;		Unchanged: 0/0
   925 ;; Data sizes:     COMMON   BANK0   BANK1   BANK2   BANK3   BANK4   BANK5   BANK6   BANK7   BANK8   BANK9  BANK10  BANK1
      +1  BANK12
   926 ;;      Params:         0       0       0       0       0       0       0       0       0       0       0       0       
      +0       0
   927 ;;      Locals:         0       0       0       0       0       0       0       0       0       0       0       0       
      +0       0
   928 ;;      Temps:          0       0       0       0       0       0       0       0       0       0       0       0       
      +0       0
   929 ;;      Totals:         0       0       0       0       0       0       0       0       0       0       0       0       
      +0       0
   930 ;;Total ram usage:        0 bytes
   931 ;; Hardware stack levels used: 1
   932 ;; Hardware stack levels required when called: 1
   933 ;; This function calls:
   934 ;;		_OSCILLATOR_Initialize
   935 ;;		_PIN_MANAGER_Initialize
   936 ;;		_WDT_Initialize
   937 ;; This function is called by:
   938 ;;		_main
   939 ;; This function uses a non-reentrant model
   940 ;;
   941                           
   942  07AD                     _SYSTEM_Initialize:	
   943                           ;psect for function _SYSTEM_Initialize
   944                           
   945  07AD                     l734:	
   946                           ;incstack = 0
   947                           ; Regs used in _SYSTEM_Initialize: [wreg+status,2+status,0+pclath+cstack]
   948                           
   949                           
   950                           ;mcc_generated_files/mcc.c: 53:     PIN_MANAGER_Initialize();
   951  07AD  3187  27D9  3187   	fcall	_PIN_MANAGER_Initialize
   952                           
   953                           ;mcc_generated_files/mcc.c: 54:     OSCILLATOR_Initialize();
   954  07B0  3187  27B7  3187   	fcall	_OSCILLATOR_Initialize
   955                           
   956                           ;mcc_generated_files/mcc.c: 55:     WDT_Initialize();
   957  07B3  3187  27A9  3187   	fcall	_WDT_Initialize
   958  07B6                     l39:
   959  07B6  0008               	return
   960  07B7                     __end_of_SYSTEM_Initialize:
   961                           
   962                           	psect	text2
   963  07A9                     __ptext2:	
   964 ;; *************** function _WDT_Initialize *****************
   965 ;; Defined at:
   966 ;;		line 72 in file "mcc_generated_files/mcc.c"
   967 ;; Parameters:    Size  Location     Type
   968 ;;		None
   969 ;; Auto vars:     Size  Location     Type
   970 ;;		None
   971 ;; Return value:  Size  Location     Type
   972 ;;                  1    wreg      void 
   973 ;; Registers used:
   974 ;;		wreg
   975 ;; Tracked objects:
   976 ;;		On entry : 0/0
   977 ;;		On exit  : 0/0
   978 ;;		Unchanged: 0/0
   979 ;; Data sizes:     COMMON   BANK0   BANK1   BANK2   BANK3   BANK4   BANK5   BANK6   BANK7   BANK8   BANK9  BANK10  BANK1
      +1  BANK12
   980 ;;      Params:         0       0       0       0       0       0       0       0       0       0       0       0       
      +0       0
   981 ;;      Locals:         0       0       0       0       0       0       0       0       0       0       0       0       
      +0       0
   982 ;;      Temps:          0       0       0       0       0       0       0       0       0       0       0       0       
      +0       0
   983 ;;      Totals:         0       0       0       0       0       0       0       0       0       0       0       0       
      +0       0
   984 ;;Total ram usage:        0 bytes
   985 ;; Hardware stack levels used: 1
   986 ;; This function calls:
   987 ;;		Nothing
   988 ;; This function is called by:
   989 ;;		_SYSTEM_Initialize
   990 ;; This function uses a non-reentrant model
   991 ;;
   992                           
   993  07A9                     _WDT_Initialize:	
   994                           ;psect for function _WDT_Initialize
   995                           
   996  07A9                     l732:	
   997                           ;incstack = 0
   998                           ; Regs used in _WDT_Initialize: [wreg]
   999                           
  1000                           
  1001                           ;mcc_generated_files/mcc.c: 75:     WDTCON = 0x16;
  1002  07A9  3016               	movlw	22
  1003  07AA  0021               	movlb	1	; select bank1
  1004  07AB  0097               	movwf	23	;volatile
  1005  07AC                     l48:
  1006  07AC  0008               	return
  1007  07AD                     __end_of_WDT_Initialize:
  1008                           
  1009                           	psect	text3
  1010  07D9                     __ptext3:	
  1011 ;; *************** function _PIN_MANAGER_Initialize *****************
  1012 ;; Defined at:
  1013 ;;		line 55 in file "mcc_generated_files/pin_manager.c"
  1014 ;; Parameters:    Size  Location     Type
  1015 ;;		None
  1016 ;; Auto vars:     Size  Location     Type
  1017 ;;		None
  1018 ;; Return value:  Size  Location     Type
  1019 ;;                  1    wreg      void 
  1020 ;; Registers used:
  1021 ;;		wreg, status,2
  1022 ;; Tracked objects:
  1023 ;;		On entry : 0/0
  1024 ;;		On exit  : 0/0
  1025 ;;		Unchanged: 0/0
  1026 ;; Data sizes:     COMMON   BANK0   BANK1   BANK2   BANK3   BANK4   BANK5   BANK6   BANK7   BANK8   BANK9  BANK10  BANK1
      +1  BANK12
  1027 ;;      Params:         0       0       0       0       0       0       0       0       0       0       0       0       
      +0       0
  1028 ;;      Locals:         0       0       0       0       0       0       0       0       0       0       0       0       
      +0       0
  1029 ;;      Temps:          0       0       0       0       0       0       0       0       0       0       0       0       
      +0       0
  1030 ;;      Totals:         0       0       0       0       0       0       0       0       0       0       0       0       
      +0       0
  1031 ;;Total ram usage:        0 bytes
  1032 ;; Hardware stack levels used: 1
  1033 ;; This function calls:
  1034 ;;		Nothing
  1035 ;; This function is called by:
  1036 ;;		_SYSTEM_Initialize
  1037 ;; This function uses a non-reentrant model
  1038 ;;
  1039                           
  1040  07D9                     _PIN_MANAGER_Initialize:	
  1041                           ;psect for function _PIN_MANAGER_Initialize
  1042                           
  1043  07D9                     l698:	
  1044                           ;incstack = 0
  1045                           ; Regs used in _PIN_MANAGER_Initialize: [wreg+status,2]
  1046                           
  1047                           
  1048                           ;mcc_generated_files/pin_manager.c: 60:     LATE = 0x00;
  1049  07D9  0022               	movlb	2	; select bank2
  1050  07DA  0190               	clrf	16	;volatile
  1051                           
  1052                           ;mcc_generated_files/pin_manager.c: 61:     LATD = 0x00;
  1053  07DB  018F               	clrf	15	;volatile
  1054                           
  1055                           ;mcc_generated_files/pin_manager.c: 62:     LATA = 0x00;
  1056  07DC  018C               	clrf	12	;volatile
  1057                           
  1058                           ;mcc_generated_files/pin_manager.c: 63:     LATB = 0x00;
  1059  07DD  018D               	clrf	13	;volatile
  1060                           
  1061                           ;mcc_generated_files/pin_manager.c: 64:     LATC = 0x00;
  1062  07DE  018E               	clrf	14	;volatile
  1063  07DF                     l700:
  1064                           
  1065                           ;mcc_generated_files/pin_manager.c: 69:     TRISE = 0x0F;
  1066  07DF  300F               	movlw	15
  1067  07E0  0021               	movlb	1	; select bank1
  1068  07E1  0090               	movwf	16	;volatile
  1069  07E2                     l702:
  1070                           
  1071                           ;mcc_generated_files/pin_manager.c: 70:     TRISA = 0xF0;
  1072  07E2  30F0               	movlw	240
  1073  07E3  008C               	movwf	12	;volatile
  1074  07E4                     l704:
  1075                           
  1076                           ;mcc_generated_files/pin_manager.c: 71:     TRISB = 0xFF;
  1077  07E4  30FF               	movlw	255
  1078  07E5  008D               	movwf	13	;volatile
  1079  07E6                     l706:
  1080                           
  1081                           ;mcc_generated_files/pin_manager.c: 72:     TRISC = 0xFF;
  1082  07E6  30FF               	movlw	255
  1083  07E7  008E               	movwf	14	;volatile
  1084  07E8                     l708:
  1085                           
  1086                           ;mcc_generated_files/pin_manager.c: 73:     TRISD = 0xFF;
  1087  07E8  30FF               	movlw	255
  1088  07E9  008F               	movwf	15	;volatile
  1089  07EA                     l710:
  1090                           
  1091                           ;mcc_generated_files/pin_manager.c: 78:     ANSELD = 0xFF;
  1092  07EA  30FF               	movlw	255
  1093  07EB  0023               	movlb	3	; select bank3
  1094  07EC  008F               	movwf	15	;volatile
  1095  07ED                     l712:
  1096                           
  1097                           ;mcc_generated_files/pin_manager.c: 79:     ANSELB = 0x3F;
  1098  07ED  303F               	movlw	63
  1099  07EE  008D               	movwf	13	;volatile
  1100  07EF                     l714:
  1101                           
  1102                           ;mcc_generated_files/pin_manager.c: 80:     ANSELE = 0x07;
  1103  07EF  3007               	movlw	7
  1104  07F0  0090               	movwf	16	;volatile
  1105  07F1                     l716:
  1106                           
  1107                           ;mcc_generated_files/pin_manager.c: 81:     ANSELA = 0x20;
  1108  07F1  3020               	movlw	32
  1109  07F2  008C               	movwf	12	;volatile
  1110  07F3                     l718:
  1111                           
  1112                           ;mcc_generated_files/pin_manager.c: 86:     WPUE = 0x00;
  1113  07F3  0024               	movlb	4	; select bank4
  1114  07F4  0190               	clrf	16	;volatile
  1115  07F5                     l720:
  1116                           
  1117                           ;mcc_generated_files/pin_manager.c: 87:     WPUB = 0x00;
  1118  07F5  018D               	clrf	13	;volatile
  1119  07F6                     l722:
  1120                           
  1121                           ;mcc_generated_files/pin_manager.c: 88:     OPTION_REGbits.nWPUEN = 1;
  1122  07F6  0021               	movlb	1	; select bank1
  1123  07F7  1795               	bsf	21,7	;volatile
  1124  07F8                     l724:
  1125                           
  1126                           ;mcc_generated_files/pin_manager.c: 94:     APFCON = 0x00;
  1127  07F8  0022               	movlb	2	; select bank2
  1128  07F9  019D               	clrf	29	;volatile
  1129  07FA                     l87:
  1130  07FA  0008               	return
  1131  07FB                     __end_of_PIN_MANAGER_Initialize:
  1132                           
  1133                           	psect	text4
  1134  07B7                     __ptext4:	
  1135 ;; *************** function _OSCILLATOR_Initialize *****************
  1136 ;; Defined at:
  1137 ;;		line 58 in file "mcc_generated_files/mcc.c"
  1138 ;; Parameters:    Size  Location     Type
  1139 ;;		None
  1140 ;; Auto vars:     Size  Location     Type
  1141 ;;		None
  1142 ;; Return value:  Size  Location     Type
  1143 ;;                  1    wreg      void 
  1144 ;; Registers used:
  1145 ;;		wreg, status,2
  1146 ;; Tracked objects:
  1147 ;;		On entry : 0/0
  1148 ;;		On exit  : 0/0
  1149 ;;		Unchanged: 0/0
  1150 ;; Data sizes:     COMMON   BANK0   BANK1   BANK2   BANK3   BANK4   BANK5   BANK6   BANK7   BANK8   BANK9  BANK10  BANK1
      +1  BANK12
  1151 ;;      Params:         0       0       0       0       0       0       0       0       0       0       0       0       
      +0       0
  1152 ;;      Locals:         0       0       0       0       0       0       0       0       0       0       0       0       
      +0       0
  1153 ;;      Temps:          0       0       0       0       0       0       0       0       0       0       0       0       
      +0       0
  1154 ;;      Totals:         0       0       0       0       0       0       0       0       0       0       0       0       
      +0       0
  1155 ;;Total ram usage:        0 bytes
  1156 ;; Hardware stack levels used: 1
  1157 ;; This function calls:
  1158 ;;		Nothing
  1159 ;; This function is called by:
  1160 ;;		_SYSTEM_Initialize
  1161 ;; This function uses a non-reentrant model
  1162 ;;
  1163                           
  1164  07B7                     _OSCILLATOR_Initialize:	
  1165                           ;psect for function _OSCILLATOR_Initialize
  1166                           
  1167  07B7                     l726:	
  1168                           ;incstack = 0
  1169                           ; Regs used in _OSCILLATOR_Initialize: [wreg+status,2]
  1170                           
  1171                           
  1172                           ;mcc_generated_files/mcc.c: 61:     OSCCON = 0x70;
  1173  07B7  3070               	movlw	112
  1174  07B8  0021               	movlb	1	; select bank1
  1175  07B9  0099               	movwf	25	;volatile
  1176  07BA                     l728:
  1177                           
  1178                           ;mcc_generated_files/mcc.c: 63:     OSCTUNE = 0x00;
  1179  07BA  0198               	clrf	24	;volatile
  1180  07BB                     l730:
  1181                           
  1182                           ;mcc_generated_files/mcc.c: 65:     BORCON = 0x00;
  1183  07BB  0022               	movlb	2	; select bank2
  1184  07BC  0196               	clrf	22	;volatile
  1185  07BD                     l42:	
  1186                           ;mcc_generated_files/mcc.c: 68:     {;mcc_generated_files/mcc.c: 69:     }
  1187                           
  1188                           
  1189                           ;mcc_generated_files/mcc.c: 67:     while(PLLR == 0)
  1190  07BD  0021               	movlb	1	; select bank1
  1191  07BE  1F1A               	btfss	26,6	;volatile
  1192  07BF  2FC1               	goto	u11
  1193  07C0  2FC2               	goto	u10
  1194  07C1                     u11:
  1195  07C1  2FBD               	goto	l42
  1196  07C2                     u10:
  1197  07C2                     l45:
  1198  07C2  0008               	return
  1199  07C3                     __end_of_OSCILLATOR_Initialize:
  1200  007E                     btemp	set	126	;btemp
  1201  007E                     wtemp0	set	126
  1202                           
  1203                           	psect	idloc
  1204                           
  1205                           ;Config register IDLOC0 @ 0x8000
  1206                           ;	unspecified, using default values
  1207  8000                     	org	32768
  1208  8000  3FFF               	dw	16383
  1209                           
  1210                           ;Config register IDLOC1 @ 0x8001
  1211                           ;	unspecified, using default values
  1212  8001                     	org	32769
  1213  8001  3FFF               	dw	16383
  1214                           
  1215                           ;Config register IDLOC2 @ 0x8002
  1216                           ;	unspecified, using default values
  1217  8002                     	org	32770
  1218  8002  3FFF               	dw	16383
  1219                           
  1220                           ;Config register IDLOC3 @ 0x8003
  1221                           ;	unspecified, using default values
  1222  8003                     	org	32771
  1223  8003  3FFF               	dw	16383
  1224                           
  1225                           	psect	config
  1226                           
  1227                           ;Config register CONFIG1 @ 0x8007
  1228                           ;	Oscillator Selection
  1229                           ;	FOSC = INTOSC, INTOSC oscillator: I/O function on CLKIN pin
  1230                           ;	Watchdog Timer Enable
  1231                           ;	WDTE = OFF, WDT disabled
  1232                           ;	Power-up Timer Enable
  1233                           ;	PWRTE = OFF, PWRT disabled
  1234                           ;	MCLR Pin Function Select
  1235                           ;	MCLRE = ON, MCLR/VPP pin function is MCLR
  1236                           ;	Flash Program Memory Code Protection
  1237                           ;	CP = OFF, Program memory code protection is disabled
  1238                           ;	Data Memory Code Protection
  1239                           ;	CPD = OFF, Data memory code protection is disabled
  1240                           ;	Brown-out Reset Enable
  1241                           ;	BOREN = ON, Brown-out Reset enabled
  1242                           ;	Clock Out Enable
  1243                           ;	CLKOUTEN = OFF, CLKOUT function is disabled. I/O or oscillator function on the CLKOUT 
      +                          pin
  1244                           ;	Internal/External Switchover
  1245                           ;	IESO = ON, Internal/External Switchover mode is enabled
  1246                           ;	Fail-Safe Clock Monitor Enable
  1247                           ;	FCMEN = ON, Fail-Safe Clock Monitor is enabled
  1248  8007                     	org	32775
  1249  8007  3FE4               	dw	16356
  1250                           
  1251                           ;Config register CONFIG2 @ 0x8008
  1252                           ;	Flash Memory Self-Write Protection
  1253                           ;	WRT = OFF, Write protection off
  1254                           ;	Voltage Regulator Capacitor Enable
  1255                           ;	VCAPEN = OFF, All VCAP pin functionality is disabled
  1256                           ;	PLL Enable
  1257                           ;	PLLEN = ON, 4x PLL enabled
  1258                           ;	Stack Overflow/Underflow Reset Enable
  1259                           ;	STVREN = ON, Stack Overflow or Underflow will cause a Reset
  1260                           ;	Brown-out Reset Voltage Selection
  1261                           ;	BORV = LO, Brown-out Reset Voltage (Vbor), low trip point selected.
  1262                           ;	Low-Voltage Programming Enable
  1263                           ;	LVP = ON, Low-voltage programming enabled
  1264  8008                     	org	32776
  1265  8008  3FFF               	dw	16383

Data Sizes:
    Strings     0
    Constant    0
    Data        0
    BSS         2
    Persistent  32
    Stack       0

Auto Spaces:
    Space          Size  Autos    Used
    COMMON           14      0       2
    BANK0            80      0       0
    BANK1            80      0       0
    BANK2            80      0       0
    BANK3            80      0       0
    BANK4            80      0       0
    BANK5            80      0       0
    BANK6            80      0       0
    BANK7            80      0       0
    BANK8            80      0       0
    BANK9            80      0       0
    BANK10           80      0       0
    BANK11           80      0       0
    BANK12           48      0       0

Pointer List with Targets:

    None.

Critical Paths under _main in COMMON

    None.

Critical Paths under _main in BANK0

    None.

Critical Paths under _main in BANK1

    None.

Critical Paths under _main in BANK2

    None.

Critical Paths under _main in BANK3

    None.

Critical Paths under _main in BANK4

    None.

Critical Paths under _main in BANK5

    None.

Critical Paths under _main in BANK6

    None.

Critical Paths under _main in BANK7

    None.

Critical Paths under _main in BANK8

    None.

Critical Paths under _main in BANK9

    None.

Critical Paths under _main in BANK10

    None.

Critical Paths under _main in BANK11

    None.

Critical Paths under _main in BANK12

    None.

Call Graph Tables:

 ---------------------------------------------------------------------------------
 (Depth) Function   	        Calls       Base Space   Used Autos Params    Refs
 ---------------------------------------------------------------------------------
 (0) _main                                                 0     0      0       0
                  _SYSTEM_Initialize
 ---------------------------------------------------------------------------------
 (1) _SYSTEM_Initialize                                    0     0      0       0
              _OSCILLATOR_Initialize
             _PIN_MANAGER_Initialize
                     _WDT_Initialize
 ---------------------------------------------------------------------------------
 (2) _WDT_Initialize                                       0     0      0       0
 ---------------------------------------------------------------------------------
 (2) _PIN_MANAGER_Initialize                               0     0      0       0
 ---------------------------------------------------------------------------------
 (2) _OSCILLATOR_Initialize                                0     0      0       0
 ---------------------------------------------------------------------------------
 Estimated maximum stack depth 2
 ---------------------------------------------------------------------------------

 Call Graph Graphs:

 _main (ROOT)
   _SYSTEM_Initialize
     _OSCILLATOR_Initialize
     _PIN_MANAGER_Initialize
     _WDT_Initialize

 Address spaces:
Name               Size   Autos  Total    Cost      Usage
BIGRAM             3F0      0       0       0        0.0%
EEDATA             100      0       0       0        0.0%
NULL                 0      0       0       0        0.0%
CODE                 0      0       0       0        0.0%
BITCOMMON            E      0       0       1        0.0%
BITSFR0              0      0       0       1        0.0%
SFR0                 0      0       0       1        0.0%
COMMON               E      0       2       2       14.3%
BITSFR1              0      0       0       2        0.0%
SFR1                 0      0       0       2        0.0%
BITSFR2              0      0       0       3        0.0%
SFR2                 0      0       0       3        0.0%
STACK                0      0       0       3        0.0%
BITBANK0            50      0       0       4        0.0%
BITSFR3              0      0       0       4        0.0%
SFR3                 0      0       0       4        0.0%
BANK0               50      0       0       5        0.0%
BITSFR4              0      0       0       5        0.0%
SFR4                 0      0       0       5        0.0%
BITBANK1            50      0       0       6        0.0%
BITSFR5              0      0       0       6        0.0%
SFR5                 0      0       0       6        0.0%
BANK1               50      0       0       7        0.0%
BITSFR6              0      0       0       7        0.0%
SFR6                 0      0       0       7        0.0%
BITBANK2            50      0       0       8        0.0%
BITSFR7              0      0       0       8        0.0%
SFR7                 0      0       0       8        0.0%
BANK2               50      0       0       9        0.0%
BITSFR8              0      0       0       9        0.0%
SFR8                 0      0       0       9        0.0%
BITBANK3            50      0       0      10        0.0%
BITSFR9              0      0       0      10        0.0%
SFR9                 0      0       0      10        0.0%
BANK3               50      0       0      11        0.0%
BITSFR10             0      0       0      11        0.0%
SFR10                0      0       0      11        0.0%
BITBANK4            50      0       0      12        0.0%
BITSFR11             0      0       0      12        0.0%
SFR11                0      0       0      12        0.0%
BANK4               50      0       0      13        0.0%
BITSFR12             0      0       0      13        0.0%
SFR12                0      0       0      13        0.0%
BITBANK5            50      0       0      14        0.0%
BITSFR13             0      0       0      14        0.0%
SFR13                0      0       0      14        0.0%
BANK5               50      0       0      15        0.0%
BITSFR14             0      0       0      15        0.0%
SFR14                0      0       0      15        0.0%
BITBANK6            50      0       0      16        0.0%
BITSFR15             0      0       0      16        0.0%
SFR15                0      0       0      16        0.0%
BANK6               50      0       0      17        0.0%
BITSFR16             0      0       0      17        0.0%
SFR16                0      0       0      17        0.0%
BITBANK7            50      0       0      18        0.0%
BITSFR17             0      0       0      18        0.0%
SFR17                0      0       0      18        0.0%
BANK7               50      0       0      19        0.0%
BITSFR18             0      0       0      19        0.0%
SFR18                0      0       0      19        0.0%
BITSFR19             0      0       0      20        0.0%
SFR19                0      0       0      20        0.0%
ABS                  0      0       2      20        0.0%
BITBANK8            50      0       0      21        0.0%
BITSFR20             0      0       0      21        0.0%
SFR20                0      0       0      21        0.0%
BANK8               50      0       0      22        0.0%
BITSFR21             0      0       0      22        0.0%
SFR21                0      0       0      22        0.0%
BITBANK9            50      0       0      23        0.0%
BITSFR22             0      0       0      23        0.0%
SFR22                0      0       0      23        0.0%
BANK9               50      0       0      24        0.0%
BITSFR23             0      0       0      24        0.0%
SFR23                0      0       0      24        0.0%
BITBANK10           50      0       0      25        0.0%
BITSFR24             0      0       0      25        0.0%
SFR24                0      0       0      25        0.0%
BANK10              50      0       0      26        0.0%
BITSFR25             0      0       0      26        0.0%
SFR25                0      0       0      26        0.0%
BITBANK11           50      0       0      27        0.0%
BITSFR26             0      0       0      27        0.0%
SFR26                0      0       0      27        0.0%
BANK11              50      0       0      28        0.0%
BITSFR27             0      0       0      28        0.0%
SFR27                0      0       0      28        0.0%
BITBANK12           30      0       0      29        0.0%
BITSFR28             0      0       0      29        0.0%
SFR28                0      0       0      29        0.0%
BANK12              30      0       0      30        0.0%
BITSFR29             0      0       0      30        0.0%
SFR29                0      0       0      30        0.0%
BITSFR30             0      0       0      31        0.0%
SFR30                0      0       0      31        0.0%
DATA                 0      0       2      31        0.0%
BITSFR31             0      0       0      32        0.0%
SFR31                0      0       0      32        0.0%


Microchip Technology PIC Macro Assembler V2.36 build 20220127204148 
Symbol Table                                                                                   Sat Mar 11 20:25:46 2023

                            l15 07CB                              l42 07BD                              l45 07C2  
                            l39 07B6                              l48 07AC                              l87 07FA  
                            u10 07C2                              u11 07C1                              u20 07CB  
                            u21 07CA                              u30 07CF                              u31 07CE  
                           l700 07DF                             l710 07EA                             l702 07E2  
                           l720 07F5                             l712 07ED                             l704 07E4  
                           l730 07BB                             l722 07F6                             l714 07EF  
                           l706 07E6                             l724 07F8                             l716 07F1  
                           l708 07E8                             l732 07A9                             l726 07B7  
                           l718 07F3                             l734 07AD                             l742 07CF  
                           l728 07BA                             l744 07D3                             l736 07C3  
                           l738 07C6                             l698 07D9                            _LATA 010C  
                          _LATB 010D                            _LATC 010E                            _LATD 010F  
                          _LATE 0110                            _PLLR 04D6                            _WPUB 020D  
                          _WPUE 0210                            _main 07C3                            btemp 007E  
                          start 0002   __end_of_OSCILLATOR_Initialize 07C3                           ?_main 0000  
                         _PORTA 000C                           _TRISA 008C                           _TRISB 008D  
                         _TRISC 008E                           _TRISD 008F                           _TRISE 0090  
                _WDT_Initialize 07A9                           wtemp0 007E                 __initialization 07FB  
                  __end_of_main 07D9                          ??_main 0000          __end_of_WDT_Initialize 07AD  
                        _APFCON 011D                          _ANSELA 018C                          _ANSELB 018D  
                        _ANSELD 018F                          _ANSELE 0190                          _BORCON 0116  
                        _OSCCON 0099                          _WDTCON 0097                 ?_WDT_Initialize 0000  
             _SYSTEM_Initialize 07AD         __end_of__initialization 07FD              ?_SYSTEM_Initialize 0000  
                __pcstackCOMMON 0000             ??_SYSTEM_Initialize 0000                  _OPTION_REGbits 0095  
     __end_of_SYSTEM_Initialize 07B7                      __pmaintext 07C3                         _OSCTUNE 0098  
                       __ptext1 07AD                         __ptext2 07A9                         __ptext3 07D9  
                       __ptext4 07B7           _OSCILLATOR_Initialize 07B7        ??_PIN_MANAGER_Initialize 0000  
          end_of_initialization 07FD                ??_WDT_Initialize 0000                       _PORTAbits 000C  
        ?_OSCILLATOR_Initialize 0000             start_initialization 07FB                     __pbssCOMMON 0070  
                     ___latbits 0003          _PIN_MANAGER_Initialize 07D9         ??_OSCILLATOR_Initialize 0000  
                      _contador 0070         ?_PIN_MANAGER_Initialize 0000  __end_of_PIN_MANAGER_Initialize 07FB  
