

Microchip MPLAB XC8 Assembler V2.36 build 20220127204148 
                                                                                               Tue Feb 27 20:57:12 2024

Microchip MPLAB XC8 C Compiler v2.36 (Free license) build 20220127204148 Og1 
     1                           	processor	16F1939
     2                           	pagewidth 120
     3                           	opt	flic
     4                           	psect	cinit,global,class=CODE,merge=1,delta=2
     5                           	psect	cstackCOMMON,global,class=COMMON,space=1,delta=1,noexec
     6                           	psect	maintext,global,class=CODE,merge=1,split=1,delta=2
     7                           	psect	text1,local,class=CODE,merge=1,delta=2
     8                           	psect	text2,local,class=CODE,merge=1,delta=2
     9                           	psect	text3,local,class=CODE,merge=1,delta=2
    10                           	psect	text4,local,class=CODE,merge=1,delta=2
    11                           	psect	text5,local,class=CODE,merge=1,delta=2
    12                           	psect	idloc,global,abs,ovrld,class=IDLOC,space=5,delta=2,noexec
    13                           	psect	config,global,abs,ovrld,class=CONFIG,space=4,delta=2,noexec
    14                           	dabs	1,0x7E,2
    15  0000                     
    16                           ; Generated 06/07/2023 GMT
    17                           ; 
    18                           ; Copyright © 2023, Microchip Technology Inc. and its subsidiaries ("Microchip")
    19                           ; All rights reserved.
    20                           ; 
    21                           ; This software is developed by Microchip Technology Inc. and its subsidiaries ("Microch
      +                          ip").
    22                           ; 
    23                           ; Redistribution and use in source and binary forms, with or without modification, are
    24                           ; permitted provided that the following conditions are met:
    25                           ; 
    26                           ;     1. Redistributions of source code must retain the above copyright notice, this lis
      +                          t of
    27                           ;        conditions and the following disclaimer.
    28                           ; 
    29                           ;     2. Redistributions in binary form must reproduce the above copyright notice, this 
      +                          list
    30                           ;        of conditions and the following disclaimer in the documentation and/or other
    31                           ;        materials provided with the distribution. Publication is not required when
    32                           ;        this file is used in an embedded application.
    33                           ; 
    34                           ;     3. Microchip's name may not be used to endorse or promote products derived from th
      +                          is
    35                           ;        software without specific prior written permission.
    36                           ; 
    37                           ; THIS SOFTWARE IS PROVIDED BY MICROCHIP "AS IS" AND ANY EXPRESS OR IMPLIED WARRANTIES,
    38                           ; INCLUDING, BUT NOT LIMITED TO, THE IMPLIED WARRANTIES OF MERCHANTABILITY AND FITNESS F
      +                          OR
    39                           ; PURPOSE ARE DISCLAIMED.  IN NO EVENT SHALL MICROCHIP BE LIABLE FOR ANY DIRECT, INDIREC
      +                          T,
    40                           ; INCIDENTAL, SPECIAL, EXEMPLARY, OR CONSEQUENTIAL DAMAGES (INCLUDING BUT NOT LIMITED TO
    41                           ; PROCUREMENT OF SUBSTITUTE GOODS OR SERVICES; LOSS OF USE, DATA OR PROFITS; OR BUSINESS
    42                           ; INTERRUPTION) HOWSOEVER CAUSED AND ON ANY THEORY OF LIABILITY, WHETHER IN CONTRACT, ST
      +                          RICT
    43                           ; LIABILITY, OR TORT (INCLUDING NEGLIGENCE OR OTHERWISE) ARISING IN ANY WAY OUT OF THE U
      +                          SE OF
    44                           ; THIS SOFTWARE, EVEN IF ADVISED OF THE POSSIBILITY OF SUCH DAMAGE.
    45                           ; 
    46                           ; 
    47                           ; Code-generator required, PIC16F1939 Definitions
    48                           ; 
    49                           ; SFR Addresses
    50  0000                     	;# 
    51  0001                     	;# 
    52  0002                     	;# 
    53  0003                     	;# 
    54  0004                     	;# 
    55  0005                     	;# 
    56  0006                     	;# 
    57  0007                     	;# 
    58  0008                     	;# 
    59  0009                     	;# 
    60  000A                     	;# 
    61  000B                     	;# 
    62  000C                     	;# 
    63  000D                     	;# 
    64  000E                     	;# 
    65  000F                     	;# 
    66  0010                     	;# 
    67  0011                     	;# 
    68  0012                     	;# 
    69  0013                     	;# 
    70  0015                     	;# 
    71  0016                     	;# 
    72  0016                     	;# 
    73  0017                     	;# 
    74  0018                     	;# 
    75  0019                     	;# 
    76  001A                     	;# 
    77  001B                     	;# 
    78  001C                     	;# 
    79  001E                     	;# 
    80  001F                     	;# 
    81  008C                     	;# 
    82  008D                     	;# 
    83  008E                     	;# 
    84  008F                     	;# 
    85  0090                     	;# 
    86  0091                     	;# 
    87  0092                     	;# 
    88  0093                     	;# 
    89  0095                     	;# 
    90  0096                     	;# 
    91  0097                     	;# 
    92  0098                     	;# 
    93  0099                     	;# 
    94  009A                     	;# 
    95  009B                     	;# 
    96  009B                     	;# 
    97  009C                     	;# 
    98  009D                     	;# 
    99  009E                     	;# 
   100  010C                     	;# 
   101  010D                     	;# 
   102  010E                     	;# 
   103  010F                     	;# 
   104  0110                     	;# 
   105  0111                     	;# 
   106  0112                     	;# 
   107  0113                     	;# 
   108  0114                     	;# 
   109  0115                     	;# 
   110  0116                     	;# 
   111  0117                     	;# 
   112  0118                     	;# 
   113  0119                     	;# 
   114  011A                     	;# 
   115  011B                     	;# 
   116  011D                     	;# 
   117  018C                     	;# 
   118  018D                     	;# 
   119  018F                     	;# 
   120  0190                     	;# 
   121  0191                     	;# 
   122  0191                     	;# 
   123  0192                     	;# 
   124  0193                     	;# 
   125  0193                     	;# 
   126  0193                     	;# 
   127  0194                     	;# 
   128  0195                     	;# 
   129  0196                     	;# 
   130  0199                     	;# 
   131  019A                     	;# 
   132  019B                     	;# 
   133  019B                     	;# 
   134  019B                     	;# 
   135  019B                     	;# 
   136  019C                     	;# 
   137  019C                     	;# 
   138  019D                     	;# 
   139  019E                     	;# 
   140  019F                     	;# 
   141  020D                     	;# 
   142  0210                     	;# 
   143  0211                     	;# 
   144  0212                     	;# 
   145  0213                     	;# 
   146  0214                     	;# 
   147  0215                     	;# 
   148  0215                     	;# 
   149  0216                     	;# 
   150  0217                     	;# 
   151  0291                     	;# 
   152  0291                     	;# 
   153  0292                     	;# 
   154  0293                     	;# 
   155  0294                     	;# 
   156  0295                     	;# 
   157  0295                     	;# 
   158  0296                     	;# 
   159  0298                     	;# 
   160  0298                     	;# 
   161  0299                     	;# 
   162  029A                     	;# 
   163  029B                     	;# 
   164  029C                     	;# 
   165  029C                     	;# 
   166  029D                     	;# 
   167  029E                     	;# 
   168  029F                     	;# 
   169  0311                     	;# 
   170  0311                     	;# 
   171  0312                     	;# 
   172  0313                     	;# 
   173  0314                     	;# 
   174  0315                     	;# 
   175  0315                     	;# 
   176  0316                     	;# 
   177  0318                     	;# 
   178  0318                     	;# 
   179  0319                     	;# 
   180  031A                     	;# 
   181  031C                     	;# 
   182  031C                     	;# 
   183  031D                     	;# 
   184  031E                     	;# 
   185  0394                     	;# 
   186  0395                     	;# 
   187  0396                     	;# 
   188  0415                     	;# 
   189  0416                     	;# 
   190  0417                     	;# 
   191  041C                     	;# 
   192  041D                     	;# 
   193  041E                     	;# 
   194  0791                     	;# 
   195  0792                     	;# 
   196  0793                     	;# 
   197  0794                     	;# 
   198  0795                     	;# 
   199  0798                     	;# 
   200  0799                     	;# 
   201  079A                     	;# 
   202  07A0                     	;# 
   203  07A1                     	;# 
   204  07A2                     	;# 
   205  07A3                     	;# 
   206  07A4                     	;# 
   207  07A5                     	;# 
   208  07A6                     	;# 
   209  07A7                     	;# 
   210  07A8                     	;# 
   211  07A9                     	;# 
   212  07AA                     	;# 
   213  07AB                     	;# 
   214  0FE4                     	;# 
   215  0FE5                     	;# 
   216  0FE6                     	;# 
   217  0FE7                     	;# 
   218  0FE8                     	;# 
   219  0FE9                     	;# 
   220  0FEA                     	;# 
   221  0FEB                     	;# 
   222  0FED                     	;# 
   223  0FEE                     	;# 
   224  0FEF                     	;# 
   225  0000                     	;# 
   226  0001                     	;# 
   227  0002                     	;# 
   228  0003                     	;# 
   229  0004                     	;# 
   230  0005                     	;# 
   231  0006                     	;# 
   232  0007                     	;# 
   233  0008                     	;# 
   234  0009                     	;# 
   235  000A                     	;# 
   236  000B                     	;# 
   237  000C                     	;# 
   238  000D                     	;# 
   239  000E                     	;# 
   240  000F                     	;# 
   241  0010                     	;# 
   242  0011                     	;# 
   243  0012                     	;# 
   244  0013                     	;# 
   245  0015                     	;# 
   246  0016                     	;# 
   247  0016                     	;# 
   248  0017                     	;# 
   249  0018                     	;# 
   250  0019                     	;# 
   251  001A                     	;# 
   252  001B                     	;# 
   253  001C                     	;# 
   254  001E                     	;# 
   255  001F                     	;# 
   256  008C                     	;# 
   257  008D                     	;# 
   258  008E                     	;# 
   259  008F                     	;# 
   260  0090                     	;# 
   261  0091                     	;# 
   262  0092                     	;# 
   263  0093                     	;# 
   264  0095                     	;# 
   265  0096                     	;# 
   266  0097                     	;# 
   267  0098                     	;# 
   268  0099                     	;# 
   269  009A                     	;# 
   270  009B                     	;# 
   271  009B                     	;# 
   272  009C                     	;# 
   273  009D                     	;# 
   274  009E                     	;# 
   275  010C                     	;# 
   276  010D                     	;# 
   277  010E                     	;# 
   278  010F                     	;# 
   279  0110                     	;# 
   280  0111                     	;# 
   281  0112                     	;# 
   282  0113                     	;# 
   283  0114                     	;# 
   284  0115                     	;# 
   285  0116                     	;# 
   286  0117                     	;# 
   287  0118                     	;# 
   288  0119                     	;# 
   289  011A                     	;# 
   290  011B                     	;# 
   291  011D                     	;# 
   292  018C                     	;# 
   293  018D                     	;# 
   294  018F                     	;# 
   295  0190                     	;# 
   296  0191                     	;# 
   297  0191                     	;# 
   298  0192                     	;# 
   299  0193                     	;# 
   300  0193                     	;# 
   301  0193                     	;# 
   302  0194                     	;# 
   303  0195                     	;# 
   304  0196                     	;# 
   305  0199                     	;# 
   306  019A                     	;# 
   307  019B                     	;# 
   308  019B                     	;# 
   309  019B                     	;# 
   310  019B                     	;# 
   311  019C                     	;# 
   312  019C                     	;# 
   313  019D                     	;# 
   314  019E                     	;# 
   315  019F                     	;# 
   316  020D                     	;# 
   317  0210                     	;# 
   318  0211                     	;# 
   319  0212                     	;# 
   320  0213                     	;# 
   321  0214                     	;# 
   322  0215                     	;# 
   323  0215                     	;# 
   324  0216                     	;# 
   325  0217                     	;# 
   326  0291                     	;# 
   327  0291                     	;# 
   328  0292                     	;# 
   329  0293                     	;# 
   330  0294                     	;# 
   331  0295                     	;# 
   332  0295                     	;# 
   333  0296                     	;# 
   334  0298                     	;# 
   335  0298                     	;# 
   336  0299                     	;# 
   337  029A                     	;# 
   338  029B                     	;# 
   339  029C                     	;# 
   340  029C                     	;# 
   341  029D                     	;# 
   342  029E                     	;# 
   343  029F                     	;# 
   344  0311                     	;# 
   345  0311                     	;# 
   346  0312                     	;# 
   347  0313                     	;# 
   348  0314                     	;# 
   349  0315                     	;# 
   350  0315                     	;# 
   351  0316                     	;# 
   352  0318                     	;# 
   353  0318                     	;# 
   354  0319                     	;# 
   355  031A                     	;# 
   356  031C                     	;# 
   357  031C                     	;# 
   358  031D                     	;# 
   359  031E                     	;# 
   360  0394                     	;# 
   361  0395                     	;# 
   362  0396                     	;# 
   363  0415                     	;# 
   364  0416                     	;# 
   365  0417                     	;# 
   366  041C                     	;# 
   367  041D                     	;# 
   368  041E                     	;# 
   369  0791                     	;# 
   370  0792                     	;# 
   371  0793                     	;# 
   372  0794                     	;# 
   373  0795                     	;# 
   374  0798                     	;# 
   375  0799                     	;# 
   376  079A                     	;# 
   377  07A0                     	;# 
   378  07A1                     	;# 
   379  07A2                     	;# 
   380  07A3                     	;# 
   381  07A4                     	;# 
   382  07A5                     	;# 
   383  07A6                     	;# 
   384  07A7                     	;# 
   385  07A8                     	;# 
   386  07A9                     	;# 
   387  07AA                     	;# 
   388  07AB                     	;# 
   389  0FE4                     	;# 
   390  0FE5                     	;# 
   391  0FE6                     	;# 
   392  0FE7                     	;# 
   393  0FE8                     	;# 
   394  0FE9                     	;# 
   395  0FEA                     	;# 
   396  0FEB                     	;# 
   397  0FED                     	;# 
   398  0FEE                     	;# 
   399  0FEF                     	;# 
   400  0000                     	;# 
   401  0001                     	;# 
   402  0002                     	;# 
   403  0003                     	;# 
   404  0004                     	;# 
   405  0005                     	;# 
   406  0006                     	;# 
   407  0007                     	;# 
   408  0008                     	;# 
   409  0009                     	;# 
   410  000A                     	;# 
   411  000B                     	;# 
   412  000C                     	;# 
   413  000D                     	;# 
   414  000E                     	;# 
   415  000F                     	;# 
   416  0010                     	;# 
   417  0011                     	;# 
   418  0012                     	;# 
   419  0013                     	;# 
   420  0015                     	;# 
   421  0016                     	;# 
   422  0016                     	;# 
   423  0017                     	;# 
   424  0018                     	;# 
   425  0019                     	;# 
   426  001A                     	;# 
   427  001B                     	;# 
   428  001C                     	;# 
   429  001E                     	;# 
   430  001F                     	;# 
   431  008C                     	;# 
   432  008D                     	;# 
   433  008E                     	;# 
   434  008F                     	;# 
   435  0090                     	;# 
   436  0091                     	;# 
   437  0092                     	;# 
   438  0093                     	;# 
   439  0095                     	;# 
   440  0096                     	;# 
   441  0097                     	;# 
   442  0098                     	;# 
   443  0099                     	;# 
   444  009A                     	;# 
   445  009B                     	;# 
   446  009B                     	;# 
   447  009C                     	;# 
   448  009D                     	;# 
   449  009E                     	;# 
   450  010C                     	;# 
   451  010D                     	;# 
   452  010E                     	;# 
   453  010F                     	;# 
   454  0110                     	;# 
   455  0111                     	;# 
   456  0112                     	;# 
   457  0113                     	;# 
   458  0114                     	;# 
   459  0115                     	;# 
   460  0116                     	;# 
   461  0117                     	;# 
   462  0118                     	;# 
   463  0119                     	;# 
   464  011A                     	;# 
   465  011B                     	;# 
   466  011D                     	;# 
   467  018C                     	;# 
   468  018D                     	;# 
   469  018F                     	;# 
   470  0190                     	;# 
   471  0191                     	;# 
   472  0191                     	;# 
   473  0192                     	;# 
   474  0193                     	;# 
   475  0193                     	;# 
   476  0193                     	;# 
   477  0194                     	;# 
   478  0195                     	;# 
   479  0196                     	;# 
   480  0199                     	;# 
   481  019A                     	;# 
   482  019B                     	;# 
   483  019B                     	;# 
   484  019B                     	;# 
   485  019B                     	;# 
   486  019C                     	;# 
   487  019C                     	;# 
   488  019D                     	;# 
   489  019E                     	;# 
   490  019F                     	;# 
   491  020D                     	;# 
   492  0210                     	;# 
   493  0211                     	;# 
   494  0212                     	;# 
   495  0213                     	;# 
   496  0214                     	;# 
   497  0215                     	;# 
   498  0215                     	;# 
   499  0216                     	;# 
   500  0217                     	;# 
   501  0291                     	;# 
   502  0291                     	;# 
   503  0292                     	;# 
   504  0293                     	;# 
   505  0294                     	;# 
   506  0295                     	;# 
   507  0295                     	;# 
   508  0296                     	;# 
   509  0298                     	;# 
   510  0298                     	;# 
   511  0299                     	;# 
   512  029A                     	;# 
   513  029B                     	;# 
   514  029C                     	;# 
   515  029C                     	;# 
   516  029D                     	;# 
   517  029E                     	;# 
   518  029F                     	;# 
   519  0311                     	;# 
   520  0311                     	;# 
   521  0312                     	;# 
   522  0313                     	;# 
   523  0314                     	;# 
   524  0315                     	;# 
   525  0315                     	;# 
   526  0316                     	;# 
   527  0318                     	;# 
   528  0318                     	;# 
   529  0319                     	;# 
   530  031A                     	;# 
   531  031C                     	;# 
   532  031C                     	;# 
   533  031D                     	;# 
   534  031E                     	;# 
   535  0394                     	;# 
   536  0395                     	;# 
   537  0396                     	;# 
   538  0415                     	;# 
   539  0416                     	;# 
   540  0417                     	;# 
   541  041C                     	;# 
   542  041D                     	;# 
   543  041E                     	;# 
   544  0791                     	;# 
   545  0792                     	;# 
   546  0793                     	;# 
   547  0794                     	;# 
   548  0795                     	;# 
   549  0798                     	;# 
   550  0799                     	;# 
   551  079A                     	;# 
   552  07A0                     	;# 
   553  07A1                     	;# 
   554  07A2                     	;# 
   555  07A3                     	;# 
   556  07A4                     	;# 
   557  07A5                     	;# 
   558  07A6                     	;# 
   559  07A7                     	;# 
   560  07A8                     	;# 
   561  07A9                     	;# 
   562  07AA                     	;# 
   563  07AB                     	;# 
   564  0FE4                     	;# 
   565  0FE5                     	;# 
   566  0FE6                     	;# 
   567  0FE7                     	;# 
   568  0FE8                     	;# 
   569  0FE9                     	;# 
   570  0FEA                     	;# 
   571  0FEB                     	;# 
   572  0FED                     	;# 
   573  0FEE                     	;# 
   574  0FEF                     	;# 
   575  0000                     	;# 
   576  0001                     	;# 
   577  0002                     	;# 
   578  0003                     	;# 
   579  0004                     	;# 
   580  0005                     	;# 
   581  0006                     	;# 
   582  0007                     	;# 
   583  0008                     	;# 
   584  0009                     	;# 
   585  000A                     	;# 
   586  000B                     	;# 
   587  000C                     	;# 
   588  000D                     	;# 
   589  000E                     	;# 
   590  000F                     	;# 
   591  0010                     	;# 
   592  0011                     	;# 
   593  0012                     	;# 
   594  0013                     	;# 
   595  0015                     	;# 
   596  0016                     	;# 
   597  0016                     	;# 
   598  0017                     	;# 
   599  0018                     	;# 
   600  0019                     	;# 
   601  001A                     	;# 
   602  001B                     	;# 
   603  001C                     	;# 
   604  001E                     	;# 
   605  001F                     	;# 
   606  008C                     	;# 
   607  008D                     	;# 
   608  008E                     	;# 
   609  008F                     	;# 
   610  0090                     	;# 
   611  0091                     	;# 
   612  0092                     	;# 
   613  0093                     	;# 
   614  0095                     	;# 
   615  0096                     	;# 
   616  0097                     	;# 
   617  0098                     	;# 
   618  0099                     	;# 
   619  009A                     	;# 
   620  009B                     	;# 
   621  009B                     	;# 
   622  009C                     	;# 
   623  009D                     	;# 
   624  009E                     	;# 
   625  010C                     	;# 
   626  010D                     	;# 
   627  010E                     	;# 
   628  010F                     	;# 
   629  0110                     	;# 
   630  0111                     	;# 
   631  0112                     	;# 
   632  0113                     	;# 
   633  0114                     	;# 
   634  0115                     	;# 
   635  0116                     	;# 
   636  0117                     	;# 
   637  0118                     	;# 
   638  0119                     	;# 
   639  011A                     	;# 
   640  011B                     	;# 
   641  011D                     	;# 
   642  018C                     	;# 
   643  018D                     	;# 
   644  018F                     	;# 
   645  0190                     	;# 
   646  0191                     	;# 
   647  0191                     	;# 
   648  0192                     	;# 
   649  0193                     	;# 
   650  0193                     	;# 
   651  0193                     	;# 
   652  0194                     	;# 
   653  0195                     	;# 
   654  0196                     	;# 
   655  0199                     	;# 
   656  019A                     	;# 
   657  019B                     	;# 
   658  019B                     	;# 
   659  019B                     	;# 
   660  019B                     	;# 
   661  019C                     	;# 
   662  019C                     	;# 
   663  019D                     	;# 
   664  019E                     	;# 
   665  019F                     	;# 
   666  020D                     	;# 
   667  0210                     	;# 
   668  0211                     	;# 
   669  0212                     	;# 
   670  0213                     	;# 
   671  0214                     	;# 
   672  0215                     	;# 
   673  0215                     	;# 
   674  0216                     	;# 
   675  0217                     	;# 
   676  0291                     	;# 
   677  0291                     	;# 
   678  0292                     	;# 
   679  0293                     	;# 
   680  0294                     	;# 
   681  0295                     	;# 
   682  0295                     	;# 
   683  0296                     	;# 
   684  0298                     	;# 
   685  0298                     	;# 
   686  0299                     	;# 
   687  029A                     	;# 
   688  029B                     	;# 
   689  029C                     	;# 
   690  029C                     	;# 
   691  029D                     	;# 
   692  029E                     	;# 
   693  029F                     	;# 
   694  0311                     	;# 
   695  0311                     	;# 
   696  0312                     	;# 
   697  0313                     	;# 
   698  0314                     	;# 
   699  0315                     	;# 
   700  0315                     	;# 
   701  0316                     	;# 
   702  0318                     	;# 
   703  0318                     	;# 
   704  0319                     	;# 
   705  031A                     	;# 
   706  031C                     	;# 
   707  031C                     	;# 
   708  031D                     	;# 
   709  031E                     	;# 
   710  0394                     	;# 
   711  0395                     	;# 
   712  0396                     	;# 
   713  0415                     	;# 
   714  0416                     	;# 
   715  0417                     	;# 
   716  041C                     	;# 
   717  041D                     	;# 
   718  041E                     	;# 
   719  0791                     	;# 
   720  0792                     	;# 
   721  0793                     	;# 
   722  0794                     	;# 
   723  0795                     	;# 
   724  0798                     	;# 
   725  0799                     	;# 
   726  079A                     	;# 
   727  07A0                     	;# 
   728  07A1                     	;# 
   729  07A2                     	;# 
   730  07A3                     	;# 
   731  07A4                     	;# 
   732  07A5                     	;# 
   733  07A6                     	;# 
   734  07A7                     	;# 
   735  07A8                     	;# 
   736  07A9                     	;# 
   737  07AA                     	;# 
   738  07AB                     	;# 
   739  0FE4                     	;# 
   740  0FE5                     	;# 
   741  0FE6                     	;# 
   742  0FE7                     	;# 
   743  0FE8                     	;# 
   744  0FE9                     	;# 
   745  0FEA                     	;# 
   746  0FEB                     	;# 
   747  0FED                     	;# 
   748  0FEE                     	;# 
   749  0FEF                     	;# 
   750  0000                     	;# 
   751  0001                     	;# 
   752  0002                     	;# 
   753  0003                     	;# 
   754  0004                     	;# 
   755  0005                     	;# 
   756  0006                     	;# 
   757  0007                     	;# 
   758  0008                     	;# 
   759  0009                     	;# 
   760  000A                     	;# 
   761  000B                     	;# 
   762  000C                     	;# 
   763  000D                     	;# 
   764  000E                     	;# 
   765  000F                     	;# 
   766  0010                     	;# 
   767  0011                     	;# 
   768  0012                     	;# 
   769  0013                     	;# 
   770  0015                     	;# 
   771  0016                     	;# 
   772  0016                     	;# 
   773  0017                     	;# 
   774  0018                     	;# 
   775  0019                     	;# 
   776  001A                     	;# 
   777  001B                     	;# 
   778  001C                     	;# 
   779  001E                     	;# 
   780  001F                     	;# 
   781  008C                     	;# 
   782  008D                     	;# 
   783  008E                     	;# 
   784  008F                     	;# 
   785  0090                     	;# 
   786  0091                     	;# 
   787  0092                     	;# 
   788  0093                     	;# 
   789  0095                     	;# 
   790  0096                     	;# 
   791  0097                     	;# 
   792  0098                     	;# 
   793  0099                     	;# 
   794  009A                     	;# 
   795  009B                     	;# 
   796  009B                     	;# 
   797  009C                     	;# 
   798  009D                     	;# 
   799  009E                     	;# 
   800  010C                     	;# 
   801  010D                     	;# 
   802  010E                     	;# 
   803  010F                     	;# 
   804  0110                     	;# 
   805  0111                     	;# 
   806  0112                     	;# 
   807  0113                     	;# 
   808  0114                     	;# 
   809  0115                     	;# 
   810  0116                     	;# 
   811  0117                     	;# 
   812  0118                     	;# 
   813  0119                     	;# 
   814  011A                     	;# 
   815  011B                     	;# 
   816  011D                     	;# 
   817  018C                     	;# 
   818  018D                     	;# 
   819  018F                     	;# 
   820  0190                     	;# 
   821  0191                     	;# 
   822  0191                     	;# 
   823  0192                     	;# 
   824  0193                     	;# 
   825  0193                     	;# 
   826  0193                     	;# 
   827  0194                     	;# 
   828  0195                     	;# 
   829  0196                     	;# 
   830  0199                     	;# 
   831  019A                     	;# 
   832  019B                     	;# 
   833  019B                     	;# 
   834  019B                     	;# 
   835  019B                     	;# 
   836  019C                     	;# 
   837  019C                     	;# 
   838  019D                     	;# 
   839  019E                     	;# 
   840  019F                     	;# 
   841  020D                     	;# 
   842  0210                     	;# 
   843  0211                     	;# 
   844  0212                     	;# 
   845  0213                     	;# 
   846  0214                     	;# 
   847  0215                     	;# 
   848  0215                     	;# 
   849  0216                     	;# 
   850  0217                     	;# 
   851  0291                     	;# 
   852  0291                     	;# 
   853  0292                     	;# 
   854  0293                     	;# 
   855  0294                     	;# 
   856  0295                     	;# 
   857  0295                     	;# 
   858  0296                     	;# 
   859  0298                     	;# 
   860  0298                     	;# 
   861  0299                     	;# 
   862  029A                     	;# 
   863  029B                     	;# 
   864  029C                     	;# 
   865  029C                     	;# 
   866  029D                     	;# 
   867  029E                     	;# 
   868  029F                     	;# 
   869  0311                     	;# 
   870  0311                     	;# 
   871  0312                     	;# 
   872  0313                     	;# 
   873  0314                     	;# 
   874  0315                     	;# 
   875  0315                     	;# 
   876  0316                     	;# 
   877  0318                     	;# 
   878  0318                     	;# 
   879  0319                     	;# 
   880  031A                     	;# 
   881  031C                     	;# 
   882  031C                     	;# 
   883  031D                     	;# 
   884  031E                     	;# 
   885  0394                     	;# 
   886  0395                     	;# 
   887  0396                     	;# 
   888  0415                     	;# 
   889  0416                     	;# 
   890  0417                     	;# 
   891  041C                     	;# 
   892  041D                     	;# 
   893  041E                     	;# 
   894  0791                     	;# 
   895  0792                     	;# 
   896  0793                     	;# 
   897  0794                     	;# 
   898  0795                     	;# 
   899  0798                     	;# 
   900  0799                     	;# 
   901  079A                     	;# 
   902  07A0                     	;# 
   903  07A1                     	;# 
   904  07A2                     	;# 
   905  07A3                     	;# 
   906  07A4                     	;# 
   907  07A5                     	;# 
   908  07A6                     	;# 
   909  07A7                     	;# 
   910  07A8                     	;# 
   911  07A9                     	;# 
   912  07AA                     	;# 
   913  07AB                     	;# 
   914  0FE4                     	;# 
   915  0FE5                     	;# 
   916  0FE6                     	;# 
   917  0FE7                     	;# 
   918  0FE8                     	;# 
   919  0FE9                     	;# 
   920  0FEA                     	;# 
   921  0FEB                     	;# 
   922  0FED                     	;# 
   923  0FEE                     	;# 
   924  0FEF                     	;# 
   925  0000                     	;# 
   926  0001                     	;# 
   927  0002                     	;# 
   928  0003                     	;# 
   929  0004                     	;# 
   930  0005                     	;# 
   931  0006                     	;# 
   932  0007                     	;# 
   933  0008                     	;# 
   934  0009                     	;# 
   935  000A                     	;# 
   936  000B                     	;# 
   937  000C                     	;# 
   938  000D                     	;# 
   939  000E                     	;# 
   940  000F                     	;# 
   941  0010                     	;# 
   942  0011                     	;# 
   943  0012                     	;# 
   944  0013                     	;# 
   945  0015                     	;# 
   946  0016                     	;# 
   947  0016                     	;# 
   948  0017                     	;# 
   949  0018                     	;# 
   950  0019                     	;# 
   951  001A                     	;# 
   952  001B                     	;# 
   953  001C                     	;# 
   954  001E                     	;# 
   955  001F                     	;# 
   956  008C                     	;# 
   957  008D                     	;# 
   958  008E                     	;# 
   959  008F                     	;# 
   960  0090                     	;# 
   961  0091                     	;# 
   962  0092                     	;# 
   963  0093                     	;# 
   964  0095                     	;# 
   965  0096                     	;# 
   966  0097                     	;# 
   967  0098                     	;# 
   968  0099                     	;# 
   969  009A                     	;# 
   970  009B                     	;# 
   971  009B                     	;# 
   972  009C                     	;# 
   973  009D                     	;# 
   974  009E                     	;# 
   975  010C                     	;# 
   976  010D                     	;# 
   977  010E                     	;# 
   978  010F                     	;# 
   979  0110                     	;# 
   980  0111                     	;# 
   981  0112                     	;# 
   982  0113                     	;# 
   983  0114                     	;# 
   984  0115                     	;# 
   985  0116                     	;# 
   986  0117                     	;# 
   987  0118                     	;# 
   988  0119                     	;# 
   989  011A                     	;# 
   990  011B                     	;# 
   991  011D                     	;# 
   992  018C                     	;# 
   993  018D                     	;# 
   994  018F                     	;# 
   995  0190                     	;# 
   996  0191                     	;# 
   997  0191                     	;# 
   998  0192                     	;# 
   999  0193                     	;# 
  1000  0193                     	;# 
  1001  0193                     	;# 
  1002  0194                     	;# 
  1003  0195                     	;# 
  1004  0196                     	;# 
  1005  0199                     	;# 
  1006  019A                     	;# 
  1007  019B                     	;# 
  1008  019B                     	;# 
  1009  019B                     	;# 
  1010  019B                     	;# 
  1011  019C                     	;# 
  1012  019C                     	;# 
  1013  019D                     	;# 
  1014  019E                     	;# 
  1015  019F                     	;# 
  1016  020D                     	;# 
  1017  0210                     	;# 
  1018  0211                     	;# 
  1019  0212                     	;# 
  1020  0213                     	;# 
  1021  0214                     	;# 
  1022  0215                     	;# 
  1023  0215                     	;# 
  1024  0216                     	;# 
  1025  0217                     	;# 
  1026  0291                     	;# 
  1027  0291                     	;# 
  1028  0292                     	;# 
  1029  0293                     	;# 
  1030  0294                     	;# 
  1031  0295                     	;# 
  1032  0295                     	;# 
  1033  0296                     	;# 
  1034  0298                     	;# 
  1035  0298                     	;# 
  1036  0299                     	;# 
  1037  029A                     	;# 
  1038  029B                     	;# 
  1039  029C                     	;# 
  1040  029C                     	;# 
  1041  029D                     	;# 
  1042  029E                     	;# 
  1043  029F                     	;# 
  1044  0311                     	;# 
  1045  0311                     	;# 
  1046  0312                     	;# 
  1047  0313                     	;# 
  1048  0314                     	;# 
  1049  0315                     	;# 
  1050  0315                     	;# 
  1051  0316                     	;# 
  1052  0318                     	;# 
  1053  0318                     	;# 
  1054  0319                     	;# 
  1055  031A                     	;# 
  1056  031C                     	;# 
  1057  031C                     	;# 
  1058  031D                     	;# 
  1059  031E                     	;# 
  1060  0394                     	;# 
  1061  0395                     	;# 
  1062  0396                     	;# 
  1063  0415                     	;# 
  1064  0416                     	;# 
  1065  0417                     	;# 
  1066  041C                     	;# 
  1067  041D                     	;# 
  1068  041E                     	;# 
  1069  0791                     	;# 
  1070  0792                     	;# 
  1071  0793                     	;# 
  1072  0794                     	;# 
  1073  0795                     	;# 
  1074  0798                     	;# 
  1075  0799                     	;# 
  1076  079A                     	;# 
  1077  07A0                     	;# 
  1078  07A1                     	;# 
  1079  07A2                     	;# 
  1080  07A3                     	;# 
  1081  07A4                     	;# 
  1082  07A5                     	;# 
  1083  07A6                     	;# 
  1084  07A7                     	;# 
  1085  07A8                     	;# 
  1086  07A9                     	;# 
  1087  07AA                     	;# 
  1088  07AB                     	;# 
  1089  0FE4                     	;# 
  1090  0FE5                     	;# 
  1091  0FE6                     	;# 
  1092  0FE7                     	;# 
  1093  0FE8                     	;# 
  1094  0FE9                     	;# 
  1095  0FEA                     	;# 
  1096  0FEB                     	;# 
  1097  0FED                     	;# 
  1098  0FEE                     	;# 
  1099  0FEF                     	;# 
  1100  001C                     _T2CONbits	set	28
  1101  001C                     _T2CON	set	28
  1102  0011                     _PIR1bits	set	17
  1103  001A                     _TMR2	set	26
  1104  001B                     _PR2	set	27
  1105  0095                     _OPTION_REGbits	set	149
  1106  008F                     _TRISD	set	143
  1107  008E                     _TRISC	set	142
  1108  008D                     _TRISB	set	141
  1109  008C                     _TRISA	set	140
  1110  0090                     _TRISE	set	144
  1111  0097                     _WDTCON	set	151
  1112  0098                     _OSCTUNE	set	152
  1113  0099                     _OSCCON	set	153
  1114  011D                     _APFCON	set	285
  1115  010E                     _LATC	set	270
  1116  010D                     _LATB	set	269
  1117  010C                     _LATA	set	268
  1118  010F                     _LATD	set	271
  1119  0110                     _LATE	set	272
  1120  0116                     _BORCON	set	278
  1121  010F                     _LATDbits	set	271
  1122  018C                     _ANSELA	set	396
  1123  0190                     _ANSELE	set	400
  1124  018D                     _ANSELB	set	397
  1125  018F                     _ANSELD	set	399
  1126  020D                     _WPUB	set	525
  1127  0210                     _WPUE	set	528
  1128  029E                     _CCPTMRS0bits	set	670
  1129  0319                     _CCPR4H	set	793
  1130  0318                     _CCPR4L	set	792
  1131  031A                     _CCP4CON	set	794
  1132                           
  1133                           	psect	cinit
  1134  07FD                     start_initialization:	
  1135                           ; #config settings
  1136                           
  1137  07FD                     __initialization:
  1138  07FD                     end_of_initialization:	
  1139                           ;End of C runtime variable initialization code
  1140                           
  1141  07FD                     __end_of__initialization:
  1142  07FD  0020               	movlb	0
  1143  07FE  3187  2FBE         	ljmp	_main	;jump to C main() function
  1144                           
  1145                           	psect	cstackCOMMON
  1146  0070                     __pcstackCOMMON:
  1147  0070                     ?_SYSTEM_Initialize:
  1148  0070                     ??_SYSTEM_Initialize:	
  1149                           ; 1 bytes @ 0x0
  1150                           
  1151  0070                     ?_PIN_MANAGER_Initialize:	
  1152                           ; 1 bytes @ 0x0
  1153                           
  1154  0070                     ??_PIN_MANAGER_Initialize:	
  1155                           ; 1 bytes @ 0x0
  1156                           
  1157  0070                     ?_OSCILLATOR_Initialize:	
  1158                           ; 1 bytes @ 0x0
  1159                           
  1160  0070                     ??_OSCILLATOR_Initialize:	
  1161                           ; 1 bytes @ 0x0
  1162                           
  1163  0070                     ?_WDT_Initialize:	
  1164                           ; 1 bytes @ 0x0
  1165                           
  1166  0070                     ??_WDT_Initialize:	
  1167                           ; 1 bytes @ 0x0
  1168                           
  1169  0070                     ?_PWM4_Initialize:	
  1170                           ; 1 bytes @ 0x0
  1171                           
  1172  0070                     ??_PWM4_Initialize:	
  1173                           ; 1 bytes @ 0x0
  1174                           
  1175  0070                     ?_main:	
  1176                           ; 1 bytes @ 0x0
  1177                           
  1178  0070                     ??_main:	
  1179                           ; 1 bytes @ 0x0
  1180                           
  1181                           
  1182                           ; 1 bytes @ 0x0
  1183  0070                     	ds	2
  1184                           
  1185                           	psect	maintext
  1186  07BE                     __pmaintext:	
  1187 ;;
  1188 ;;Main: autosize = 0, tempsize = 2, incstack = 0, save=0
  1189 ;;
  1190 ;; *************** function _main *****************
  1191 ;; Defined at:
  1192 ;;		line 49 in file "main.c"
  1193 ;; Parameters:    Size  Location     Type
  1194 ;;		None
  1195 ;; Auto vars:     Size  Location     Type
  1196 ;;		None
  1197 ;; Return value:  Size  Location     Type
  1198 ;;                  1    wreg      void 
  1199 ;; Registers used:
  1200 ;;		wreg, status,2, status,0, pclath, cstack
  1201 ;; Tracked objects:
  1202 ;;		On entry : B1F/0
  1203 ;;		On exit  : 0/0
  1204 ;;		Unchanged: 0/0
  1205 ;; Data sizes:     COMMON   BANK0   BANK1   BANK2   BANK3   BANK4   BANK5   BANK6   BANK7   BANK8   BANK9  BANK10  BANK1
      +1  BANK12
  1206 ;;      Params:         0       0       0       0       0       0       0       0       0       0       0       0       
      +0       0
  1207 ;;      Locals:         0       0       0       0       0       0       0       0       0       0       0       0       
      +0       0
  1208 ;;      Temps:          2       0       0       0       0       0       0       0       0       0       0       0       
      +0       0
  1209 ;;      Totals:         2       0       0       0       0       0       0       0       0       0       0       0       
      +0       0
  1210 ;;Total ram usage:        2 bytes
  1211 ;; Hardware stack levels required when called: 2
  1212 ;; This function calls:
  1213 ;;		_SYSTEM_Initialize
  1214 ;; This function is called by:
  1215 ;;		Startup code after reset
  1216 ;; This function uses a non-reentrant model
  1217 ;;
  1218                           
  1219  07BE                     _main:	
  1220                           ;psect for function _main
  1221                           
  1222  07BE                     l781:	
  1223                           ;incstack = 0
  1224                           ; Regs used in _main: [wreg+status,2+status,0+pclath+cstack]
  1225                           
  1226                           
  1227                           ;main.c: 52:     SYSTEM_Initialize();
  1228  07BE  3187  27B1  3187   	fcall	_SYSTEM_Initialize
  1229  07C1                     l783:
  1230  07C1  1003               	clrc
  1231  07C2  0022               	movlb	2	; select bank2
  1232  07C3  1C0F               	btfss	15,0	;volatile
  1233  07C4  1403               	setc
  1234  07C5  1803               	btfsc	3,0
  1235  07C6  2FC8               	goto	u11
  1236  07C7  2FCB               	goto	u10
  1237  07C8                     u11:
  1238  07C8  0022               	movlb	2	; select bank2
  1239  07C9  140F               	bsf	15,0	;volatile
  1240  07CA  2FCD               	goto	u24
  1241  07CB                     u10:
  1242  07CB  0022               	movlb	2	; select bank2
  1243  07CC  100F               	bcf	15,0	;volatile
  1244  07CD                     u24:
  1245  07CD                     l785:
  1246                           
  1247                           ;main.c: 72:         _delay((unsigned long)((500)*(8000000/4000.0)));
  1248  07CD  3006               	movlw	6
  1249  07CE  00F1               	movwf	??_main+1
  1250  07CF  3013               	movlw	19
  1251  07D0  00F0               	movwf	??_main
  1252  07D1  30AE               	movlw	174
  1253  07D2                     u57:
  1254  07D2  0B89               	decfsz	9,f
  1255  07D3  2FD2               	goto	u57
  1256  07D4  0BF0               	decfsz	??_main,f
  1257  07D5  2FD2               	goto	u57
  1258  07D6  0BF1               	decfsz	??_main+1,f
  1259  07D7  2FD2               	goto	u57
  1260  07D8  2FC1               	goto	l783
  1261  07D9  3180  2802         	ljmp	start
  1262  07DB                     __end_of_main:
  1263                           
  1264                           	psect	text1
  1265  07B1                     __ptext1:	
  1266 ;; *************** function _SYSTEM_Initialize *****************
  1267 ;; Defined at:
  1268 ;;		line 50 in file "mcc_generated_files/mcc.c"
  1269 ;; Parameters:    Size  Location     Type
  1270 ;;		None
  1271 ;; Auto vars:     Size  Location     Type
  1272 ;;		None
  1273 ;; Return value:  Size  Location     Type
  1274 ;;                  1    wreg      void 
  1275 ;; Registers used:
  1276 ;;		wreg, status,2, status,0, pclath, cstack
  1277 ;; Tracked objects:
  1278 ;;		On entry : 0/0
  1279 ;;		On exit  : 0/0
  1280 ;;		Unchanged: 0/0
  1281 ;; Data sizes:     COMMON   BANK0   BANK1   BANK2   BANK3   BANK4   BANK5   BANK6   BANK7   BANK8   BANK9  BANK10  BANK1
      +1  BANK12
  1282 ;;      Params:         0       0       0       0       0       0       0       0       0       0       0       0       
      +0       0
  1283 ;;      Locals:         0       0       0       0       0       0       0       0       0       0       0       0       
      +0       0
  1284 ;;      Temps:          0       0       0       0       0       0       0       0       0       0       0       0       
      +0       0
  1285 ;;      Totals:         0       0       0       0       0       0       0       0       0       0       0       0       
      +0       0
  1286 ;;Total ram usage:        0 bytes
  1287 ;; Hardware stack levels used: 1
  1288 ;; Hardware stack levels required when called: 1
  1289 ;; This function calls:
  1290 ;;		_OSCILLATOR_Initialize
  1291 ;;		_PIN_MANAGER_Initialize
  1292 ;;		_PWM4_Initialize
  1293 ;;		_WDT_Initialize
  1294 ;; This function is called by:
  1295 ;;		_main
  1296 ;; This function uses a non-reentrant model
  1297 ;;
  1298                           
  1299  07B1                     _SYSTEM_Initialize:	
  1300                           ;psect for function _SYSTEM_Initialize
  1301                           
  1302  07B1                     l779:	
  1303                           ;incstack = 0
  1304                           ; Regs used in _SYSTEM_Initialize: [wreg+status,2+status,0+pclath+cstack]
  1305                           
  1306                           
  1307                           ;mcc_generated_files/mcc.c: 53:     PIN_MANAGER_Initialize();
  1308  07B1  3187  27DB  3187   	fcall	_PIN_MANAGER_Initialize
  1309                           
  1310                           ;mcc_generated_files/mcc.c: 54:     OSCILLATOR_Initialize();
  1311  07B4  3187  27A0  3187   	fcall	_OSCILLATOR_Initialize
  1312                           
  1313                           ;mcc_generated_files/mcc.c: 55:     WDT_Initialize();
  1314  07B7  3187  279C  3187   	fcall	_WDT_Initialize
  1315                           
  1316                           ;mcc_generated_files/mcc.c: 56:     PWM4_Initialize();
  1317  07BA  3187  27A7  3187   	fcall	_PWM4_Initialize
  1318  07BD                     l35:
  1319  07BD  0008               	return
  1320  07BE                     __end_of_SYSTEM_Initialize:
  1321                           
  1322                           	psect	text2
  1323  079C                     __ptext2:	
  1324 ;; *************** function _WDT_Initialize *****************
  1325 ;; Defined at:
  1326 ;;		line 70 in file "mcc_generated_files/mcc.c"
  1327 ;; Parameters:    Size  Location     Type
  1328 ;;		None
  1329 ;; Auto vars:     Size  Location     Type
  1330 ;;		None
  1331 ;; Return value:  Size  Location     Type
  1332 ;;                  1    wreg      void 
  1333 ;; Registers used:
  1334 ;;		wreg
  1335 ;; Tracked objects:
  1336 ;;		On entry : 0/0
  1337 ;;		On exit  : 0/0
  1338 ;;		Unchanged: 0/0
  1339 ;; Data sizes:     COMMON   BANK0   BANK1   BANK2   BANK3   BANK4   BANK5   BANK6   BANK7   BANK8   BANK9  BANK10  BANK1
      +1  BANK12
  1340 ;;      Params:         0       0       0       0       0       0       0       0       0       0       0       0       
      +0       0
  1341 ;;      Locals:         0       0       0       0       0       0       0       0       0       0       0       0       
      +0       0
  1342 ;;      Temps:          0       0       0       0       0       0       0       0       0       0       0       0       
      +0       0
  1343 ;;      Totals:         0       0       0       0       0       0       0       0       0       0       0       0       
      +0       0
  1344 ;;Total ram usage:        0 bytes
  1345 ;; Hardware stack levels used: 1
  1346 ;; This function calls:
  1347 ;;		Nothing
  1348 ;; This function is called by:
  1349 ;;		_SYSTEM_Initialize
  1350 ;; This function uses a non-reentrant model
  1351 ;;
  1352                           
  1353  079C                     _WDT_Initialize:	
  1354                           ;psect for function _WDT_Initialize
  1355                           
  1356  079C                     l771:	
  1357                           ;incstack = 0
  1358                           ; Regs used in _WDT_Initialize: [wreg]
  1359                           
  1360                           
  1361                           ;mcc_generated_files/mcc.c: 73:     WDTCON = 0x16;
  1362  079C  3016               	movlw	22
  1363  079D  0021               	movlb	1	; select bank1
  1364  079E  0097               	movwf	23	;volatile
  1365  079F                     l41:
  1366  079F  0008               	return
  1367  07A0                     __end_of_WDT_Initialize:
  1368                           
  1369                           	psect	text3
  1370  07A7                     __ptext3:	
  1371 ;; *************** function _PWM4_Initialize *****************
  1372 ;; Defined at:
  1373 ;;		line 64 in file "mcc_generated_files/pwm4.c"
  1374 ;; Parameters:    Size  Location     Type
  1375 ;;		None
  1376 ;; Auto vars:     Size  Location     Type
  1377 ;;		None
  1378 ;; Return value:  Size  Location     Type
  1379 ;;                  1    wreg      void 
  1380 ;; Registers used:
  1381 ;;		wreg, status,2, status,0
  1382 ;; Tracked objects:
  1383 ;;		On entry : 0/0
  1384 ;;		On exit  : 0/0
  1385 ;;		Unchanged: 0/0
  1386 ;; Data sizes:     COMMON   BANK0   BANK1   BANK2   BANK3   BANK4   BANK5   BANK6   BANK7   BANK8   BANK9  BANK10  BANK1
      +1  BANK12
  1387 ;;      Params:         0       0       0       0       0       0       0       0       0       0       0       0       
      +0       0
  1388 ;;      Locals:         0       0       0       0       0       0       0       0       0       0       0       0       
      +0       0
  1389 ;;      Temps:          0       0       0       0       0       0       0       0       0       0       0       0       
      +0       0
  1390 ;;      Totals:         0       0       0       0       0       0       0       0       0       0       0       0       
      +0       0
  1391 ;;Total ram usage:        0 bytes
  1392 ;; Hardware stack levels used: 1
  1393 ;; This function calls:
  1394 ;;		Nothing
  1395 ;; This function is called by:
  1396 ;;		_SYSTEM_Initialize
  1397 ;; This function uses a non-reentrant model
  1398 ;;
  1399                           
  1400  07A7                     _PWM4_Initialize:	
  1401                           ;psect for function _PWM4_Initialize
  1402                           
  1403  07A7                     l773:	
  1404                           ;incstack = 0
  1405                           ; Regs used in _PWM4_Initialize: [wreg+status,2+status,0]
  1406                           
  1407                           
  1408                           ;mcc_generated_files/pwm4.c: 69:  CCP4CON = 0x3C;
  1409  07A7  303C               	movlw	60
  1410  07A8  0026               	movlb	6	; select bank6
  1411  07A9  009A               	movwf	26	;volatile
  1412                           
  1413                           ;mcc_generated_files/pwm4.c: 72:  CCPR4L = 0x4D;
  1414  07AA  304D               	movlw	77
  1415  07AB  0098               	movwf	24	;volatile
  1416  07AC                     l775:
  1417                           
  1418                           ;mcc_generated_files/pwm4.c: 75:  CCPR4H = 0x00;
  1419  07AC  0199               	clrf	25	;volatile
  1420  07AD                     l777:
  1421                           
  1422                           ;mcc_generated_files/pwm4.c: 78:  CCPTMRS0bits.C4TSEL = 0x0;
  1423  07AD  303F               	movlw	-193
  1424  07AE  0025               	movlb	5	; select bank5
  1425  07AF  059E               	andwf	30,f	;volatile
  1426  07B0                     l84:
  1427  07B0  0008               	return
  1428  07B1                     __end_of_PWM4_Initialize:
  1429                           
  1430                           	psect	text4
  1431  07DB                     __ptext4:	
  1432 ;; *************** function _PIN_MANAGER_Initialize *****************
  1433 ;; Defined at:
  1434 ;;		line 55 in file "mcc_generated_files/pin_manager.c"
  1435 ;; Parameters:    Size  Location     Type
  1436 ;;		None
  1437 ;; Auto vars:     Size  Location     Type
  1438 ;;		None
  1439 ;; Return value:  Size  Location     Type
  1440 ;;                  1    wreg      void 
  1441 ;; Registers used:
  1442 ;;		wreg, status,2
  1443 ;; Tracked objects:
  1444 ;;		On entry : 0/0
  1445 ;;		On exit  : 0/0
  1446 ;;		Unchanged: 0/0
  1447 ;; Data sizes:     COMMON   BANK0   BANK1   BANK2   BANK3   BANK4   BANK5   BANK6   BANK7   BANK8   BANK9  BANK10  BANK1
      +1  BANK12
  1448 ;;      Params:         0       0       0       0       0       0       0       0       0       0       0       0       
      +0       0
  1449 ;;      Locals:         0       0       0       0       0       0       0       0       0       0       0       0       
      +0       0
  1450 ;;      Temps:          0       0       0       0       0       0       0       0       0       0       0       0       
      +0       0
  1451 ;;      Totals:         0       0       0       0       0       0       0       0       0       0       0       0       
      +0       0
  1452 ;;Total ram usage:        0 bytes
  1453 ;; Hardware stack levels used: 1
  1454 ;; This function calls:
  1455 ;;		Nothing
  1456 ;; This function is called by:
  1457 ;;		_SYSTEM_Initialize
  1458 ;; This function uses a non-reentrant model
  1459 ;;
  1460                           
  1461  07DB                     _PIN_MANAGER_Initialize:	
  1462                           ;psect for function _PIN_MANAGER_Initialize
  1463                           
  1464  07DB                     l737:	
  1465                           ;incstack = 0
  1466                           ; Regs used in _PIN_MANAGER_Initialize: [wreg+status,2]
  1467                           
  1468                           
  1469                           ;mcc_generated_files/pin_manager.c: 60:     LATE = 0x00;
  1470  07DB  0022               	movlb	2	; select bank2
  1471  07DC  0190               	clrf	16	;volatile
  1472                           
  1473                           ;mcc_generated_files/pin_manager.c: 61:     LATD = 0x00;
  1474  07DD  018F               	clrf	15	;volatile
  1475                           
  1476                           ;mcc_generated_files/pin_manager.c: 62:     LATA = 0x00;
  1477  07DE  018C               	clrf	12	;volatile
  1478                           
  1479                           ;mcc_generated_files/pin_manager.c: 63:     LATB = 0x00;
  1480  07DF  018D               	clrf	13	;volatile
  1481                           
  1482                           ;mcc_generated_files/pin_manager.c: 64:     LATC = 0x00;
  1483  07E0  018E               	clrf	14	;volatile
  1484  07E1                     l739:
  1485                           
  1486                           ;mcc_generated_files/pin_manager.c: 69:     TRISE = 0x0F;
  1487  07E1  300F               	movlw	15
  1488  07E2  0021               	movlb	1	; select bank1
  1489  07E3  0090               	movwf	16	;volatile
  1490  07E4                     l741:
  1491                           
  1492                           ;mcc_generated_files/pin_manager.c: 70:     TRISA = 0xFF;
  1493  07E4  30FF               	movlw	255
  1494  07E5  008C               	movwf	12	;volatile
  1495  07E6                     l743:
  1496                           
  1497                           ;mcc_generated_files/pin_manager.c: 71:     TRISB = 0xFF;
  1498  07E6  30FF               	movlw	255
  1499  07E7  008D               	movwf	13	;volatile
  1500  07E8                     l745:
  1501                           
  1502                           ;mcc_generated_files/pin_manager.c: 72:     TRISC = 0xFF;
  1503  07E8  30FF               	movlw	255
  1504  07E9  008E               	movwf	14	;volatile
  1505  07EA                     l747:
  1506                           
  1507                           ;mcc_generated_files/pin_manager.c: 73:     TRISD = 0xFC;
  1508  07EA  30FC               	movlw	252
  1509  07EB  008F               	movwf	15	;volatile
  1510  07EC                     l749:
  1511                           
  1512                           ;mcc_generated_files/pin_manager.c: 78:     ANSELD = 0xFF;
  1513  07EC  30FF               	movlw	255
  1514  07ED  0023               	movlb	3	; select bank3
  1515  07EE  008F               	movwf	15	;volatile
  1516  07EF                     l751:
  1517                           
  1518                           ;mcc_generated_files/pin_manager.c: 79:     ANSELB = 0x3F;
  1519  07EF  303F               	movlw	63
  1520  07F0  008D               	movwf	13	;volatile
  1521  07F1                     l753:
  1522                           
  1523                           ;mcc_generated_files/pin_manager.c: 80:     ANSELE = 0x07;
  1524  07F1  3007               	movlw	7
  1525  07F2  0090               	movwf	16	;volatile
  1526  07F3                     l755:
  1527                           
  1528                           ;mcc_generated_files/pin_manager.c: 81:     ANSELA = 0x3F;
  1529  07F3  303F               	movlw	63
  1530  07F4  008C               	movwf	12	;volatile
  1531  07F5                     l757:
  1532                           
  1533                           ;mcc_generated_files/pin_manager.c: 86:     WPUE = 0x00;
  1534  07F5  0024               	movlb	4	; select bank4
  1535  07F6  0190               	clrf	16	;volatile
  1536  07F7                     l759:
  1537                           
  1538                           ;mcc_generated_files/pin_manager.c: 87:     WPUB = 0x00;
  1539  07F7  018D               	clrf	13	;volatile
  1540  07F8                     l761:
  1541                           
  1542                           ;mcc_generated_files/pin_manager.c: 88:     OPTION_REGbits.nWPUEN = 1;
  1543  07F8  0021               	movlb	1	; select bank1
  1544  07F9  1795               	bsf	21,7	;volatile
  1545  07FA                     l763:
  1546                           
  1547                           ;mcc_generated_files/pin_manager.c: 94:     APFCON = 0x00;
  1548  07FA  0022               	movlb	2	; select bank2
  1549  07FB  019D               	clrf	29	;volatile
  1550  07FC                     l126:
  1551  07FC  0008               	return
  1552  07FD                     __end_of_PIN_MANAGER_Initialize:
  1553                           
  1554                           	psect	text5
  1555  07A0                     __ptext5:	
  1556 ;; *************** function _OSCILLATOR_Initialize *****************
  1557 ;; Defined at:
  1558 ;;		line 60 in file "mcc_generated_files/mcc.c"
  1559 ;; Parameters:    Size  Location     Type
  1560 ;;		None
  1561 ;; Auto vars:     Size  Location     Type
  1562 ;;		None
  1563 ;; Return value:  Size  Location     Type
  1564 ;;                  1    wreg      void 
  1565 ;; Registers used:
  1566 ;;		wreg, status,2
  1567 ;; Tracked objects:
  1568 ;;		On entry : 0/0
  1569 ;;		On exit  : 0/0
  1570 ;;		Unchanged: 0/0
  1571 ;; Data sizes:     COMMON   BANK0   BANK1   BANK2   BANK3   BANK4   BANK5   BANK6   BANK7   BANK8   BANK9  BANK10  BANK1
      +1  BANK12
  1572 ;;      Params:         0       0       0       0       0       0       0       0       0       0       0       0       
      +0       0
  1573 ;;      Locals:         0       0       0       0       0       0       0       0       0       0       0       0       
      +0       0
  1574 ;;      Temps:          0       0       0       0       0       0       0       0       0       0       0       0       
      +0       0
  1575 ;;      Totals:         0       0       0       0       0       0       0       0       0       0       0       0       
      +0       0
  1576 ;;Total ram usage:        0 bytes
  1577 ;; Hardware stack levels used: 1
  1578 ;; This function calls:
  1579 ;;		Nothing
  1580 ;; This function is called by:
  1581 ;;		_SYSTEM_Initialize
  1582 ;; This function uses a non-reentrant model
  1583 ;;
  1584                           
  1585  07A0                     _OSCILLATOR_Initialize:	
  1586                           ;psect for function _OSCILLATOR_Initialize
  1587                           
  1588  07A0                     l765:	
  1589                           ;incstack = 0
  1590                           ; Regs used in _OSCILLATOR_Initialize: [wreg+status,2]
  1591                           
  1592                           
  1593                           ;mcc_generated_files/mcc.c: 63:     OSCCON = 0x38;
  1594  07A0  3038               	movlw	56
  1595  07A1  0021               	movlb	1	; select bank1
  1596  07A2  0099               	movwf	25	;volatile
  1597  07A3                     l767:
  1598                           
  1599                           ;mcc_generated_files/mcc.c: 65:     OSCTUNE = 0x00;
  1600  07A3  0198               	clrf	24	;volatile
  1601  07A4                     l769:
  1602                           
  1603                           ;mcc_generated_files/mcc.c: 67:     BORCON = 0x00;
  1604  07A4  0022               	movlb	2	; select bank2
  1605  07A5  0196               	clrf	22	;volatile
  1606  07A6                     l38:
  1607  07A6  0008               	return
  1608  07A7                     __end_of_OSCILLATOR_Initialize:
  1609  007E                     btemp	set	126	;btemp
  1610  007E                     wtemp0	set	126
  1611                           
  1612                           	psect	idloc
  1613                           
  1614                           ;Config register IDLOC0 @ 0x8000
  1615                           ;	unspecified, using default values
  1616  8000                     	org	32768
  1617  8000  3FFF               	dw	16383
  1618                           
  1619                           ;Config register IDLOC1 @ 0x8001
  1620                           ;	unspecified, using default values
  1621  8001                     	org	32769
  1622  8001  3FFF               	dw	16383
  1623                           
  1624                           ;Config register IDLOC2 @ 0x8002
  1625                           ;	unspecified, using default values
  1626  8002                     	org	32770
  1627  8002  3FFF               	dw	16383
  1628                           
  1629                           ;Config register IDLOC3 @ 0x8003
  1630                           ;	unspecified, using default values
  1631  8003                     	org	32771
  1632  8003  3FFF               	dw	16383
  1633                           
  1634                           	psect	config
  1635                           
  1636                           ;Config register CONFIG1 @ 0x8007
  1637                           ;	Oscillator Selection
  1638                           ;	FOSC = HS, HS Oscillator, High-speed crystal/resonator connected between OSC1 and OSC2
      +                           pins
  1639                           ;	Watchdog Timer Enable
  1640                           ;	WDTE = OFF, WDT disabled
  1641                           ;	Power-up Timer Enable
  1642                           ;	PWRTE = OFF, PWRT disabled
  1643                           ;	MCLR Pin Function Select
  1644                           ;	MCLRE = ON, MCLR/VPP pin function is MCLR
  1645                           ;	Flash Program Memory Code Protection
  1646                           ;	CP = OFF, Program memory code protection is disabled
  1647                           ;	Data Memory Code Protection
  1648                           ;	CPD = OFF, Data memory code protection is disabled
  1649                           ;	Brown-out Reset Enable
  1650                           ;	BOREN = ON, Brown-out Reset enabled
  1651                           ;	Clock Out Enable
  1652                           ;	CLKOUTEN = OFF, CLKOUT function is disabled. I/O or oscillator function on the CLKOUT 
      +                          pin
  1653                           ;	Internal/External Switchover
  1654                           ;	IESO = ON, Internal/External Switchover mode is enabled
  1655                           ;	Fail-Safe Clock Monitor Enable
  1656                           ;	FCMEN = ON, Fail-Safe Clock Monitor is enabled
  1657  8007                     	org	32775
  1658  8007  3FE2               	dw	16354
  1659                           
  1660                           ;Config register CONFIG2 @ 0x8008
  1661                           ;	Flash Memory Self-Write Protection
  1662                           ;	WRT = OFF, Write protection off
  1663                           ;	Voltage Regulator Capacitor Enable
  1664                           ;	VCAPEN = OFF, All VCAP pin functionality is disabled
  1665                           ;	PLL Enable
  1666                           ;	PLLEN = OFF, 4x PLL disabled
  1667                           ;	Stack Overflow/Underflow Reset Enable
  1668                           ;	STVREN = ON, Stack Overflow or Underflow will cause a Reset
  1669                           ;	Brown-out Reset Voltage Selection
  1670                           ;	BORV = LO, Brown-out Reset Voltage (Vbor), low trip point selected.
  1671                           ;	Low-Voltage Programming Enable
  1672                           ;	LVP = ON, Low-voltage programming enabled
  1673  8008                     	org	32776
  1674  8008  3EFF               	dw	16127

Data Sizes:
    Strings     0
    Constant    0
    Data        0
    BSS         0
    Persistent  32
    Stack       0

Auto Spaces:
    Space          Size  Autos    Used
    COMMON           14      2       2
    BANK0            80      0       0
    BANK1            80      0       0
    BANK2            80      0       0
    BANK3            80      0       0
    BANK4            80      0       0
    BANK5            80      0       0
    BANK6            80      0       0
    BANK7            80      0       0
    BANK8            80      0       0
    BANK9            80      0       0
    BANK10           80      0       0
    BANK11           80      0       0
    BANK12           48      0       0

Pointer List with Targets:

    None.

Critical Paths under _main in COMMON

    None.

Critical Paths under _main in BANK0

    None.

Critical Paths under _main in BANK1

    None.

Critical Paths under _main in BANK2

    None.

Critical Paths under _main in BANK3

    None.

Critical Paths under _main in BANK4

    None.

Critical Paths under _main in BANK5

    None.

Critical Paths under _main in BANK6

    None.

Critical Paths under _main in BANK7

    None.

Critical Paths under _main in BANK8

    None.

Critical Paths under _main in BANK9

    None.

Critical Paths under _main in BANK10

    None.

Critical Paths under _main in BANK11

    None.

Critical Paths under _main in BANK12

    None.

Call Graph Tables:

 ---------------------------------------------------------------------------------
 (Depth) Function   	        Calls       Base Space   Used Autos Params    Refs
 ---------------------------------------------------------------------------------
 (0) _main                                                 2     2      0       0
                                              0 COMMON     2     2      0
                  _SYSTEM_Initialize
 ---------------------------------------------------------------------------------
 (1) _SYSTEM_Initialize                                    0     0      0       0
              _OSCILLATOR_Initialize
             _PIN_MANAGER_Initialize
                    _PWM4_Initialize
                     _WDT_Initialize
 ---------------------------------------------------------------------------------
 (2) _WDT_Initialize                                       0     0      0       0
 ---------------------------------------------------------------------------------
 (2) _PWM4_Initialize                                      0     0      0       0
 ---------------------------------------------------------------------------------
 (2) _PIN_MANAGER_Initialize                               0     0      0       0
 ---------------------------------------------------------------------------------
 (2) _OSCILLATOR_Initialize                                0     0      0       0
 ---------------------------------------------------------------------------------
 Estimated maximum stack depth 2
 ---------------------------------------------------------------------------------

 Call Graph Graphs:

 _main (ROOT)
   _SYSTEM_Initialize
     _OSCILLATOR_Initialize
     _PIN_MANAGER_Initialize
     _PWM4_Initialize
     _WDT_Initialize

 Address spaces:
Name               Size   Autos  Total    Cost      Usage
BIGRAM             3F0      0       0       0        0.0%
EEDATA             100      0       0       0        0.0%
NULL                 0      0       0       0        0.0%
CODE                 0      0       0       0        0.0%
BITCOMMON            E      0       0       1        0.0%
BITSFR0              0      0       0       1        0.0%
SFR0                 0      0       0       1        0.0%
COMMON               E      2       2       2       14.3%
BITSFR1              0      0       0       2        0.0%
SFR1                 0      0       0       2        0.0%
BITSFR2              0      0       0       3        0.0%
SFR2                 0      0       0       3        0.0%
STACK                0      0       0       3        0.0%
BITBANK0            50      0       0       4        0.0%
BITSFR3              0      0       0       4        0.0%
SFR3                 0      0       0       4        0.0%
BANK0               50      0       0       5        0.0%
BITSFR4              0      0       0       5        0.0%
SFR4                 0      0       0       5        0.0%
BITBANK1            50      0       0       6        0.0%
BITSFR5              0      0       0       6        0.0%
SFR5                 0      0       0       6        0.0%
BANK1               50      0       0       7        0.0%
BITSFR6              0      0       0       7        0.0%
SFR6                 0      0       0       7        0.0%
BITBANK2            50      0       0       8        0.0%
BITSFR7              0      0       0       8        0.0%
SFR7                 0      0       0       8        0.0%
BANK2               50      0       0       9        0.0%
BITSFR8              0      0       0       9        0.0%
SFR8                 0      0       0       9        0.0%
BITBANK3            50      0       0      10        0.0%
BITSFR9              0      0       0      10        0.0%
SFR9                 0      0       0      10        0.0%
BANK3               50      0       0      11        0.0%
BITSFR10             0      0       0      11        0.0%
SFR10                0      0       0      11        0.0%
BITBANK4            50      0       0      12        0.0%
BITSFR11             0      0       0      12        0.0%
SFR11                0      0       0      12        0.0%
BANK4               50      0       0      13        0.0%
BITSFR12             0      0       0      13        0.0%
SFR12                0      0       0      13        0.0%
BITBANK5            50      0       0      14        0.0%
BITSFR13             0      0       0      14        0.0%
SFR13                0      0       0      14        0.0%
BANK5               50      0       0      15        0.0%
BITSFR14             0      0       0      15        0.0%
SFR14                0      0       0      15        0.0%
BITBANK6            50      0       0      16        0.0%
BITSFR15             0      0       0      16        0.0%
SFR15                0      0       0      16        0.0%
BANK6               50      0       0      17        0.0%
BITSFR16             0      0       0      17        0.0%
SFR16                0      0       0      17        0.0%
BITBANK7            50      0       0      18        0.0%
BITSFR17             0      0       0      18        0.0%
SFR17                0      0       0      18        0.0%
BANK7               50      0       0      19        0.0%
BITSFR18             0      0       0      19        0.0%
SFR18                0      0       0      19        0.0%
BITSFR19             0      0       0      20        0.0%
SFR19                0      0       0      20        0.0%
ABS                  0      0       0      20        0.0%
BITBANK8            50      0       0      21        0.0%
BITSFR20             0      0       0      21        0.0%
SFR20                0      0       0      21        0.0%
BANK8               50      0       0      22        0.0%
BITSFR21             0      0       0      22        0.0%
SFR21                0      0       0      22        0.0%
BITBANK9            50      0       0      23        0.0%
BITSFR22             0      0       0      23        0.0%
SFR22                0      0       0      23        0.0%
BANK9               50      0       0      24        0.0%
BITSFR23             0      0       0      24        0.0%
SFR23                0      0       0      24        0.0%
BITBANK10           50      0       0      25        0.0%
BITSFR24             0      0       0      25        0.0%
SFR24                0      0       0      25        0.0%
BANK10              50      0       0      26        0.0%
BITSFR25             0      0       0      26        0.0%
SFR25                0      0       0      26        0.0%
BITBANK11           50      0       0      27        0.0%
BITSFR26             0      0       0      27        0.0%
SFR26                0      0       0      27        0.0%
BANK11              50      0       0      28        0.0%
BITSFR27             0      0       0      28        0.0%
SFR27                0      0       0      28        0.0%
BITBANK12           30      0       0      29        0.0%
BITSFR28             0      0       0      29        0.0%
SFR28                0      0       0      29        0.0%
BANK12              30      0       0      30        0.0%
BITSFR29             0      0       0      30        0.0%
SFR29                0      0       0      30        0.0%
BITSFR30             0      0       0      31        0.0%
SFR30                0      0       0      31        0.0%
DATA                 0      0       0      31        0.0%
BITSFR31             0      0       0      32        0.0%
SFR31                0      0       0      32        0.0%


Microchip Technology PIC Macro Assembler V2.36 build 20220127204148 
Symbol Table                                                                                   Tue Feb 27 20:57:12 2024

                            l41 079F                              l35 07BD                              l38 07A6  
                            l84 07B0                              u10 07CB                              u11 07C8  
                            u24 07CD                              u57 07D2                             l126 07FC  
                           l741 07E4                             l751 07EF                             l743 07E6  
                           l761 07F8                             l753 07F1                             l745 07E8  
                           l737 07DB                             l763 07FA                             l755 07F3  
                           l747 07EA                             l739 07E1                             l771 079C  
                           l765 07A0                             l757 07F5                             l749 07EC  
                           l773 07A7                             l781 07BE                             l767 07A3  
                           l759 07F7                             l775 07AC                             l783 07C1  
                           l769 07A4                             l777 07AD                             l785 07CD  
                           l779 07B1                             _PR2 001B                 _PWM4_Initialize 07A7  
                           wreg 0009                            _LATA 010C                            _LATB 010D  
                          _LATC 010E                            _LATD 010F                            _LATE 0110  
                          _TMR2 001A                            _WPUB 020D                            _WPUE 0210  
                          _main 07BE                            btemp 007E                            start 0002  
 __end_of_OSCILLATOR_Initialize 07A7                           ?_main 0070                           _T2CON 001C  
                         _TRISA 008C                           _TRISB 008D                           _TRISC 008E  
                         _TRISD 008F                           _TRISE 0090                  _WDT_Initialize 079C  
                         status 0003                           wtemp0 007E                 __initialization 07FD  
                  __end_of_main 07DB         __end_of_PWM4_Initialize 07B1                          ??_main 0070  
        __end_of_WDT_Initialize 07A0                          _CCPR4H 0319                          _CCPR4L 0318  
                        _APFCON 011D                          _ANSELA 018C                          _ANSELB 018D  
                        _ANSELD 018F                          _ANSELE 0190                          _BORCON 0116  
                        _OSCCON 0099                          _WDTCON 0097                    _CCPTMRS0bits 029E  
               ?_WDT_Initialize 0070               _SYSTEM_Initialize 07B1         __end_of__initialization 07FD  
            ?_SYSTEM_Initialize 0070                  __pcstackCOMMON 0070             ??_SYSTEM_Initialize 0070  
              ?_PWM4_Initialize 0070                  _OPTION_REGbits 0095       __end_of_SYSTEM_Initialize 07BE  
                    __pmaintext 07BE                         _CCP4CON 031A                         _OSCTUNE 0098  
                       __ptext1 07B1                         __ptext2 079C                         __ptext3 07A7  
                       __ptext4 07DB                         __ptext5 07A0           _OSCILLATOR_Initialize 07A0  
                     _T2CONbits 001C        ??_PIN_MANAGER_Initialize 0070            end_of_initialization 07FD  
              ??_WDT_Initialize 0070          ?_OSCILLATOR_Initialize 0070             start_initialization 07FD  
                     ___latbits 0003          _PIN_MANAGER_Initialize 07DB                        _LATDbits 010F  
                      _PIR1bits 0011               ??_PWM4_Initialize 0070         ??_OSCILLATOR_Initialize 0070  
       ?_PIN_MANAGER_Initialize 0070  __end_of_PIN_MANAGER_Initialize 07FD  
