

Microchip MPLAB XC8 Assembler V2.36 build 20220127204148 
                                                                                               Tue Feb 27 19:37:05 2024

Microchip MPLAB XC8 C Compiler v2.36 (Free license) build 20220127204148 Og1 
     1                           	processor	16F1939
     2                           	pagewidth 120
     3                           	opt	flic
     4                           	psect	cinit,global,class=CODE,merge=1,delta=2
     5                           	psect	bssCOMMON,global,class=COMMON,space=1,delta=1,noexec
     6                           	psect	cstackCOMMON,global,class=COMMON,space=1,delta=1,noexec
     7                           	psect	maintext,global,class=CODE,merge=1,split=1,delta=2
     8                           	psect	idloc,global,abs,ovrld,class=IDLOC,space=5,delta=2,noexec
     9                           	psect	config,global,abs,ovrld,class=CONFIG,space=4,delta=2,noexec
    10                           	dabs	1,0x7E,2
    11  0000                     
    12                           ; Generated 06/07/2023 GMT
    13                           ; 
    14                           ; Copyright © 2023, Microchip Technology Inc. and its subsidiaries ("Microchip")
    15                           ; All rights reserved.
    16                           ; 
    17                           ; This software is developed by Microchip Technology Inc. and its subsidiaries ("Microch
      +                          ip").
    18                           ; 
    19                           ; Redistribution and use in source and binary forms, with or without modification, are
    20                           ; permitted provided that the following conditions are met:
    21                           ; 
    22                           ;     1. Redistributions of source code must retain the above copyright notice, this lis
      +                          t of
    23                           ;        conditions and the following disclaimer.
    24                           ; 
    25                           ;     2. Redistributions in binary form must reproduce the above copyright notice, this 
      +                          list
    26                           ;        of conditions and the following disclaimer in the documentation and/or other
    27                           ;        materials provided with the distribution. Publication is not required when
    28                           ;        this file is used in an embedded application.
    29                           ; 
    30                           ;     3. Microchip's name may not be used to endorse or promote products derived from th
      +                          is
    31                           ;        software without specific prior written permission.
    32                           ; 
    33                           ; THIS SOFTWARE IS PROVIDED BY MICROCHIP "AS IS" AND ANY EXPRESS OR IMPLIED WARRANTIES,
    34                           ; INCLUDING, BUT NOT LIMITED TO, THE IMPLIED WARRANTIES OF MERCHANTABILITY AND FITNESS F
      +                          OR
    35                           ; PURPOSE ARE DISCLAIMED.  IN NO EVENT SHALL MICROCHIP BE LIABLE FOR ANY DIRECT, INDIREC
      +                          T,
    36                           ; INCIDENTAL, SPECIAL, EXEMPLARY, OR CONSEQUENTIAL DAMAGES (INCLUDING BUT NOT LIMITED TO
    37                           ; PROCUREMENT OF SUBSTITUTE GOODS OR SERVICES; LOSS OF USE, DATA OR PROFITS; OR BUSINESS
    38                           ; INTERRUPTION) HOWSOEVER CAUSED AND ON ANY THEORY OF LIABILITY, WHETHER IN CONTRACT, ST
      +                          RICT
    39                           ; LIABILITY, OR TORT (INCLUDING NEGLIGENCE OR OTHERWISE) ARISING IN ANY WAY OUT OF THE U
      +                          SE OF
    40                           ; THIS SOFTWARE, EVEN IF ADVISED OF THE POSSIBILITY OF SUCH DAMAGE.
    41                           ; 
    42                           ; 
    43                           ; Code-generator required, PIC16F1939 Definitions
    44                           ; 
    45                           ; SFR Addresses
    46  0000                     	;# 
    47  0001                     	;# 
    48  0002                     	;# 
    49  0003                     	;# 
    50  0004                     	;# 
    51  0005                     	;# 
    52  0006                     	;# 
    53  0007                     	;# 
    54  0008                     	;# 
    55  0009                     	;# 
    56  000A                     	;# 
    57  000B                     	;# 
    58  000C                     	;# 
    59  000D                     	;# 
    60  000E                     	;# 
    61  000F                     	;# 
    62  0010                     	;# 
    63  0011                     	;# 
    64  0012                     	;# 
    65  0013                     	;# 
    66  0015                     	;# 
    67  0016                     	;# 
    68  0016                     	;# 
    69  0017                     	;# 
    70  0018                     	;# 
    71  0019                     	;# 
    72  001A                     	;# 
    73  001B                     	;# 
    74  001C                     	;# 
    75  001E                     	;# 
    76  001F                     	;# 
    77  008C                     	;# 
    78  008D                     	;# 
    79  008E                     	;# 
    80  008F                     	;# 
    81  0090                     	;# 
    82  0091                     	;# 
    83  0092                     	;# 
    84  0093                     	;# 
    85  0095                     	;# 
    86  0096                     	;# 
    87  0097                     	;# 
    88  0098                     	;# 
    89  0099                     	;# 
    90  009A                     	;# 
    91  009B                     	;# 
    92  009B                     	;# 
    93  009C                     	;# 
    94  009D                     	;# 
    95  009E                     	;# 
    96  010C                     	;# 
    97  010D                     	;# 
    98  010E                     	;# 
    99  010F                     	;# 
   100  0110                     	;# 
   101  0111                     	;# 
   102  0112                     	;# 
   103  0113                     	;# 
   104  0114                     	;# 
   105  0115                     	;# 
   106  0116                     	;# 
   107  0117                     	;# 
   108  0118                     	;# 
   109  0119                     	;# 
   110  011A                     	;# 
   111  011B                     	;# 
   112  011D                     	;# 
   113  018C                     	;# 
   114  018D                     	;# 
   115  018F                     	;# 
   116  0190                     	;# 
   117  0191                     	;# 
   118  0191                     	;# 
   119  0192                     	;# 
   120  0193                     	;# 
   121  0193                     	;# 
   122  0193                     	;# 
   123  0194                     	;# 
   124  0195                     	;# 
   125  0196                     	;# 
   126  0199                     	;# 
   127  019A                     	;# 
   128  019B                     	;# 
   129  019B                     	;# 
   130  019B                     	;# 
   131  019B                     	;# 
   132  019C                     	;# 
   133  019C                     	;# 
   134  019D                     	;# 
   135  019E                     	;# 
   136  019F                     	;# 
   137  020D                     	;# 
   138  0210                     	;# 
   139  0211                     	;# 
   140  0212                     	;# 
   141  0213                     	;# 
   142  0214                     	;# 
   143  0215                     	;# 
   144  0215                     	;# 
   145  0216                     	;# 
   146  0217                     	;# 
   147  0291                     	;# 
   148  0291                     	;# 
   149  0292                     	;# 
   150  0293                     	;# 
   151  0294                     	;# 
   152  0295                     	;# 
   153  0295                     	;# 
   154  0296                     	;# 
   155  0298                     	;# 
   156  0298                     	;# 
   157  0299                     	;# 
   158  029A                     	;# 
   159  029B                     	;# 
   160  029C                     	;# 
   161  029C                     	;# 
   162  029D                     	;# 
   163  029E                     	;# 
   164  029F                     	;# 
   165  0311                     	;# 
   166  0311                     	;# 
   167  0312                     	;# 
   168  0313                     	;# 
   169  0314                     	;# 
   170  0315                     	;# 
   171  0315                     	;# 
   172  0316                     	;# 
   173  0318                     	;# 
   174  0318                     	;# 
   175  0319                     	;# 
   176  031A                     	;# 
   177  031C                     	;# 
   178  031C                     	;# 
   179  031D                     	;# 
   180  031E                     	;# 
   181  0394                     	;# 
   182  0395                     	;# 
   183  0396                     	;# 
   184  0415                     	;# 
   185  0416                     	;# 
   186  0417                     	;# 
   187  041C                     	;# 
   188  041D                     	;# 
   189  041E                     	;# 
   190  0791                     	;# 
   191  0792                     	;# 
   192  0793                     	;# 
   193  0794                     	;# 
   194  0795                     	;# 
   195  0798                     	;# 
   196  0799                     	;# 
   197  079A                     	;# 
   198  07A0                     	;# 
   199  07A1                     	;# 
   200  07A2                     	;# 
   201  07A3                     	;# 
   202  07A4                     	;# 
   203  07A5                     	;# 
   204  07A6                     	;# 
   205  07A7                     	;# 
   206  07A8                     	;# 
   207  07A9                     	;# 
   208  07AA                     	;# 
   209  07AB                     	;# 
   210  0FE4                     	;# 
   211  0FE5                     	;# 
   212  0FE6                     	;# 
   213  0FE7                     	;# 
   214  0FE8                     	;# 
   215  0FE9                     	;# 
   216  0FEA                     	;# 
   217  0FEB                     	;# 
   218  0FED                     	;# 
   219  0FEE                     	;# 
   220  0FEF                     	;# 
   221  0000                     	;# 
   222  0001                     	;# 
   223  0002                     	;# 
   224  0003                     	;# 
   225  0004                     	;# 
   226  0005                     	;# 
   227  0006                     	;# 
   228  0007                     	;# 
   229  0008                     	;# 
   230  0009                     	;# 
   231  000A                     	;# 
   232  000B                     	;# 
   233  000C                     	;# 
   234  000D                     	;# 
   235  000E                     	;# 
   236  000F                     	;# 
   237  0010                     	;# 
   238  0011                     	;# 
   239  0012                     	;# 
   240  0013                     	;# 
   241  0015                     	;# 
   242  0016                     	;# 
   243  0016                     	;# 
   244  0017                     	;# 
   245  0018                     	;# 
   246  0019                     	;# 
   247  001A                     	;# 
   248  001B                     	;# 
   249  001C                     	;# 
   250  001E                     	;# 
   251  001F                     	;# 
   252  008C                     	;# 
   253  008D                     	;# 
   254  008E                     	;# 
   255  008F                     	;# 
   256  0090                     	;# 
   257  0091                     	;# 
   258  0092                     	;# 
   259  0093                     	;# 
   260  0095                     	;# 
   261  0096                     	;# 
   262  0097                     	;# 
   263  0098                     	;# 
   264  0099                     	;# 
   265  009A                     	;# 
   266  009B                     	;# 
   267  009B                     	;# 
   268  009C                     	;# 
   269  009D                     	;# 
   270  009E                     	;# 
   271  010C                     	;# 
   272  010D                     	;# 
   273  010E                     	;# 
   274  010F                     	;# 
   275  0110                     	;# 
   276  0111                     	;# 
   277  0112                     	;# 
   278  0113                     	;# 
   279  0114                     	;# 
   280  0115                     	;# 
   281  0116                     	;# 
   282  0117                     	;# 
   283  0118                     	;# 
   284  0119                     	;# 
   285  011A                     	;# 
   286  011B                     	;# 
   287  011D                     	;# 
   288  018C                     	;# 
   289  018D                     	;# 
   290  018F                     	;# 
   291  0190                     	;# 
   292  0191                     	;# 
   293  0191                     	;# 
   294  0192                     	;# 
   295  0193                     	;# 
   296  0193                     	;# 
   297  0193                     	;# 
   298  0194                     	;# 
   299  0195                     	;# 
   300  0196                     	;# 
   301  0199                     	;# 
   302  019A                     	;# 
   303  019B                     	;# 
   304  019B                     	;# 
   305  019B                     	;# 
   306  019B                     	;# 
   307  019C                     	;# 
   308  019C                     	;# 
   309  019D                     	;# 
   310  019E                     	;# 
   311  019F                     	;# 
   312  020D                     	;# 
   313  0210                     	;# 
   314  0211                     	;# 
   315  0212                     	;# 
   316  0213                     	;# 
   317  0214                     	;# 
   318  0215                     	;# 
   319  0215                     	;# 
   320  0216                     	;# 
   321  0217                     	;# 
   322  0291                     	;# 
   323  0291                     	;# 
   324  0292                     	;# 
   325  0293                     	;# 
   326  0294                     	;# 
   327  0295                     	;# 
   328  0295                     	;# 
   329  0296                     	;# 
   330  0298                     	;# 
   331  0298                     	;# 
   332  0299                     	;# 
   333  029A                     	;# 
   334  029B                     	;# 
   335  029C                     	;# 
   336  029C                     	;# 
   337  029D                     	;# 
   338  029E                     	;# 
   339  029F                     	;# 
   340  0311                     	;# 
   341  0311                     	;# 
   342  0312                     	;# 
   343  0313                     	;# 
   344  0314                     	;# 
   345  0315                     	;# 
   346  0315                     	;# 
   347  0316                     	;# 
   348  0318                     	;# 
   349  0318                     	;# 
   350  0319                     	;# 
   351  031A                     	;# 
   352  031C                     	;# 
   353  031C                     	;# 
   354  031D                     	;# 
   355  031E                     	;# 
   356  0394                     	;# 
   357  0395                     	;# 
   358  0396                     	;# 
   359  0415                     	;# 
   360  0416                     	;# 
   361  0417                     	;# 
   362  041C                     	;# 
   363  041D                     	;# 
   364  041E                     	;# 
   365  0791                     	;# 
   366  0792                     	;# 
   367  0793                     	;# 
   368  0794                     	;# 
   369  0795                     	;# 
   370  0798                     	;# 
   371  0799                     	;# 
   372  079A                     	;# 
   373  07A0                     	;# 
   374  07A1                     	;# 
   375  07A2                     	;# 
   376  07A3                     	;# 
   377  07A4                     	;# 
   378  07A5                     	;# 
   379  07A6                     	;# 
   380  07A7                     	;# 
   381  07A8                     	;# 
   382  07A9                     	;# 
   383  07AA                     	;# 
   384  07AB                     	;# 
   385  0FE4                     	;# 
   386  0FE5                     	;# 
   387  0FE6                     	;# 
   388  0FE7                     	;# 
   389  0FE8                     	;# 
   390  0FE9                     	;# 
   391  0FEA                     	;# 
   392  0FEB                     	;# 
   393  0FED                     	;# 
   394  0FEE                     	;# 
   395  0FEF                     	;# 
   396  0000                     	;# 
   397  0001                     	;# 
   398  0002                     	;# 
   399  0003                     	;# 
   400  0004                     	;# 
   401  0005                     	;# 
   402  0006                     	;# 
   403  0007                     	;# 
   404  0008                     	;# 
   405  0009                     	;# 
   406  000A                     	;# 
   407  000B                     	;# 
   408  000C                     	;# 
   409  000D                     	;# 
   410  000E                     	;# 
   411  000F                     	;# 
   412  0010                     	;# 
   413  0011                     	;# 
   414  0012                     	;# 
   415  0013                     	;# 
   416  0015                     	;# 
   417  0016                     	;# 
   418  0016                     	;# 
   419  0017                     	;# 
   420  0018                     	;# 
   421  0019                     	;# 
   422  001A                     	;# 
   423  001B                     	;# 
   424  001C                     	;# 
   425  001E                     	;# 
   426  001F                     	;# 
   427  008C                     	;# 
   428  008D                     	;# 
   429  008E                     	;# 
   430  008F                     	;# 
   431  0090                     	;# 
   432  0091                     	;# 
   433  0092                     	;# 
   434  0093                     	;# 
   435  0095                     	;# 
   436  0096                     	;# 
   437  0097                     	;# 
   438  0098                     	;# 
   439  0099                     	;# 
   440  009A                     	;# 
   441  009B                     	;# 
   442  009B                     	;# 
   443  009C                     	;# 
   444  009D                     	;# 
   445  009E                     	;# 
   446  010C                     	;# 
   447  010D                     	;# 
   448  010E                     	;# 
   449  010F                     	;# 
   450  0110                     	;# 
   451  0111                     	;# 
   452  0112                     	;# 
   453  0113                     	;# 
   454  0114                     	;# 
   455  0115                     	;# 
   456  0116                     	;# 
   457  0117                     	;# 
   458  0118                     	;# 
   459  0119                     	;# 
   460  011A                     	;# 
   461  011B                     	;# 
   462  011D                     	;# 
   463  018C                     	;# 
   464  018D                     	;# 
   465  018F                     	;# 
   466  0190                     	;# 
   467  0191                     	;# 
   468  0191                     	;# 
   469  0192                     	;# 
   470  0193                     	;# 
   471  0193                     	;# 
   472  0193                     	;# 
   473  0194                     	;# 
   474  0195                     	;# 
   475  0196                     	;# 
   476  0199                     	;# 
   477  019A                     	;# 
   478  019B                     	;# 
   479  019B                     	;# 
   480  019B                     	;# 
   481  019B                     	;# 
   482  019C                     	;# 
   483  019C                     	;# 
   484  019D                     	;# 
   485  019E                     	;# 
   486  019F                     	;# 
   487  020D                     	;# 
   488  0210                     	;# 
   489  0211                     	;# 
   490  0212                     	;# 
   491  0213                     	;# 
   492  0214                     	;# 
   493  0215                     	;# 
   494  0215                     	;# 
   495  0216                     	;# 
   496  0217                     	;# 
   497  0291                     	;# 
   498  0291                     	;# 
   499  0292                     	;# 
   500  0293                     	;# 
   501  0294                     	;# 
   502  0295                     	;# 
   503  0295                     	;# 
   504  0296                     	;# 
   505  0298                     	;# 
   506  0298                     	;# 
   507  0299                     	;# 
   508  029A                     	;# 
   509  029B                     	;# 
   510  029C                     	;# 
   511  029C                     	;# 
   512  029D                     	;# 
   513  029E                     	;# 
   514  029F                     	;# 
   515  0311                     	;# 
   516  0311                     	;# 
   517  0312                     	;# 
   518  0313                     	;# 
   519  0314                     	;# 
   520  0315                     	;# 
   521  0315                     	;# 
   522  0316                     	;# 
   523  0318                     	;# 
   524  0318                     	;# 
   525  0319                     	;# 
   526  031A                     	;# 
   527  031C                     	;# 
   528  031C                     	;# 
   529  031D                     	;# 
   530  031E                     	;# 
   531  0394                     	;# 
   532  0395                     	;# 
   533  0396                     	;# 
   534  0415                     	;# 
   535  0416                     	;# 
   536  0417                     	;# 
   537  041C                     	;# 
   538  041D                     	;# 
   539  041E                     	;# 
   540  0791                     	;# 
   541  0792                     	;# 
   542  0793                     	;# 
   543  0794                     	;# 
   544  0795                     	;# 
   545  0798                     	;# 
   546  0799                     	;# 
   547  079A                     	;# 
   548  07A0                     	;# 
   549  07A1                     	;# 
   550  07A2                     	;# 
   551  07A3                     	;# 
   552  07A4                     	;# 
   553  07A5                     	;# 
   554  07A6                     	;# 
   555  07A7                     	;# 
   556  07A8                     	;# 
   557  07A9                     	;# 
   558  07AA                     	;# 
   559  07AB                     	;# 
   560  0FE4                     	;# 
   561  0FE5                     	;# 
   562  0FE6                     	;# 
   563  0FE7                     	;# 
   564  0FE8                     	;# 
   565  0FE9                     	;# 
   566  0FEA                     	;# 
   567  0FEB                     	;# 
   568  0FED                     	;# 
   569  0FEE                     	;# 
   570  0FEF                     	;# 
   571  000B                     _INTCONbits	set	11
   572  0015                     _TMR0	set	21
   573  0095                     _OPTION_REG	set	149
   574  008C                     _TRISAbits	set	140
   575  008F                     _TRISDbits	set	143
   576  0098                     _OSCTUNE	set	152
   577  0099                     _OSCCON	set	153
   578  010F                     _LATDbits	set	271
   579  0116                     _BORCON	set	278
   580  018C                     _ANSELAbits	set	396
   581  018F                     _ANSELDbits	set	399
   582                           
   583                           	psect	cinit
   584  07FB                     start_initialization:	
   585                           ; #config settings
   586                           
   587  07FB                     __initialization:
   588                           
   589                           ; Clear objects allocated to COMMON
   590  07FB  01F0               	clrf	__pbssCOMMON& (0+127)
   591  07FC  01F1               	clrf	(__pbssCOMMON+1)& (0+127)
   592  07FD                     end_of_initialization:	
   593                           ;End of C runtime variable initialization code
   594                           
   595  07FD                     __end_of__initialization:
   596  07FD  0020               	movlb	0
   597  07FE  3187  2FC4         	ljmp	_main	;jump to C main() function
   598                           
   599                           	psect	bssCOMMON
   600  0070                     __pbssCOMMON:
   601  0070                     _contador:
   602  0070                     	ds	2
   603                           
   604                           	psect	cstackCOMMON
   605  0072                     __pcstackCOMMON:
   606  0072                     ?_main:
   607  0072                     ??_main:	
   608                           ; 1 bytes @ 0x0
   609                           
   610                           
   611                           ; 1 bytes @ 0x0
   612  0072                     	ds	1
   613                           
   614                           	psect	maintext
   615  07C4                     __pmaintext:	
   616 ;;
   617 ;;Main: autosize = 0, tempsize = 1, incstack = 0, save=0
   618 ;;
   619 ;; *************** function _main *****************
   620 ;; Defined at:
   621 ;;		line 6 in file "main.c"
   622 ;; Parameters:    Size  Location     Type
   623 ;;		None
   624 ;; Auto vars:     Size  Location     Type
   625 ;;		None
   626 ;; Return value:  Size  Location     Type
   627 ;;                  1    wreg      void 
   628 ;; Registers used:
   629 ;;		wreg, status,2, status,0
   630 ;; Tracked objects:
   631 ;;		On entry : B1F/0
   632 ;;		On exit  : 0/0
   633 ;;		Unchanged: 0/0
   634 ;; Data sizes:     COMMON   BANK0   BANK1   BANK2   BANK3   BANK4   BANK5   BANK6   BANK7   BANK8   BANK9  BANK10  BANK1
      +1  BANK12
   635 ;;      Params:         0       0       0       0       0       0       0       0       0       0       0       0       
      +0       0
   636 ;;      Locals:         0       0       0       0       0       0       0       0       0       0       0       0       
      +0       0
   637 ;;      Temps:          1       0       0       0       0       0       0       0       0       0       0       0       
      +0       0
   638 ;;      Totals:         1       0       0       0       0       0       0       0       0       0       0       0       
      +0       0
   639 ;;Total ram usage:        1 bytes
   640 ;; This function calls:
   641 ;;		Nothing
   642 ;; This function is called by:
   643 ;;		Startup code after reset
   644 ;; This function uses a non-reentrant model
   645 ;;
   646                           
   647  07C4                     _main:	
   648                           ;psect for function _main
   649                           
   650  07C4                     l642:	
   651                           ;incstack = 0
   652                           ; Regs used in _main: [wreg+status,2+status,0]
   653                           
   654                           
   655                           ;main.c: 7:     OSCCON = 0x38;
   656  07C4  3038               	movlw	56
   657  07C5  0021               	movlb	1	; select bank1
   658  07C6  0099               	movwf	25	;volatile
   659  07C7                     l644:
   660                           
   661                           ;main.c: 8:     OSCTUNE = 0x00;
   662  07C7  0198               	clrf	24	;volatile
   663  07C8                     l646:
   664                           
   665                           ;main.c: 9:     BORCON = 0x00;
   666  07C8  0022               	movlb	2	; select bank2
   667  07C9  0196               	clrf	22	;volatile
   668  07CA                     l648:
   669                           
   670                           ;main.c: 11:     ANSELDbits.ANSD0 = 0;
   671  07CA  0023               	movlb	3	; select bank3
   672  07CB  100F               	bcf	15,0	;volatile
   673  07CC                     l650:
   674                           
   675                           ;main.c: 12:     TRISDbits.TRISD0 = 0;
   676  07CC  0021               	movlb	1	; select bank1
   677  07CD  100F               	bcf	15,0	;volatile
   678  07CE                     l652:
   679                           
   680                           ;main.c: 14:     ANSELAbits.ANSA4 = 0;
   681  07CE  0023               	movlb	3	; select bank3
   682  07CF  120C               	bcf	12,4	;volatile
   683  07D0                     l654:
   684                           
   685                           ;main.c: 15:     TRISAbits.TRISA4 = 1;
   686  07D0  0021               	movlb	1	; select bank1
   687  07D1  160C               	bsf	12,4	;volatile
   688                           
   689                           ;main.c: 17:     TMR0 = 100;
   690  07D2  3064               	movlw	100
   691  07D3  0020               	movlb	0	; select bank0
   692  07D4  0095               	movwf	21	;volatile
   693                           
   694                           ;main.c: 18:     OPTION_REG = 0x07;
   695  07D5  3007               	movlw	7
   696  07D6  0021               	movlb	1	; select bank1
   697  07D7  0095               	movwf	21	;volatile
   698  07D8                     l656:
   699                           
   700                           ;main.c: 21:         if(INTCONbits.TMR0IF){
   701  07D8  1D0B               	btfss	11,2	;volatile
   702  07D9  2FDB               	goto	u11
   703  07DA  2FDC               	goto	u10
   704  07DB                     u11:
   705  07DB  2FD8               	goto	l656
   706  07DC                     u10:
   707  07DC                     l658:
   708                           
   709                           ;main.c: 22:             TMR0 = 100;
   710  07DC  3064               	movlw	100
   711  07DD  0020               	movlb	0	; select bank0
   712  07DE  0095               	movwf	21	;volatile
   713  07DF                     l660:
   714                           
   715                           ;main.c: 23:             INTCONbits.TMR0IF = 0;
   716  07DF  110B               	bcf	11,2	;volatile
   717                           
   718                           ;main.c: 24:             contador++;
   719  07E0  3001               	movlw	1
   720  07E1  07F0               	addwf	_contador,f
   721  07E2  3000               	movlw	0
   722  07E3  3DF1               	addwfc	_contador+1,f
   723  07E4                     l662:
   724                           
   725                           ;main.c: 25:             if(contador==50){
   726  07E4  3032               	movlw	50
   727  07E5  0670               	xorwf	_contador,w
   728  07E6  0471               	iorwf	_contador+1,w
   729  07E7  1D03               	btfss	3,2
   730  07E8  2FEA               	goto	u21
   731  07E9  2FEB               	goto	u20
   732  07EA                     u21:
   733  07EA  2FD8               	goto	l656
   734  07EB                     u20:
   735  07EB                     l664:
   736                           
   737                           ;main.c: 26:                 contador=0;
   738  07EB  01F0               	clrf	_contador
   739  07EC  01F1               	clrf	_contador+1
   740  07ED                     l666:
   741                           
   742                           ;main.c: 27:                 LATDbits.LATD0 ^=1;
   743  07ED  0022               	movlb	2	; select bank2
   744  07EE  080F               	movf	15,w	;volatile
   745  07EF  3901               	andlw	1
   746  07F0  00F2               	movwf	??_main
   747  07F1  3001               	movlw	1
   748  07F2  06F2               	xorwf	??_main,f
   749  07F3  080F               	movf	15,w	;volatile
   750  07F4  0672               	xorwf	??_main,w
   751  07F5  39FE               	andlw	-2
   752  07F6  0672               	xorwf	??_main,w
   753  07F7  008F               	movwf	15	;volatile
   754  07F8  2FD8               	goto	l656
   755  07F9  3180  2802         	ljmp	start
   756  07FB                     __end_of_main:
   757  007E                     btemp	set	126	;btemp
   758  007E                     wtemp0	set	126
   759                           
   760                           	psect	idloc
   761                           
   762                           ;Config register IDLOC0 @ 0x8000
   763                           ;	unspecified, using default values
   764  8000                     	org	32768
   765  8000  3FFF               	dw	16383
   766                           
   767                           ;Config register IDLOC1 @ 0x8001
   768                           ;	unspecified, using default values
   769  8001                     	org	32769
   770  8001  3FFF               	dw	16383
   771                           
   772                           ;Config register IDLOC2 @ 0x8002
   773                           ;	unspecified, using default values
   774  8002                     	org	32770
   775  8002  3FFF               	dw	16383
   776                           
   777                           ;Config register IDLOC3 @ 0x8003
   778                           ;	unspecified, using default values
   779  8003                     	org	32771
   780  8003  3FFF               	dw	16383
   781                           
   782                           	psect	config
   783                           
   784                           ;Config register CONFIG1 @ 0x8007
   785                           ;	Oscillator Selection
   786                           ;	FOSC = HS, HS Oscillator, High-speed crystal/resonator connected between OSC1 and OSC2
      +                           pins
   787                           ;	Watchdog Timer Enable
   788                           ;	WDTE = OFF, WDT disabled
   789                           ;	Power-up Timer Enable
   790                           ;	PWRTE = OFF, PWRT disabled
   791                           ;	MCLR Pin Function Select
   792                           ;	MCLRE = ON, MCLR/VPP pin function is MCLR
   793                           ;	Flash Program Memory Code Protection
   794                           ;	CP = OFF, Program memory code protection is disabled
   795                           ;	Data Memory Code Protection
   796                           ;	CPD = OFF, Data memory code protection is disabled
   797                           ;	Brown-out Reset Enable
   798                           ;	BOREN = ON, Brown-out Reset enabled
   799                           ;	Clock Out Enable
   800                           ;	CLKOUTEN = OFF, CLKOUT function is disabled. I/O or oscillator function on the CLKOUT 
      +                          pin
   801                           ;	Internal/External Switchover
   802                           ;	IESO = ON, Internal/External Switchover mode is enabled
   803                           ;	Fail-Safe Clock Monitor Enable
   804                           ;	FCMEN = ON, Fail-Safe Clock Monitor is enabled
   805  8007                     	org	32775
   806  8007  3FE2               	dw	16354
   807                           
   808                           ;Config register CONFIG2 @ 0x8008
   809                           ;	Flash Memory Self-Write Protection
   810                           ;	WRT = OFF, Write protection off
   811                           ;	Voltage Regulator Capacitor Enable
   812                           ;	VCAPEN = OFF, All VCAP pin functionality is disabled
   813                           ;	PLL Enable
   814                           ;	PLLEN = OFF, 4x PLL disabled
   815                           ;	Stack Overflow/Underflow Reset Enable
   816                           ;	STVREN = ON, Stack Overflow or Underflow will cause a Reset
   817                           ;	Brown-out Reset Voltage Selection
   818                           ;	BORV = LO, Brown-out Reset Voltage (Vbor), low trip point selected.
   819                           ;	Low-Voltage Programming Enable
   820                           ;	LVP = ON, Low-voltage programming enabled
   821  8008                     	org	32776
   822  8008  3EFF               	dw	16127

Data Sizes:
    Strings     0
    Constant    0
    Data        0
    BSS         2
    Persistent  32
    Stack       0

Auto Spaces:
    Space          Size  Autos    Used
    COMMON           14      1       3
    BANK0            80      0       0
    BANK1            80      0       0
    BANK2            80      0       0
    BANK3            80      0       0
    BANK4            80      0       0
    BANK5            80      0       0
    BANK6            80      0       0
    BANK7            80      0       0
    BANK8            80      0       0
    BANK9            80      0       0
    BANK10           80      0       0
    BANK11           80      0       0
    BANK12           48      0       0

Pointer List with Targets:

    None.

Critical Paths under _main in COMMON

    None.

Critical Paths under _main in BANK0

    None.

Critical Paths under _main in BANK1

    None.

Critical Paths under _main in BANK2

    None.

Critical Paths under _main in BANK3

    None.

Critical Paths under _main in BANK4

    None.

Critical Paths under _main in BANK5

    None.

Critical Paths under _main in BANK6

    None.

Critical Paths under _main in BANK7

    None.

Critical Paths under _main in BANK8

    None.

Critical Paths under _main in BANK9

    None.

Critical Paths under _main in BANK10

    None.

Critical Paths under _main in BANK11

    None.

Critical Paths under _main in BANK12

    None.

Call Graph Tables:

 ---------------------------------------------------------------------------------
 (Depth) Function   	        Calls       Base Space   Used Autos Params    Refs
 ---------------------------------------------------------------------------------
 (0) _main                                                 1     1      0       0
                                              0 COMMON     1     1      0
 ---------------------------------------------------------------------------------
 Estimated maximum stack depth 0
 ---------------------------------------------------------------------------------

 Call Graph Graphs:

 _main (ROOT)

 Address spaces:
Name               Size   Autos  Total    Cost      Usage
BIGRAM             3F0      0       0       0        0.0%
EEDATA             100      0       0       0        0.0%
NULL                 0      0       0       0        0.0%
CODE                 0      0       0       0        0.0%
BITCOMMON            E      0       0       1        0.0%
BITSFR0              0      0       0       1        0.0%
SFR0                 0      0       0       1        0.0%
COMMON               E      1       3       2       21.4%
BITSFR1              0      0       0       2        0.0%
SFR1                 0      0       0       2        0.0%
BITSFR2              0      0       0       3        0.0%
SFR2                 0      0       0       3        0.0%
STACK                0      0       0       3        0.0%
BITBANK0            50      0       0       4        0.0%
BITSFR3              0      0       0       4        0.0%
SFR3                 0      0       0       4        0.0%
BANK0               50      0       0       5        0.0%
BITSFR4              0      0       0       5        0.0%
SFR4                 0      0       0       5        0.0%
BITBANK1            50      0       0       6        0.0%
BITSFR5              0      0       0       6        0.0%
SFR5                 0      0       0       6        0.0%
BANK1               50      0       0       7        0.0%
BITSFR6              0      0       0       7        0.0%
SFR6                 0      0       0       7        0.0%
BITBANK2            50      0       0       8        0.0%
BITSFR7              0      0       0       8        0.0%
SFR7                 0      0       0       8        0.0%
BANK2               50      0       0       9        0.0%
BITSFR8              0      0       0       9        0.0%
SFR8                 0      0       0       9        0.0%
BITBANK3            50      0       0      10        0.0%
BITSFR9              0      0       0      10        0.0%
SFR9                 0      0       0      10        0.0%
BANK3               50      0       0      11        0.0%
BITSFR10             0      0       0      11        0.0%
SFR10                0      0       0      11        0.0%
BITBANK4            50      0       0      12        0.0%
BITSFR11             0      0       0      12        0.0%
SFR11                0      0       0      12        0.0%
BANK4               50      0       0      13        0.0%
BITSFR12             0      0       0      13        0.0%
SFR12                0      0       0      13        0.0%
BITBANK5            50      0       0      14        0.0%
BITSFR13             0      0       0      14        0.0%
SFR13                0      0       0      14        0.0%
BANK5               50      0       0      15        0.0%
BITSFR14             0      0       0      15        0.0%
SFR14                0      0       0      15        0.0%
BITBANK6            50      0       0      16        0.0%
BITSFR15             0      0       0      16        0.0%
SFR15                0      0       0      16        0.0%
BANK6               50      0       0      17        0.0%
BITSFR16             0      0       0      17        0.0%
SFR16                0      0       0      17        0.0%
BITBANK7            50      0       0      18        0.0%
BITSFR17             0      0       0      18        0.0%
SFR17                0      0       0      18        0.0%
BANK7               50      0       0      19        0.0%
BITSFR18             0      0       0      19        0.0%
SFR18                0      0       0      19        0.0%
BITSFR19             0      0       0      20        0.0%
SFR19                0      0       0      20        0.0%
ABS                  0      0       3      20        0.0%
BITBANK8            50      0       0      21        0.0%
BITSFR20             0      0       0      21        0.0%
SFR20                0      0       0      21        0.0%
BANK8               50      0       0      22        0.0%
BITSFR21             0      0       0      22        0.0%
SFR21                0      0       0      22        0.0%
BITBANK9            50      0       0      23        0.0%
BITSFR22             0      0       0      23        0.0%
SFR22                0      0       0      23        0.0%
BANK9               50      0       0      24        0.0%
BITSFR23             0      0       0      24        0.0%
SFR23                0      0       0      24        0.0%
BITBANK10           50      0       0      25        0.0%
BITSFR24             0      0       0      25        0.0%
SFR24                0      0       0      25        0.0%
BANK10              50      0       0      26        0.0%
BITSFR25             0      0       0      26        0.0%
SFR25                0      0       0      26        0.0%
BITBANK11           50      0       0      27        0.0%
BITSFR26             0      0       0      27        0.0%
SFR26                0      0       0      27        0.0%
BANK11              50      0       0      28        0.0%
BITSFR27             0      0       0      28        0.0%
SFR27                0      0       0      28        0.0%
BITBANK12           30      0       0      29        0.0%
BITSFR28             0      0       0      29        0.0%
SFR28                0      0       0      29        0.0%
BANK12              30      0       0      30        0.0%
BITSFR29             0      0       0      30        0.0%
SFR29                0      0       0      30        0.0%
BITSFR30             0      0       0      31        0.0%
SFR30                0      0       0      31        0.0%
DATA                 0      0       3      31        0.0%
BITSFR31             0      0       0      32        0.0%
SFR31                0      0       0      32        0.0%


Microchip Technology PIC Macro Assembler V2.36 build 20220127204148 
Symbol Table                                                                                   Tue Feb 27 19:37:05 2024

                     u10 07DC                       u11 07DB                       u20 07EB  
                     u21 07EA                      l650 07CC                      l642 07C4  
                    l660 07DF                      l652 07CE                      l644 07C7  
                    l662 07E4                      l654 07D0                      l646 07C8  
                    l664 07EB                      l656 07D8                      l648 07CA  
                    l666 07ED                      l658 07DC                     _TMR0 0015  
                   _main 07C4                     btemp 007E                     start 0002  
                  ?_main 0072                    status 0003                    wtemp0 007E  
        __initialization 07FB             __end_of_main 07FB                   ??_main 0072  
                 _BORCON 0116                   _OSCCON 0099  __end_of__initialization 07FD  
         __pcstackCOMMON 0072               __pmaintext 07C4                  _OSCTUNE 0098  
   end_of_initialization 07FD                _TRISAbits 008C                _TRISDbits 008F  
    start_initialization 07FB              __pbssCOMMON 0070                ___latbits 0003  
               _LATDbits 010F               _ANSELAbits 018C               _ANSELDbits 018F  
               _contador 0070               _INTCONbits 000B               _OPTION_REG 0095  
