

Microchip MPLAB XC8 Assembler V2.36 build 20220127204148 
                                                                                               Thu Sep 21 20:35:47 2023

Microchip MPLAB XC8 C Compiler v2.36 (Free license) build 20220127204148 Og1 
     1                           	processor	16F1939
     2                           	pagewidth 120
     3                           	opt	flic
     4                           	psect	idataBANK0,global,class=CODE,delta=2,noexec
     5                           	psect	stringtext1,global,class=STRCODE,delta=2,noexec
     6                           	psect	nvCOMMON,global,class=COMMON,space=1,delta=1,noexec
     7                           	psect	nvBANK0,global,class=BANK0,space=1,delta=1,noexec
     8                           	psect	cinit,global,class=CODE,merge=1,delta=2
     9                           	psect	bssCOMMON,global,class=COMMON,space=1,delta=1,noexec
    10                           	psect	dataBANK0,global,class=BANK0,space=1,delta=1,noexec
    11                           	psect	inittext,global,class=CODE,delta=2
    12                           	psect	cstackCOMMON,global,class=COMMON,space=1,delta=1,noexec
    13                           	psect	maintext,global,class=CODE,merge=1,split=1,delta=2
    14                           	psect	text1,local,class=CODE,merge=1,delta=2
    15                           	psect	text2,local,class=CODE,merge=1,delta=2
    16                           	psect	text3,local,class=CODE,merge=1,delta=2,group=1
    17                           	psect	text4,local,class=CODE,merge=1,delta=2,group=1
    18                           	psect	idloc,global,abs,ovrld,class=IDLOC,space=5,delta=2,noexec
    19                           	psect	config,global,abs,ovrld,class=CONFIG,space=4,delta=2,noexec
    20                           	dabs	1,0x7E,2
    21  0000                     
    22                           ; Version 2.40
    23                           ; Generated 17/11/2021 GMT
    24                           ; 
    25                           ; Copyright © 2021, Microchip Technology Inc. and its subsidiaries ("Microchip")
    26                           ; All rights reserved.
    27                           ; 
    28                           ; This software is developed by Microchip Technology Inc. and its subsidiaries ("Microch
      +                          ip").
    29                           ; 
    30                           ; Redistribution and use in source and binary forms, with or without modification, are
    31                           ; permitted provided that the following conditions are met:
    32                           ; 
    33                           ;     1. Redistributions of source code must retain the above copyright notice, this lis
      +                          t of
    34                           ;        conditions and the following disclaimer.
    35                           ; 
    36                           ;     2. Redistributions in binary form must reproduce the above copyright notice, this 
      +                          list
    37                           ;        of conditions and the following disclaimer in the documentation and/or other
    38                           ;        materials provided with the distribution. Publication is not required when
    39                           ;        this file is used in an embedded application.
    40                           ; 
    41                           ;     3. Microchip's name may not be used to endorse or promote products derived from th
      +                          is
    42                           ;        software without specific prior written permission.
    43                           ; 
    44                           ; THIS SOFTWARE IS PROVIDED BY MICROCHIP "AS IS" AND ANY EXPRESS OR IMPLIED WARRANTIES,
    45                           ; INCLUDING, BUT NOT LIMITED TO, THE IMPLIED WARRANTIES OF MERCHANTABILITY AND FITNESS F
      +                          OR
    46                           ; PURPOSE ARE DISCLAIMED.  IN NO EVENT SHALL MICROCHIP BE LIABLE FOR ANY DIRECT, INDIREC
      +                          T,
    47                           ; INCIDENTAL, SPECIAL, EXEMPLARY, OR CONSEQUENTIAL DAMAGES (INCLUDING BUT NOT LIMITED TO
    48                           ; PROCUREMENT OF SUBSTITUTE GOODS OR SERVICES; LOSS OF USE, DATA OR PROFITS; OR BUSINESS
    49                           ; INTERRUPTION) HOWSOEVER CAUSED AND ON ANY THEORY OF LIABILITY, WHETHER IN CONTRACT, ST
      +                          RICT
    50                           ; LIABILITY, OR TORT (INCLUDING NEGLIGENCE OR OTHERWISE) ARISING IN ANY WAY OUT OF THE U
      +                          SE OF
    51                           ; THIS SOFTWARE, EVEN IF ADVISED OF THE POSSIBILITY OF SUCH DAMAGE.
    52                           ; 
    53                           ; 
    54                           ; Code-generator required, PIC16F1939 Definitions
    55                           ; 
    56                           ; SFR Addresses
    57  0000                     	;# 
    58  0001                     	;# 
    59  0002                     	;# 
    60  0003                     	;# 
    61  0004                     	;# 
    62  0005                     	;# 
    63  0006                     	;# 
    64  0007                     	;# 
    65  0008                     	;# 
    66  0009                     	;# 
    67  000A                     	;# 
    68  000B                     	;# 
    69  000C                     	;# 
    70  000D                     	;# 
    71  000E                     	;# 
    72  000F                     	;# 
    73  0010                     	;# 
    74  0011                     	;# 
    75  0012                     	;# 
    76  0013                     	;# 
    77  0015                     	;# 
    78  0016                     	;# 
    79  0016                     	;# 
    80  0017                     	;# 
    81  0018                     	;# 
    82  0019                     	;# 
    83  001A                     	;# 
    84  001B                     	;# 
    85  001C                     	;# 
    86  001E                     	;# 
    87  001F                     	;# 
    88  008C                     	;# 
    89  008D                     	;# 
    90  008E                     	;# 
    91  008F                     	;# 
    92  0090                     	;# 
    93  0091                     	;# 
    94  0092                     	;# 
    95  0093                     	;# 
    96  0095                     	;# 
    97  0096                     	;# 
    98  0097                     	;# 
    99  0098                     	;# 
   100  0099                     	;# 
   101  009A                     	;# 
   102  009B                     	;# 
   103  009B                     	;# 
   104  009C                     	;# 
   105  009D                     	;# 
   106  009E                     	;# 
   107  010C                     	;# 
   108  010D                     	;# 
   109  010E                     	;# 
   110  010F                     	;# 
   111  0110                     	;# 
   112  0111                     	;# 
   113  0112                     	;# 
   114  0113                     	;# 
   115  0114                     	;# 
   116  0115                     	;# 
   117  0116                     	;# 
   118  0117                     	;# 
   119  0118                     	;# 
   120  0119                     	;# 
   121  011A                     	;# 
   122  011B                     	;# 
   123  011D                     	;# 
   124  018C                     	;# 
   125  018D                     	;# 
   126  018F                     	;# 
   127  0190                     	;# 
   128  0191                     	;# 
   129  0191                     	;# 
   130  0192                     	;# 
   131  0193                     	;# 
   132  0193                     	;# 
   133  0193                     	;# 
   134  0194                     	;# 
   135  0195                     	;# 
   136  0196                     	;# 
   137  0199                     	;# 
   138  019A                     	;# 
   139  019B                     	;# 
   140  019B                     	;# 
   141  019B                     	;# 
   142  019B                     	;# 
   143  019C                     	;# 
   144  019C                     	;# 
   145  019D                     	;# 
   146  019E                     	;# 
   147  019F                     	;# 
   148  020D                     	;# 
   149  0210                     	;# 
   150  0211                     	;# 
   151  0212                     	;# 
   152  0213                     	;# 
   153  0214                     	;# 
   154  0215                     	;# 
   155  0215                     	;# 
   156  0216                     	;# 
   157  0217                     	;# 
   158  0291                     	;# 
   159  0291                     	;# 
   160  0292                     	;# 
   161  0293                     	;# 
   162  0294                     	;# 
   163  0295                     	;# 
   164  0295                     	;# 
   165  0296                     	;# 
   166  0298                     	;# 
   167  0298                     	;# 
   168  0299                     	;# 
   169  029A                     	;# 
   170  029B                     	;# 
   171  029C                     	;# 
   172  029C                     	;# 
   173  029D                     	;# 
   174  029E                     	;# 
   175  029F                     	;# 
   176  0311                     	;# 
   177  0311                     	;# 
   178  0312                     	;# 
   179  0313                     	;# 
   180  0314                     	;# 
   181  0315                     	;# 
   182  0315                     	;# 
   183  0316                     	;# 
   184  0318                     	;# 
   185  0318                     	;# 
   186  0319                     	;# 
   187  031A                     	;# 
   188  031C                     	;# 
   189  031C                     	;# 
   190  031D                     	;# 
   191  031E                     	;# 
   192  0394                     	;# 
   193  0395                     	;# 
   194  0396                     	;# 
   195  0415                     	;# 
   196  0416                     	;# 
   197  0417                     	;# 
   198  041C                     	;# 
   199  041D                     	;# 
   200  041E                     	;# 
   201  0791                     	;# 
   202  0792                     	;# 
   203  0793                     	;# 
   204  0794                     	;# 
   205  0795                     	;# 
   206  0798                     	;# 
   207  0799                     	;# 
   208  079A                     	;# 
   209  07A0                     	;# 
   210  07A1                     	;# 
   211  07A2                     	;# 
   212  07A3                     	;# 
   213  07A4                     	;# 
   214  07A5                     	;# 
   215  07A6                     	;# 
   216  07A7                     	;# 
   217  07A8                     	;# 
   218  07A9                     	;# 
   219  07AA                     	;# 
   220  07AB                     	;# 
   221  0FE4                     	;# 
   222  0FE5                     	;# 
   223  0FE6                     	;# 
   224  0FE7                     	;# 
   225  0FE8                     	;# 
   226  0FE9                     	;# 
   227  0FEA                     	;# 
   228  0FEB                     	;# 
   229  0FED                     	;# 
   230  0FEE                     	;# 
   231  0FEF                     	;# 
   232  0000                     	;# 
   233  0001                     	;# 
   234  0002                     	;# 
   235  0003                     	;# 
   236  0004                     	;# 
   237  0005                     	;# 
   238  0006                     	;# 
   239  0007                     	;# 
   240  0008                     	;# 
   241  0009                     	;# 
   242  000A                     	;# 
   243  000B                     	;# 
   244  000C                     	;# 
   245  000D                     	;# 
   246  000E                     	;# 
   247  000F                     	;# 
   248  0010                     	;# 
   249  0011                     	;# 
   250  0012                     	;# 
   251  0013                     	;# 
   252  0015                     	;# 
   253  0016                     	;# 
   254  0016                     	;# 
   255  0017                     	;# 
   256  0018                     	;# 
   257  0019                     	;# 
   258  001A                     	;# 
   259  001B                     	;# 
   260  001C                     	;# 
   261  001E                     	;# 
   262  001F                     	;# 
   263  008C                     	;# 
   264  008D                     	;# 
   265  008E                     	;# 
   266  008F                     	;# 
   267  0090                     	;# 
   268  0091                     	;# 
   269  0092                     	;# 
   270  0093                     	;# 
   271  0095                     	;# 
   272  0096                     	;# 
   273  0097                     	;# 
   274  0098                     	;# 
   275  0099                     	;# 
   276  009A                     	;# 
   277  009B                     	;# 
   278  009B                     	;# 
   279  009C                     	;# 
   280  009D                     	;# 
   281  009E                     	;# 
   282  010C                     	;# 
   283  010D                     	;# 
   284  010E                     	;# 
   285  010F                     	;# 
   286  0110                     	;# 
   287  0111                     	;# 
   288  0112                     	;# 
   289  0113                     	;# 
   290  0114                     	;# 
   291  0115                     	;# 
   292  0116                     	;# 
   293  0117                     	;# 
   294  0118                     	;# 
   295  0119                     	;# 
   296  011A                     	;# 
   297  011B                     	;# 
   298  011D                     	;# 
   299  018C                     	;# 
   300  018D                     	;# 
   301  018F                     	;# 
   302  0190                     	;# 
   303  0191                     	;# 
   304  0191                     	;# 
   305  0192                     	;# 
   306  0193                     	;# 
   307  0193                     	;# 
   308  0193                     	;# 
   309  0194                     	;# 
   310  0195                     	;# 
   311  0196                     	;# 
   312  0199                     	;# 
   313  019A                     	;# 
   314  019B                     	;# 
   315  019B                     	;# 
   316  019B                     	;# 
   317  019B                     	;# 
   318  019C                     	;# 
   319  019C                     	;# 
   320  019D                     	;# 
   321  019E                     	;# 
   322  019F                     	;# 
   323  020D                     	;# 
   324  0210                     	;# 
   325  0211                     	;# 
   326  0212                     	;# 
   327  0213                     	;# 
   328  0214                     	;# 
   329  0215                     	;# 
   330  0215                     	;# 
   331  0216                     	;# 
   332  0217                     	;# 
   333  0291                     	;# 
   334  0291                     	;# 
   335  0292                     	;# 
   336  0293                     	;# 
   337  0294                     	;# 
   338  0295                     	;# 
   339  0295                     	;# 
   340  0296                     	;# 
   341  0298                     	;# 
   342  0298                     	;# 
   343  0299                     	;# 
   344  029A                     	;# 
   345  029B                     	;# 
   346  029C                     	;# 
   347  029C                     	;# 
   348  029D                     	;# 
   349  029E                     	;# 
   350  029F                     	;# 
   351  0311                     	;# 
   352  0311                     	;# 
   353  0312                     	;# 
   354  0313                     	;# 
   355  0314                     	;# 
   356  0315                     	;# 
   357  0315                     	;# 
   358  0316                     	;# 
   359  0318                     	;# 
   360  0318                     	;# 
   361  0319                     	;# 
   362  031A                     	;# 
   363  031C                     	;# 
   364  031C                     	;# 
   365  031D                     	;# 
   366  031E                     	;# 
   367  0394                     	;# 
   368  0395                     	;# 
   369  0396                     	;# 
   370  0415                     	;# 
   371  0416                     	;# 
   372  0417                     	;# 
   373  041C                     	;# 
   374  041D                     	;# 
   375  041E                     	;# 
   376  0791                     	;# 
   377  0792                     	;# 
   378  0793                     	;# 
   379  0794                     	;# 
   380  0795                     	;# 
   381  0798                     	;# 
   382  0799                     	;# 
   383  079A                     	;# 
   384  07A0                     	;# 
   385  07A1                     	;# 
   386  07A2                     	;# 
   387  07A3                     	;# 
   388  07A4                     	;# 
   389  07A5                     	;# 
   390  07A6                     	;# 
   391  07A7                     	;# 
   392  07A8                     	;# 
   393  07A9                     	;# 
   394  07AA                     	;# 
   395  07AB                     	;# 
   396  0FE4                     	;# 
   397  0FE5                     	;# 
   398  0FE6                     	;# 
   399  0FE7                     	;# 
   400  0FE8                     	;# 
   401  0FE9                     	;# 
   402  0FEA                     	;# 
   403  0FEB                     	;# 
   404  0FED                     	;# 
   405  0FEE                     	;# 
   406  0FEF                     	;# 
   407  0000                     	;# 
   408  0001                     	;# 
   409  0002                     	;# 
   410  0003                     	;# 
   411  0004                     	;# 
   412  0005                     	;# 
   413  0006                     	;# 
   414  0007                     	;# 
   415  0008                     	;# 
   416  0009                     	;# 
   417  000A                     	;# 
   418  000B                     	;# 
   419  000C                     	;# 
   420  000D                     	;# 
   421  000E                     	;# 
   422  000F                     	;# 
   423  0010                     	;# 
   424  0011                     	;# 
   425  0012                     	;# 
   426  0013                     	;# 
   427  0015                     	;# 
   428  0016                     	;# 
   429  0016                     	;# 
   430  0017                     	;# 
   431  0018                     	;# 
   432  0019                     	;# 
   433  001A                     	;# 
   434  001B                     	;# 
   435  001C                     	;# 
   436  001E                     	;# 
   437  001F                     	;# 
   438  008C                     	;# 
   439  008D                     	;# 
   440  008E                     	;# 
   441  008F                     	;# 
   442  0090                     	;# 
   443  0091                     	;# 
   444  0092                     	;# 
   445  0093                     	;# 
   446  0095                     	;# 
   447  0096                     	;# 
   448  0097                     	;# 
   449  0098                     	;# 
   450  0099                     	;# 
   451  009A                     	;# 
   452  009B                     	;# 
   453  009B                     	;# 
   454  009C                     	;# 
   455  009D                     	;# 
   456  009E                     	;# 
   457  010C                     	;# 
   458  010D                     	;# 
   459  010E                     	;# 
   460  010F                     	;# 
   461  0110                     	;# 
   462  0111                     	;# 
   463  0112                     	;# 
   464  0113                     	;# 
   465  0114                     	;# 
   466  0115                     	;# 
   467  0116                     	;# 
   468  0117                     	;# 
   469  0118                     	;# 
   470  0119                     	;# 
   471  011A                     	;# 
   472  011B                     	;# 
   473  011D                     	;# 
   474  018C                     	;# 
   475  018D                     	;# 
   476  018F                     	;# 
   477  0190                     	;# 
   478  0191                     	;# 
   479  0191                     	;# 
   480  0192                     	;# 
   481  0193                     	;# 
   482  0193                     	;# 
   483  0193                     	;# 
   484  0194                     	;# 
   485  0195                     	;# 
   486  0196                     	;# 
   487  0199                     	;# 
   488  019A                     	;# 
   489  019B                     	;# 
   490  019B                     	;# 
   491  019B                     	;# 
   492  019B                     	;# 
   493  019C                     	;# 
   494  019C                     	;# 
   495  019D                     	;# 
   496  019E                     	;# 
   497  019F                     	;# 
   498  020D                     	;# 
   499  0210                     	;# 
   500  0211                     	;# 
   501  0212                     	;# 
   502  0213                     	;# 
   503  0214                     	;# 
   504  0215                     	;# 
   505  0215                     	;# 
   506  0216                     	;# 
   507  0217                     	;# 
   508  0291                     	;# 
   509  0291                     	;# 
   510  0292                     	;# 
   511  0293                     	;# 
   512  0294                     	;# 
   513  0295                     	;# 
   514  0295                     	;# 
   515  0296                     	;# 
   516  0298                     	;# 
   517  0298                     	;# 
   518  0299                     	;# 
   519  029A                     	;# 
   520  029B                     	;# 
   521  029C                     	;# 
   522  029C                     	;# 
   523  029D                     	;# 
   524  029E                     	;# 
   525  029F                     	;# 
   526  0311                     	;# 
   527  0311                     	;# 
   528  0312                     	;# 
   529  0313                     	;# 
   530  0314                     	;# 
   531  0315                     	;# 
   532  0315                     	;# 
   533  0316                     	;# 
   534  0318                     	;# 
   535  0318                     	;# 
   536  0319                     	;# 
   537  031A                     	;# 
   538  031C                     	;# 
   539  031C                     	;# 
   540  031D                     	;# 
   541  031E                     	;# 
   542  0394                     	;# 
   543  0395                     	;# 
   544  0396                     	;# 
   545  0415                     	;# 
   546  0416                     	;# 
   547  0417                     	;# 
   548  041C                     	;# 
   549  041D                     	;# 
   550  041E                     	;# 
   551  0791                     	;# 
   552  0792                     	;# 
   553  0793                     	;# 
   554  0794                     	;# 
   555  0795                     	;# 
   556  0798                     	;# 
   557  0799                     	;# 
   558  079A                     	;# 
   559  07A0                     	;# 
   560  07A1                     	;# 
   561  07A2                     	;# 
   562  07A3                     	;# 
   563  07A4                     	;# 
   564  07A5                     	;# 
   565  07A6                     	;# 
   566  07A7                     	;# 
   567  07A8                     	;# 
   568  07A9                     	;# 
   569  07AA                     	;# 
   570  07AB                     	;# 
   571  0FE4                     	;# 
   572  0FE5                     	;# 
   573  0FE6                     	;# 
   574  0FE7                     	;# 
   575  0FE8                     	;# 
   576  0FE9                     	;# 
   577  0FEA                     	;# 
   578  0FEB                     	;# 
   579  0FED                     	;# 
   580  0FEE                     	;# 
   581  0FEF                     	;# 
   582  0000                     	;# 
   583  0001                     	;# 
   584  0002                     	;# 
   585  0003                     	;# 
   586  0004                     	;# 
   587  0005                     	;# 
   588  0006                     	;# 
   589  0007                     	;# 
   590  0008                     	;# 
   591  0009                     	;# 
   592  000A                     	;# 
   593  000B                     	;# 
   594  000C                     	;# 
   595  000D                     	;# 
   596  000E                     	;# 
   597  000F                     	;# 
   598  0010                     	;# 
   599  0011                     	;# 
   600  0012                     	;# 
   601  0013                     	;# 
   602  0015                     	;# 
   603  0016                     	;# 
   604  0016                     	;# 
   605  0017                     	;# 
   606  0018                     	;# 
   607  0019                     	;# 
   608  001A                     	;# 
   609  001B                     	;# 
   610  001C                     	;# 
   611  001E                     	;# 
   612  001F                     	;# 
   613  008C                     	;# 
   614  008D                     	;# 
   615  008E                     	;# 
   616  008F                     	;# 
   617  0090                     	;# 
   618  0091                     	;# 
   619  0092                     	;# 
   620  0093                     	;# 
   621  0095                     	;# 
   622  0096                     	;# 
   623  0097                     	;# 
   624  0098                     	;# 
   625  0099                     	;# 
   626  009A                     	;# 
   627  009B                     	;# 
   628  009B                     	;# 
   629  009C                     	;# 
   630  009D                     	;# 
   631  009E                     	;# 
   632  010C                     	;# 
   633  010D                     	;# 
   634  010E                     	;# 
   635  010F                     	;# 
   636  0110                     	;# 
   637  0111                     	;# 
   638  0112                     	;# 
   639  0113                     	;# 
   640  0114                     	;# 
   641  0115                     	;# 
   642  0116                     	;# 
   643  0117                     	;# 
   644  0118                     	;# 
   645  0119                     	;# 
   646  011A                     	;# 
   647  011B                     	;# 
   648  011D                     	;# 
   649  018C                     	;# 
   650  018D                     	;# 
   651  018F                     	;# 
   652  0190                     	;# 
   653  0191                     	;# 
   654  0191                     	;# 
   655  0192                     	;# 
   656  0193                     	;# 
   657  0193                     	;# 
   658  0193                     	;# 
   659  0194                     	;# 
   660  0195                     	;# 
   661  0196                     	;# 
   662  0199                     	;# 
   663  019A                     	;# 
   664  019B                     	;# 
   665  019B                     	;# 
   666  019B                     	;# 
   667  019B                     	;# 
   668  019C                     	;# 
   669  019C                     	;# 
   670  019D                     	;# 
   671  019E                     	;# 
   672  019F                     	;# 
   673  020D                     	;# 
   674  0210                     	;# 
   675  0211                     	;# 
   676  0212                     	;# 
   677  0213                     	;# 
   678  0214                     	;# 
   679  0215                     	;# 
   680  0215                     	;# 
   681  0216                     	;# 
   682  0217                     	;# 
   683  0291                     	;# 
   684  0291                     	;# 
   685  0292                     	;# 
   686  0293                     	;# 
   687  0294                     	;# 
   688  0295                     	;# 
   689  0295                     	;# 
   690  0296                     	;# 
   691  0298                     	;# 
   692  0298                     	;# 
   693  0299                     	;# 
   694  029A                     	;# 
   695  029B                     	;# 
   696  029C                     	;# 
   697  029C                     	;# 
   698  029D                     	;# 
   699  029E                     	;# 
   700  029F                     	;# 
   701  0311                     	;# 
   702  0311                     	;# 
   703  0312                     	;# 
   704  0313                     	;# 
   705  0314                     	;# 
   706  0315                     	;# 
   707  0315                     	;# 
   708  0316                     	;# 
   709  0318                     	;# 
   710  0318                     	;# 
   711  0319                     	;# 
   712  031A                     	;# 
   713  031C                     	;# 
   714  031C                     	;# 
   715  031D                     	;# 
   716  031E                     	;# 
   717  0394                     	;# 
   718  0395                     	;# 
   719  0396                     	;# 
   720  0415                     	;# 
   721  0416                     	;# 
   722  0417                     	;# 
   723  041C                     	;# 
   724  041D                     	;# 
   725  041E                     	;# 
   726  0791                     	;# 
   727  0792                     	;# 
   728  0793                     	;# 
   729  0794                     	;# 
   730  0795                     	;# 
   731  0798                     	;# 
   732  0799                     	;# 
   733  079A                     	;# 
   734  07A0                     	;# 
   735  07A1                     	;# 
   736  07A2                     	;# 
   737  07A3                     	;# 
   738  07A4                     	;# 
   739  07A5                     	;# 
   740  07A6                     	;# 
   741  07A7                     	;# 
   742  07A8                     	;# 
   743  07A9                     	;# 
   744  07AA                     	;# 
   745  07AB                     	;# 
   746  0FE4                     	;# 
   747  0FE5                     	;# 
   748  0FE6                     	;# 
   749  0FE7                     	;# 
   750  0FE8                     	;# 
   751  0FE9                     	;# 
   752  0FEA                     	;# 
   753  0FEB                     	;# 
   754  0FED                     	;# 
   755  0FEE                     	;# 
   756  0FEF                     	;# 
   757                           
   758                           	psect	idataBANK0
   759  0673                     __pidataBANK0:
   760                           
   761                           ;initializer for _deco_ac_values
   762  0673  34C0               	retlw	192
   763  0674  34F9               	retlw	249
   764  0675  34A4               	retlw	164
   765  0676  34B0               	retlw	176
   766  0677  3499               	retlw	153
   767  0678  3492               	retlw	146
   768  0679  3482               	retlw	130
   769  067A  34F8               	retlw	248
   770  067B  3480               	retlw	128
   771  067C  3498               	retlw	152
   772                           
   773                           ;initializer for _deco_cc_values
   774  067D  343F               	retlw	63
   775  067E  3406               	retlw	6
   776  067F  345B               	retlw	91
   777  0680  344F               	retlw	79
   778  0681  3466               	retlw	102
   779  0682  346D               	retlw	109
   780  0683  347D               	retlw	125
   781  0684  3407               	retlw	7
   782  0685  347F               	retlw	127
   783  0686  3467               	retlw	103
   784                           
   785                           	psect	stringtext1
   786  0800                     __pstringtext1:
   787  0800                     _te:
   788  0800  3432               	retlw	50
   789  0801  3400               	retlw	0
   790  0802                     __end_of_te:
   791                           
   792                           	psect	nvCOMMON
   793  007C                     __pnvCOMMON:
   794  007C                     _unidades:
   795  007C                     	ds	1
   796                           
   797                           	psect	nvBANK0
   798  0034                     __pnvBANK0:
   799  0034                     _decenas:
   800  0034                     	ds	1
   801  008D                     _TRISB	set	141
   802  008F                     _TRISDbits	set	143
   803  0098                     _OSCTUNE	set	152
   804  0099                     _OSCCON	set	153
   805  010D                     _LATBbits	set	269
   806  010F                     _LATDbits	set	271
   807  0116                     _BORCON	set	278
   808  018D                     _ANSELB	set	397
   809  018F                     _ANSELD	set	399
   810                           
   811                           	psect	cinit
   812  07F0                     start_initialization:	
   813                           ; #config settings
   814                           
   815  07F0                     __initialization:
   816                           
   817                           ; Initialize objects allocated to BANK0
   818  07F0  3073               	movlw	low __pidataBANK0
   819  07F1  0084               	movwf	4
   820  07F2  3086               	movlw	(high __pidataBANK0)| (0+128)
   821  07F3  0085               	movwf	5
   822  07F4  3020               	movlw	low __pdataBANK0
   823  07F5  0086               	movwf	6
   824  07F6  3000               	movlw	high __pdataBANK0
   825  07F7  0087               	movwf	7
   826  07F8  3014               	movlw	20
   827  07F9  3186  266D  3187   	fcall	init_ram
   828                           
   829                           ; Clear objects allocated to COMMON
   830  07FC  01FD               	clrf	__pbssCOMMON& (0+127)
   831  07FD                     end_of_initialization:	
   832                           ;End of C runtime variable initialization code
   833                           
   834  07FD                     __end_of__initialization:
   835  07FD  0020               	movlb	0
   836  07FE  3187  2F8F         	ljmp	_main	;jump to C main() function
   837                           
   838                           	psect	bssCOMMON
   839  007D                     __pbssCOMMON:
   840  007D                     _counter:
   841  007D                     	ds	1
   842                           
   843                           	psect	dataBANK0
   844  0020                     __pdataBANK0:
   845  0020                     _deco_ac_values:
   846  0020                     	ds	10
   847  002A                     _deco_cc_values:
   848  002A                     	ds	10
   849                           
   850                           	psect	inittext
   851  066D                     init_ram:
   852  066D  00FE               	movwf	btemp
   853  066E                     initloop:
   854  066E  0012               	moviw fsr0++
   855  066F  001E               	movwi fsr1++
   856  0670  0BFE               	decfsz	btemp,f
   857  0671  2E6E               	goto	initloop
   858  0672  3400               	retlw	0
   859                           
   860                           	psect	cstackCOMMON
   861  0070                     __pcstackCOMMON:
   862  0070                     ?_decoInit:
   863  0070                     ??_decoInit:	
   864                           ; 1 bytes @ 0x0
   865                           
   866  0070                     ?_decoCC:	
   867                           ; 1 bytes @ 0x0
   868                           
   869  0070                     ??_decoCC:	
   870                           ; 1 bytes @ 0x0
   871                           
   872  0070                     ?_main:	
   873                           ; 1 bytes @ 0x0
   874                           
   875  0070                     ?___awdiv:	
   876                           ; 1 bytes @ 0x0
   877                           
   878  0070                     ?___awmod:	
   879                           ; 2 bytes @ 0x0
   880                           
   881  0070                     decoCC@num:	
   882                           ; 2 bytes @ 0x0
   883                           
   884  0070                     ___awdiv@divisor:	
   885                           ; 1 bytes @ 0x0
   886                           
   887  0070                     ___awmod@divisor:	
   888                           ; 2 bytes @ 0x0
   889                           
   890                           
   891                           ; 2 bytes @ 0x0
   892  0070                     	ds	2
   893  0072                     ___awdiv@dividend:
   894  0072                     ___awmod@dividend:	
   895                           ; 2 bytes @ 0x2
   896                           
   897                           
   898                           ; 2 bytes @ 0x2
   899  0072                     	ds	2
   900  0074                     ??___awdiv:
   901  0074                     ??___awmod:	
   902                           ; 1 bytes @ 0x4
   903                           
   904                           
   905                           ; 1 bytes @ 0x4
   906  0074                     	ds	1
   907  0075                     ___awdiv@counter:
   908  0075                     ___awmod@counter:	
   909                           ; 1 bytes @ 0x5
   910                           
   911                           
   912                           ; 1 bytes @ 0x5
   913  0075                     	ds	1
   914  0076                     ___awdiv@sign:
   915  0076                     ___awmod@sign:	
   916                           ; 1 bytes @ 0x6
   917                           
   918                           
   919                           ; 1 bytes @ 0x6
   920  0076                     	ds	1
   921  0077                     ___awdiv@quotient:
   922                           
   923                           ; 2 bytes @ 0x7
   924  0077                     	ds	2
   925  0079                     ??_main:
   926                           
   927                           ; 1 bytes @ 0x9
   928  0079                     	ds	3
   929                           
   930                           	psect	maintext
   931  078F                     __pmaintext:	
   932 ;;
   933 ;;Main: autosize = 0, tempsize = 3, incstack = 0, save=0
   934 ;;
   935 ;; *************** function _main *****************
   936 ;; Defined at:
   937 ;;		line 10 in file "main.c"
   938 ;; Parameters:    Size  Location     Type
   939 ;;		None
   940 ;; Auto vars:     Size  Location     Type
   941 ;;		None
   942 ;; Return value:  Size  Location     Type
   943 ;;                  1    wreg      void 
   944 ;; Registers used:
   945 ;;		wreg, fsr1l, fsr1h, status,2, status,0, pclath, cstack
   946 ;; Tracked objects:
   947 ;;		On entry : B1F/0
   948 ;;		On exit  : 0/0
   949 ;;		Unchanged: 0/0
   950 ;; Data sizes:     COMMON   BANK0   BANK1   BANK2   BANK3   BANK4   BANK5   BANK6   BANK7   BANK8   BANK9  BANK10  BANK1
      +1  BANK12
   951 ;;      Params:         0       0       0       0       0       0       0       0       0       0       0       0       
      +0       0
   952 ;;      Locals:         0       0       0       0       0       0       0       0       0       0       0       0       
      +0       0
   953 ;;      Temps:          3       0       0       0       0       0       0       0       0       0       0       0       
      +0       0
   954 ;;      Totals:         3       0       0       0       0       0       0       0       0       0       0       0       
      +0       0
   955 ;;Total ram usage:        3 bytes
   956 ;; Hardware stack levels required when called: 1
   957 ;; This function calls:
   958 ;;		___awdiv
   959 ;;		___awmod
   960 ;;		_decoCC
   961 ;;		_decoInit
   962 ;; This function is called by:
   963 ;;		Startup code after reset
   964 ;; This function uses a non-reentrant model
   965 ;;
   966                           
   967  078F                     _main:	
   968                           ;psect for function _main
   969                           
   970  078F                     l928:	
   971                           ;incstack = 0
   972                           ; Regs used in _main: [wreg+fsr1l+fsr1h+status,2+status,0+pclath+cstack]
   973                           
   974                           
   975                           ;main.c: 11:     OSCCON = 0x38;
   976  078F  3038               	movlw	56
   977  0790  0021               	movlb	1	; select bank1
   978  0791  0099               	movwf	25	;volatile
   979  0792                     l930:
   980                           
   981                           ;main.c: 12:     OSCTUNE = 0x00;
   982  0792  0198               	clrf	24	;volatile
   983  0793                     l932:
   984                           
   985                           ;main.c: 13:     BORCON = 0x00;
   986  0793  0022               	movlb	2	; select bank2
   987  0794  0196               	clrf	22	;volatile
   988  0795                     l934:
   989                           
   990                           ;main.c: 15:     decoInit();
   991  0795  3186  2668  3187   	fcall	_decoInit
   992  0798                     l936:
   993                           
   994                           ;main.c: 17:     ANSELD = 0x00;
   995  0798  0023               	movlb	3	; select bank3
   996  0799  018F               	clrf	15	;volatile
   997  079A                     l938:
   998                           
   999                           ;main.c: 18:     TRISDbits.TRISD0 = 0;
  1000  079A  0021               	movlb	1	; select bank1
  1001  079B  100F               	bcf	15,0	;volatile
  1002  079C                     l940:
  1003                           
  1004                           ;main.c: 19:     TRISDbits.TRISD1 = 0;
  1005  079C  108F               	bcf	15,1	;volatile
  1006  079D                     l942:
  1007                           
  1008                           ;main.c: 21:     LATDbits.LATD0 = 0;
  1009  079D  0022               	movlb	2	; select bank2
  1010  079E  100F               	bcf	15,0	;volatile
  1011  079F                     l944:
  1012                           
  1013                           ;main.c: 22:     LATDbits.LATD0 = 0;
  1014  079F  100F               	bcf	15,0	;volatile
  1015  07A0                     l946:
  1016                           
  1017                           ;main.c: 27:         decenas = counter / 10;
  1018  07A0  300A               	movlw	10
  1019  07A1  00F0               	movwf	___awdiv@divisor
  1020  07A2  3000               	movlw	0
  1021  07A3  00F1               	movwf	___awdiv@divisor+1
  1022  07A4  087D               	movf	_counter,w
  1023  07A5  00F9               	movwf	??_main
  1024  07A6  01FA               	clrf	??_main+1
  1025  07A7  0879               	movf	??_main,w
  1026  07A8  00F2               	movwf	___awdiv@dividend
  1027  07A9  087A               	movf	??_main+1,w
  1028  07AA  00F3               	movwf	___awdiv@dividend+1
  1029  07AB  3187  2730  3187   	fcall	___awdiv
  1030  07AE  0870               	movf	?___awdiv,w
  1031  07AF  00FB               	movwf	??_main+2
  1032  07B0  087B               	movf	??_main+2,w
  1033  07B1  0020               	movlb	0	; select bank0
  1034  07B2  00B4               	movwf	_decenas
  1035  07B3                     l948:
  1036                           
  1037                           ;main.c: 28:         unidades = counter % 10;
  1038  07B3  300A               	movlw	10
  1039  07B4  00F0               	movwf	___awmod@divisor
  1040  07B5  3000               	movlw	0
  1041  07B6  00F1               	movwf	___awmod@divisor+1
  1042  07B7  087D               	movf	_counter,w
  1043  07B8  00F9               	movwf	??_main
  1044  07B9  01FA               	clrf	??_main+1
  1045  07BA  0879               	movf	??_main,w
  1046  07BB  00F2               	movwf	___awmod@dividend
  1047  07BC  087A               	movf	??_main+1,w
  1048  07BD  00F3               	movwf	___awmod@dividend+1
  1049  07BE  3186  2687  3187   	fcall	___awmod
  1050  07C1  0870               	movf	?___awmod,w
  1051  07C2  00FB               	movwf	??_main+2
  1052  07C3  087B               	movf	??_main+2,w
  1053  07C4  00FC               	movwf	_unidades
  1054  07C5                     l950:
  1055                           
  1056                           ;main.c: 30:         LATDbits.LATD0 = 1;
  1057  07C5  0022               	movlb	2	; select bank2
  1058  07C6  140F               	bsf	15,0	;volatile
  1059  07C7                     l952:
  1060                           
  1061                           ;main.c: 31:         LATDbits.LATD1 = 0;
  1062  07C7  108F               	bcf	15,1	;volatile
  1063  07C8                     l954:
  1064                           
  1065                           ;main.c: 32:         decoCC(decenas);
  1066  07C8  0020               	movlb	0	; select bank0
  1067  07C9  0834               	movf	_decenas,w
  1068  07CA  3186  26DA  3187   	fcall	_decoCC
  1069  07CD                     l956:
  1070                           
  1071                           ;main.c: 34:         _delay((unsigned long)((te)*(8000000UL/4000.0)));
  1072  07CD  3082               	movlw	130
  1073  07CE  00F9               	movwf	??_main
  1074  07CF  30DE               	movlw	222
  1075  07D0                     u977:
  1076  07D0  0B89               	decfsz	9,f
  1077  07D1  2FD0               	goto	u977
  1078  07D2  0BF9               	decfsz	??_main,f
  1079  07D3  2FD0               	goto	u977
  1080  07D4                     l958:
  1081                           
  1082                           ;main.c: 36:         LATDbits.LATD0 = 0;
  1083  07D4  0022               	movlb	2	; select bank2
  1084  07D5  100F               	bcf	15,0	;volatile
  1085  07D6                     l960:
  1086                           
  1087                           ;main.c: 37:         LATDbits.LATD1 = 1;
  1088  07D6  148F               	bsf	15,1	;volatile
  1089  07D7                     l962:
  1090                           
  1091                           ;main.c: 38:         decoCC(unidades);
  1092  07D7  087C               	movf	_unidades,w
  1093  07D8  3186  26DA  3187   	fcall	_decoCC
  1094  07DB                     l964:
  1095                           
  1096                           ;main.c: 40:         _delay((unsigned long)((te)*(8000000UL/4000.0)));
  1097  07DB  3082               	movlw	130
  1098  07DC  00F9               	movwf	??_main
  1099  07DD  30DE               	movlw	222
  1100  07DE                     u987:
  1101  07DE  0B89               	decfsz	9,f
  1102  07DF  2FDE               	goto	u987
  1103  07E0  0BF9               	decfsz	??_main,f
  1104  07E1  2FDE               	goto	u987
  1105  07E2                     l966:
  1106                           
  1107                           ;main.c: 43:         counter++;
  1108  07E2  3001               	movlw	1
  1109  07E3  00F9               	movwf	??_main
  1110  07E4  0879               	movf	??_main,w
  1111  07E5  07FD               	addwf	_counter,f
  1112  07E6                     l968:
  1113                           
  1114                           ;main.c: 44:         if(counter==99){
  1115  07E6  3063               	movlw	99
  1116  07E7  067D               	xorwf	_counter,w
  1117  07E8  1D03               	btfss	3,2
  1118  07E9  2FEB               	goto	u821
  1119  07EA  2FEC               	goto	u820
  1120  07EB                     u821:
  1121  07EB  2FA0               	goto	l946
  1122  07EC                     u820:
  1123  07EC                     l970:
  1124                           
  1125                           ;main.c: 45:             counter=0;
  1126  07EC  01FD               	clrf	_counter
  1127  07ED  2FA0               	goto	l946
  1128  07EE  3180  2802         	ljmp	start
  1129  07F0                     __end_of_main:
  1130                           
  1131                           	psect	text1
  1132  0668                     __ptext1:	
  1133 ;; *************** function _decoInit *****************
  1134 ;; Defined at:
  1135 ;;		line 6 in file "SEVEN_SEG_LIB.c"
  1136 ;; Parameters:    Size  Location     Type
  1137 ;;		None
  1138 ;; Auto vars:     Size  Location     Type
  1139 ;;		None
  1140 ;; Return value:  Size  Location     Type
  1141 ;;                  1    wreg      void 
  1142 ;; Registers used:
  1143 ;;		status,2
  1144 ;; Tracked objects:
  1145 ;;		On entry : 0/0
  1146 ;;		On exit  : 0/0
  1147 ;;		Unchanged: 0/0
  1148 ;; Data sizes:     COMMON   BANK0   BANK1   BANK2   BANK3   BANK4   BANK5   BANK6   BANK7   BANK8   BANK9  BANK10  BANK1
      +1  BANK12
  1149 ;;      Params:         0       0       0       0       0       0       0       0       0       0       0       0       
      +0       0
  1150 ;;      Locals:         0       0       0       0       0       0       0       0       0       0       0       0       
      +0       0
  1151 ;;      Temps:          0       0       0       0       0       0       0       0       0       0       0       0       
      +0       0
  1152 ;;      Totals:         0       0       0       0       0       0       0       0       0       0       0       0       
      +0       0
  1153 ;;Total ram usage:        0 bytes
  1154 ;; Hardware stack levels used: 1
  1155 ;; This function calls:
  1156 ;;		Nothing
  1157 ;; This function is called by:
  1158 ;;		_main
  1159 ;; This function uses a non-reentrant model
  1160 ;;
  1161                           
  1162  0668                     _decoInit:	
  1163                           ;psect for function _decoInit
  1164                           
  1165  0668                     l842:	
  1166                           ;incstack = 0
  1167                           ; Regs used in _decoInit: [status,2]
  1168                           
  1169                           
  1170                           ;SEVEN_SEG_LIB.c: 7:     ANSELB = 0x00;
  1171  0668  0023               	movlb	3	; select bank3
  1172  0669  018D               	clrf	13	;volatile
  1173                           
  1174                           ;SEVEN_SEG_LIB.c: 8:     TRISB = 0x00;
  1175  066A  0021               	movlb	1	; select bank1
  1176  066B  018D               	clrf	13	;volatile
  1177  066C                     l48:
  1178  066C  0008               	return
  1179  066D                     __end_of_decoInit:
  1180                           
  1181                           	psect	text2
  1182  06DA                     __ptext2:	
  1183 ;; *************** function _decoCC *****************
  1184 ;; Defined at:
  1185 ;;		line 21 in file "SEVEN_SEG_LIB.c"
  1186 ;; Parameters:    Size  Location     Type
  1187 ;;  num             1    wreg     unsigned char 
  1188 ;; Auto vars:     Size  Location     Type
  1189 ;;  num             1    0[COMMON] unsigned char 
  1190 ;; Return value:  Size  Location     Type
  1191 ;;                  1    wreg      void 
  1192 ;; Registers used:
  1193 ;;		wreg, fsr1l, fsr1h, status,2, status,0
  1194 ;; Tracked objects:
  1195 ;;		On entry : 0/0
  1196 ;;		On exit  : 0/0
  1197 ;;		Unchanged: 0/0
  1198 ;; Data sizes:     COMMON   BANK0   BANK1   BANK2   BANK3   BANK4   BANK5   BANK6   BANK7   BANK8   BANK9  BANK10  BANK1
      +1  BANK12
  1199 ;;      Params:         0       0       0       0       0       0       0       0       0       0       0       0       
      +0       0
  1200 ;;      Locals:         1       0       0       0       0       0       0       0       0       0       0       0       
      +0       0
  1201 ;;      Temps:          0       0       0       0       0       0       0       0       0       0       0       0       
      +0       0
  1202 ;;      Totals:         1       0       0       0       0       0       0       0       0       0       0       0       
      +0       0
  1203 ;;Total ram usage:        1 bytes
  1204 ;; Hardware stack levels used: 1
  1205 ;; This function calls:
  1206 ;;		Nothing
  1207 ;; This function is called by:
  1208 ;;		_main
  1209 ;; This function uses a non-reentrant model
  1210 ;;
  1211                           
  1212  06DA                     _decoCC:	
  1213                           ;psect for function _decoCC
  1214                           
  1215                           
  1216                           ;incstack = 0
  1217                           ; Regs used in _decoCC: [wreg+fsr1l+fsr1h+status,2+status,0]
  1218                           ;decoCC@num stored from wreg
  1219  06DA  00F0               	movwf	decoCC@num
  1220  06DB                     l844:
  1221                           
  1222                           ;SEVEN_SEG_LIB.c: 23:     LATBbits.LATB6 = (deco_cc_values[num]&1) != 0 ? 1:0;
  1223  06DB  0870               	movf	decoCC@num,w
  1224  06DC  3E2A               	addlw	(low (_deco_cc_values| 0))& (0+255)
  1225  06DD  0086               	movwf	6
  1226  06DE  0187               	clrf	7
  1227  06DF  1801               	btfsc	1,0
  1228  06E0  2EE2               	goto	u491
  1229  06E1  2EE5               	goto	u490
  1230  06E2                     u491:
  1231  06E2  0022               	movlb	2	; select bank2
  1232  06E3  170D               	bsf	13,6	;volatile
  1233  06E4  2EE7               	goto	u504
  1234  06E5                     u490:
  1235  06E5  0022               	movlb	2	; select bank2
  1236  06E6  130D               	bcf	13,6	;volatile
  1237  06E7                     u504:
  1238                           
  1239                           ;SEVEN_SEG_LIB.c: 24:     LATBbits.LATB0 = (deco_cc_values[num]&2) != 0 ? 1:0;
  1240  06E7  0870               	movf	decoCC@num,w
  1241  06E8  3E2A               	addlw	(low (_deco_cc_values| 0))& (0+255)
  1242  06E9  0086               	movwf	6
  1243  06EA  0187               	clrf	7
  1244  06EB  1881               	btfsc	1,1
  1245  06EC  2EEE               	goto	u511
  1246  06ED  2EF1               	goto	u510
  1247  06EE                     u511:
  1248  06EE  0022               	movlb	2	; select bank2
  1249  06EF  140D               	bsf	13,0	;volatile
  1250  06F0  2EF3               	goto	u524
  1251  06F1                     u510:
  1252  06F1  0022               	movlb	2	; select bank2
  1253  06F2  100D               	bcf	13,0	;volatile
  1254  06F3                     u524:
  1255                           
  1256                           ;SEVEN_SEG_LIB.c: 25:     LATBbits.LATB2 = (deco_cc_values[num]&4) != 0 ? 1:0;
  1257  06F3  0870               	movf	decoCC@num,w
  1258  06F4  3E2A               	addlw	(low (_deco_cc_values| 0))& (0+255)
  1259  06F5  0086               	movwf	6
  1260  06F6  0187               	clrf	7
  1261  06F7  1901               	btfsc	1,2
  1262  06F8  2EFA               	goto	u531
  1263  06F9  2EFD               	goto	u530
  1264  06FA                     u531:
  1265  06FA  0022               	movlb	2	; select bank2
  1266  06FB  150D               	bsf	13,2	;volatile
  1267  06FC  2EFF               	goto	u544
  1268  06FD                     u530:
  1269  06FD  0022               	movlb	2	; select bank2
  1270  06FE  110D               	bcf	13,2	;volatile
  1271  06FF                     u544:
  1272                           
  1273                           ;SEVEN_SEG_LIB.c: 26:     LATBbits.LATB3 = (deco_cc_values[num]&8) != 0 ? 1:0;
  1274  06FF  0870               	movf	decoCC@num,w
  1275  0700  3E2A               	addlw	(low (_deco_cc_values| 0))& (0+255)
  1276  0701  0086               	movwf	6
  1277  0702  0187               	clrf	7
  1278  0703  1981               	btfsc	1,3
  1279  0704  2F06               	goto	u551
  1280  0705  2F09               	goto	u550
  1281  0706                     u551:
  1282  0706  0022               	movlb	2	; select bank2
  1283  0707  158D               	bsf	13,3	;volatile
  1284  0708  2F0B               	goto	u564
  1285  0709                     u550:
  1286  0709  0022               	movlb	2	; select bank2
  1287  070A  118D               	bcf	13,3	;volatile
  1288  070B                     u564:
  1289                           
  1290                           ;SEVEN_SEG_LIB.c: 27:     LATBbits.LATB4 = (deco_cc_values[num]&16) != 0 ? 1:0;
  1291  070B  0870               	movf	decoCC@num,w
  1292  070C  3E2A               	addlw	(low (_deco_cc_values| 0))& (0+255)
  1293  070D  0086               	movwf	6
  1294  070E  0187               	clrf	7
  1295  070F  1A01               	btfsc	1,4
  1296  0710  2F12               	goto	u571
  1297  0711  2F15               	goto	u570
  1298  0712                     u571:
  1299  0712  0022               	movlb	2	; select bank2
  1300  0713  160D               	bsf	13,4	;volatile
  1301  0714  2F17               	goto	u584
  1302  0715                     u570:
  1303  0715  0022               	movlb	2	; select bank2
  1304  0716  120D               	bcf	13,4	;volatile
  1305  0717                     u584:
  1306                           
  1307                           ;SEVEN_SEG_LIB.c: 28:     LATBbits.LATB5 = (deco_cc_values[num]&32) != 0 ? 1:0;
  1308  0717  0870               	movf	decoCC@num,w
  1309  0718  3E2A               	addlw	(low (_deco_cc_values| 0))& (0+255)
  1310  0719  0086               	movwf	6
  1311  071A  0187               	clrf	7
  1312  071B  1A81               	btfsc	1,5
  1313  071C  2F1E               	goto	u591
  1314  071D  2F21               	goto	u590
  1315  071E                     u591:
  1316  071E  0022               	movlb	2	; select bank2
  1317  071F  168D               	bsf	13,5	;volatile
  1318  0720  2F23               	goto	u604
  1319  0721                     u590:
  1320  0721  0022               	movlb	2	; select bank2
  1321  0722  128D               	bcf	13,5	;volatile
  1322  0723                     u604:
  1323                           
  1324                           ;SEVEN_SEG_LIB.c: 29:     LATBbits.LATB1 = (deco_cc_values[num]&64) != 0 ? 1:0;
  1325  0723  0870               	movf	decoCC@num,w
  1326  0724  3E2A               	addlw	(low (_deco_cc_values| 0))& (0+255)
  1327  0725  0086               	movwf	6
  1328  0726  0187               	clrf	7
  1329  0727  1B01               	btfsc	1,6
  1330  0728  2F2A               	goto	u611
  1331  0729  2F2D               	goto	u610
  1332  072A                     u611:
  1333  072A  0022               	movlb	2	; select bank2
  1334  072B  148D               	bsf	13,1	;volatile
  1335  072C  2F2F               	goto	u624
  1336  072D                     u610:
  1337  072D  0022               	movlb	2	; select bank2
  1338  072E  108D               	bcf	13,1	;volatile
  1339  072F                     u624:
  1340  072F                     l54:
  1341  072F  0008               	return
  1342  0730                     __end_of_decoCC:
  1343                           
  1344                           	psect	text3
  1345  0687                     __ptext3:	
  1346 ;; *************** function ___awmod *****************
  1347 ;; Defined at:
  1348 ;;		line 5 in file "C:\Program Files\Microchip\xc8\v2.36\pic\sources\c90\common\awmod.c"
  1349 ;; Parameters:    Size  Location     Type
  1350 ;;  divisor         2    0[COMMON] int 
  1351 ;;  dividend        2    2[COMMON] int 
  1352 ;; Auto vars:     Size  Location     Type
  1353 ;;  sign            1    6[COMMON] unsigned char 
  1354 ;;  counter         1    5[COMMON] unsigned char 
  1355 ;; Return value:  Size  Location     Type
  1356 ;;                  2    0[COMMON] int 
  1357 ;; Registers used:
  1358 ;;		wreg, status,2, status,0
  1359 ;; Tracked objects:
  1360 ;;		On entry : 0/0
  1361 ;;		On exit  : 0/0
  1362 ;;		Unchanged: 0/0
  1363 ;; Data sizes:     COMMON   BANK0   BANK1   BANK2   BANK3   BANK4   BANK5   BANK6   BANK7   BANK8   BANK9  BANK10  BANK1
      +1  BANK12
  1364 ;;      Params:         4       0       0       0       0       0       0       0       0       0       0       0       
      +0       0
  1365 ;;      Locals:         2       0       0       0       0       0       0       0       0       0       0       0       
      +0       0
  1366 ;;      Temps:          1       0       0       0       0       0       0       0       0       0       0       0       
      +0       0
  1367 ;;      Totals:         7       0       0       0       0       0       0       0       0       0       0       0       
      +0       0
  1368 ;;Total ram usage:        7 bytes
  1369 ;; Hardware stack levels used: 1
  1370 ;; This function calls:
  1371 ;;		Nothing
  1372 ;; This function is called by:
  1373 ;;		_main
  1374 ;; This function uses a non-reentrant model
  1375 ;;
  1376                           
  1377  0687                     ___awmod:	
  1378                           ;psect for function ___awmod
  1379                           
  1380  0687                     l890:	
  1381                           ;incstack = 0
  1382                           ; Regs used in ___awmod: [wreg+status,2+status,0]
  1383                           
  1384  0687  01F6               	clrf	___awmod@sign
  1385  0688                     l892:
  1386  0688  1FF3               	btfss	___awmod@dividend+1,7
  1387  0689  2E8B               	goto	u731
  1388  068A  2E8C               	goto	u730
  1389  068B                     u731:
  1390  068B  2E93               	goto	l898
  1391  068C                     u730:
  1392  068C                     l894:
  1393  068C  09F2               	comf	___awmod@dividend,f
  1394  068D  09F3               	comf	___awmod@dividend+1,f
  1395  068E  0AF2               	incf	___awmod@dividend,f
  1396  068F  1903               	skipnz
  1397  0690  0AF3               	incf	___awmod@dividend+1,f
  1398  0691                     l896:
  1399  0691  01F6               	clrf	___awmod@sign
  1400  0692  0AF6               	incf	___awmod@sign,f
  1401  0693                     l898:
  1402  0693  1FF1               	btfss	___awmod@divisor+1,7
  1403  0694  2E96               	goto	u741
  1404  0695  2E97               	goto	u740
  1405  0696                     u741:
  1406  0696  2E9C               	goto	l902
  1407  0697                     u740:
  1408  0697                     l900:
  1409  0697  09F0               	comf	___awmod@divisor,f
  1410  0698  09F1               	comf	___awmod@divisor+1,f
  1411  0699  0AF0               	incf	___awmod@divisor,f
  1412  069A  1903               	skipnz
  1413  069B  0AF1               	incf	___awmod@divisor+1,f
  1414  069C                     l902:
  1415  069C  0870               	movf	___awmod@divisor,w
  1416  069D  0471               	iorwf	___awmod@divisor+1,w
  1417  069E  1903               	btfsc	3,2
  1418  069F  2EA1               	goto	u751
  1419  06A0  2EA2               	goto	u750
  1420  06A1                     u751:
  1421  06A1  2ECB               	goto	l920
  1422  06A2                     u750:
  1423  06A2                     l904:
  1424  06A2  01F5               	clrf	___awmod@counter
  1425  06A3  0AF5               	incf	___awmod@counter,f
  1426  06A4  2EAE               	goto	l910
  1427  06A5                     l906:
  1428  06A5  3001               	movlw	1
  1429  06A6                     u765:
  1430  06A6  35F0               	lslf	___awmod@divisor,f
  1431  06A7  0DF1               	rlf	___awmod@divisor+1,f
  1432  06A8  0B89               	decfsz	9,f
  1433  06A9  2EA6               	goto	u765
  1434  06AA                     l908:
  1435  06AA  3001               	movlw	1
  1436  06AB  00F4               	movwf	??___awmod
  1437  06AC  0874               	movf	??___awmod,w
  1438  06AD  07F5               	addwf	___awmod@counter,f
  1439  06AE                     l910:
  1440  06AE  1FF1               	btfss	___awmod@divisor+1,7
  1441  06AF  2EB1               	goto	u771
  1442  06B0  2EB2               	goto	u770
  1443  06B1                     u771:
  1444  06B1  2EA5               	goto	l906
  1445  06B2                     u770:
  1446  06B2                     l912:
  1447  06B2  0871               	movf	___awmod@divisor+1,w
  1448  06B3  0273               	subwf	___awmod@dividend+1,w
  1449  06B4  1D03               	skipz
  1450  06B5  2EB8               	goto	u785
  1451  06B6  0870               	movf	___awmod@divisor,w
  1452  06B7  0272               	subwf	___awmod@dividend,w
  1453  06B8                     u785:
  1454  06B8  1C03               	skipc
  1455  06B9  2EBB               	goto	u781
  1456  06BA  2EBC               	goto	u780
  1457  06BB                     u781:
  1458  06BB  2EC0               	goto	l916
  1459  06BC                     u780:
  1460  06BC                     l914:
  1461  06BC  0870               	movf	___awmod@divisor,w
  1462  06BD  02F2               	subwf	___awmod@dividend,f
  1463  06BE  0871               	movf	___awmod@divisor+1,w
  1464  06BF  3BF3               	subwfb	___awmod@dividend+1,f
  1465  06C0                     l916:
  1466  06C0  3001               	movlw	1
  1467  06C1                     u795:
  1468  06C1  36F1               	lsrf	___awmod@divisor+1,f
  1469  06C2  0CF0               	rrf	___awmod@divisor,f
  1470  06C3  0B89               	decfsz	9,f
  1471  06C4  2EC1               	goto	u795
  1472  06C5                     l918:
  1473  06C5  3001               	movlw	1
  1474  06C6  02F5               	subwf	___awmod@counter,f
  1475  06C7  1D03               	btfss	3,2
  1476  06C8  2ECA               	goto	u801
  1477  06C9  2ECB               	goto	u800
  1478  06CA                     u801:
  1479  06CA  2EB2               	goto	l912
  1480  06CB                     u800:
  1481  06CB                     l920:
  1482  06CB  0876               	movf	___awmod@sign,w
  1483  06CC  1903               	btfsc	3,2
  1484  06CD  2ECF               	goto	u811
  1485  06CE  2ED0               	goto	u810
  1486  06CF                     u811:
  1487  06CF  2ED5               	goto	l924
  1488  06D0                     u810:
  1489  06D0                     l922:
  1490  06D0  09F2               	comf	___awmod@dividend,f
  1491  06D1  09F3               	comf	___awmod@dividend+1,f
  1492  06D2  0AF2               	incf	___awmod@dividend,f
  1493  06D3  1903               	skipnz
  1494  06D4  0AF3               	incf	___awmod@dividend+1,f
  1495  06D5                     l924:
  1496  06D5  0873               	movf	___awmod@dividend+1,w
  1497  06D6  00F1               	movwf	?___awmod+1
  1498  06D7  0872               	movf	___awmod@dividend,w
  1499  06D8  00F0               	movwf	?___awmod
  1500  06D9                     l370:
  1501  06D9  0008               	return
  1502  06DA                     __end_of___awmod:
  1503                           
  1504                           	psect	text4
  1505  0730                     __ptext4:	
  1506 ;; *************** function ___awdiv *****************
  1507 ;; Defined at:
  1508 ;;		line 5 in file "C:\Program Files\Microchip\xc8\v2.36\pic\sources\c90\common\awdiv.c"
  1509 ;; Parameters:    Size  Location     Type
  1510 ;;  divisor         2    0[COMMON] int 
  1511 ;;  dividend        2    2[COMMON] int 
  1512 ;; Auto vars:     Size  Location     Type
  1513 ;;  quotient        2    7[COMMON] int 
  1514 ;;  sign            1    6[COMMON] unsigned char 
  1515 ;;  counter         1    5[COMMON] unsigned char 
  1516 ;; Return value:  Size  Location     Type
  1517 ;;                  2    0[COMMON] int 
  1518 ;; Registers used:
  1519 ;;		wreg, status,2, status,0
  1520 ;; Tracked objects:
  1521 ;;		On entry : 0/0
  1522 ;;		On exit  : 0/0
  1523 ;;		Unchanged: 0/0
  1524 ;; Data sizes:     COMMON   BANK0   BANK1   BANK2   BANK3   BANK4   BANK5   BANK6   BANK7   BANK8   BANK9  BANK10  BANK1
      +1  BANK12
  1525 ;;      Params:         4       0       0       0       0       0       0       0       0       0       0       0       
      +0       0
  1526 ;;      Locals:         4       0       0       0       0       0       0       0       0       0       0       0       
      +0       0
  1527 ;;      Temps:          1       0       0       0       0       0       0       0       0       0       0       0       
      +0       0
  1528 ;;      Totals:         9       0       0       0       0       0       0       0       0       0       0       0       
      +0       0
  1529 ;;Total ram usage:        9 bytes
  1530 ;; Hardware stack levels used: 1
  1531 ;; This function calls:
  1532 ;;		Nothing
  1533 ;; This function is called by:
  1534 ;;		_main
  1535 ;; This function uses a non-reentrant model
  1536 ;;
  1537                           
  1538  0730                     ___awdiv:	
  1539                           ;psect for function ___awdiv
  1540                           
  1541  0730                     l846:	
  1542                           ;incstack = 0
  1543                           ; Regs used in ___awdiv: [wreg+status,2+status,0]
  1544                           
  1545  0730  01F6               	clrf	___awdiv@sign
  1546  0731                     l848:
  1547  0731  1FF1               	btfss	___awdiv@divisor+1,7
  1548  0732  2F34               	goto	u631
  1549  0733  2F35               	goto	u630
  1550  0734                     u631:
  1551  0734  2F3C               	goto	l854
  1552  0735                     u630:
  1553  0735                     l850:
  1554  0735  09F0               	comf	___awdiv@divisor,f
  1555  0736  09F1               	comf	___awdiv@divisor+1,f
  1556  0737  0AF0               	incf	___awdiv@divisor,f
  1557  0738  1903               	skipnz
  1558  0739  0AF1               	incf	___awdiv@divisor+1,f
  1559  073A                     l852:
  1560  073A  01F6               	clrf	___awdiv@sign
  1561  073B  0AF6               	incf	___awdiv@sign,f
  1562  073C                     l854:
  1563  073C  1FF3               	btfss	___awdiv@dividend+1,7
  1564  073D  2F3F               	goto	u641
  1565  073E  2F40               	goto	u640
  1566  073F                     u641:
  1567  073F  2F49               	goto	l860
  1568  0740                     u640:
  1569  0740                     l856:
  1570  0740  09F2               	comf	___awdiv@dividend,f
  1571  0741  09F3               	comf	___awdiv@dividend+1,f
  1572  0742  0AF2               	incf	___awdiv@dividend,f
  1573  0743  1903               	skipnz
  1574  0744  0AF3               	incf	___awdiv@dividend+1,f
  1575  0745                     l858:
  1576  0745  3001               	movlw	1
  1577  0746  00F4               	movwf	??___awdiv
  1578  0747  0874               	movf	??___awdiv,w
  1579  0748  06F6               	xorwf	___awdiv@sign,f
  1580  0749                     l860:
  1581  0749  01F7               	clrf	___awdiv@quotient
  1582  074A  01F8               	clrf	___awdiv@quotient+1
  1583  074B                     l862:
  1584  074B  0870               	movf	___awdiv@divisor,w
  1585  074C  0471               	iorwf	___awdiv@divisor+1,w
  1586  074D  1903               	btfsc	3,2
  1587  074E  2F50               	goto	u651
  1588  074F  2F51               	goto	u650
  1589  0750                     u651:
  1590  0750  2F80               	goto	l882
  1591  0751                     u650:
  1592  0751                     l864:
  1593  0751  01F5               	clrf	___awdiv@counter
  1594  0752  0AF5               	incf	___awdiv@counter,f
  1595  0753  2F5D               	goto	l870
  1596  0754                     l866:
  1597  0754  3001               	movlw	1
  1598  0755                     u665:
  1599  0755  35F0               	lslf	___awdiv@divisor,f
  1600  0756  0DF1               	rlf	___awdiv@divisor+1,f
  1601  0757  0B89               	decfsz	9,f
  1602  0758  2F55               	goto	u665
  1603  0759                     l868:
  1604  0759  3001               	movlw	1
  1605  075A  00F4               	movwf	??___awdiv
  1606  075B  0874               	movf	??___awdiv,w
  1607  075C  07F5               	addwf	___awdiv@counter,f
  1608  075D                     l870:
  1609  075D  1FF1               	btfss	___awdiv@divisor+1,7
  1610  075E  2F60               	goto	u671
  1611  075F  2F61               	goto	u670
  1612  0760                     u671:
  1613  0760  2F54               	goto	l866
  1614  0761                     u670:
  1615  0761                     l872:
  1616  0761  3001               	movlw	1
  1617  0762                     u685:
  1618  0762  35F7               	lslf	___awdiv@quotient,f
  1619  0763  0DF8               	rlf	___awdiv@quotient+1,f
  1620  0764  0B89               	decfsz	9,f
  1621  0765  2F62               	goto	u685
  1622  0766  0871               	movf	___awdiv@divisor+1,w
  1623  0767  0273               	subwf	___awdiv@dividend+1,w
  1624  0768  1D03               	skipz
  1625  0769  2F6C               	goto	u695
  1626  076A  0870               	movf	___awdiv@divisor,w
  1627  076B  0272               	subwf	___awdiv@dividend,w
  1628  076C                     u695:
  1629  076C  1C03               	skipc
  1630  076D  2F6F               	goto	u691
  1631  076E  2F70               	goto	u690
  1632  076F                     u691:
  1633  076F  2F75               	goto	l878
  1634  0770                     u690:
  1635  0770                     l874:
  1636  0770  0870               	movf	___awdiv@divisor,w
  1637  0771  02F2               	subwf	___awdiv@dividend,f
  1638  0772  0871               	movf	___awdiv@divisor+1,w
  1639  0773  3BF3               	subwfb	___awdiv@dividend+1,f
  1640  0774                     l876:
  1641  0774  1477               	bsf	___awdiv@quotient,0
  1642  0775                     l878:
  1643  0775  3001               	movlw	1
  1644  0776                     u705:
  1645  0776  36F1               	lsrf	___awdiv@divisor+1,f
  1646  0777  0CF0               	rrf	___awdiv@divisor,f
  1647  0778  0B89               	decfsz	9,f
  1648  0779  2F76               	goto	u705
  1649  077A                     l880:
  1650  077A  3001               	movlw	1
  1651  077B  02F5               	subwf	___awdiv@counter,f
  1652  077C  1D03               	btfss	3,2
  1653  077D  2F7F               	goto	u711
  1654  077E  2F80               	goto	u710
  1655  077F                     u711:
  1656  077F  2F61               	goto	l872
  1657  0780                     u710:
  1658  0780                     l882:
  1659  0780  0876               	movf	___awdiv@sign,w
  1660  0781  1903               	btfsc	3,2
  1661  0782  2F84               	goto	u721
  1662  0783  2F85               	goto	u720
  1663  0784                     u721:
  1664  0784  2F8A               	goto	l886
  1665  0785                     u720:
  1666  0785                     l884:
  1667  0785  09F7               	comf	___awdiv@quotient,f
  1668  0786  09F8               	comf	___awdiv@quotient+1,f
  1669  0787  0AF7               	incf	___awdiv@quotient,f
  1670  0788  1903               	skipnz
  1671  0789  0AF8               	incf	___awdiv@quotient+1,f
  1672  078A                     l886:
  1673  078A  0878               	movf	___awdiv@quotient+1,w
  1674  078B  00F1               	movwf	?___awdiv+1
  1675  078C  0877               	movf	___awdiv@quotient,w
  1676  078D  00F0               	movwf	?___awdiv
  1677  078E                     l357:
  1678  078E  0008               	return
  1679  078F                     __end_of___awdiv:
  1680  007E                     btemp	set	126	;btemp
  1681  007E                     wtemp0	set	126
  1682                           
  1683                           	psect	idloc
  1684                           
  1685                           ;Config register IDLOC0 @ 0x8000
  1686                           ;	unspecified, using default values
  1687  8000                     	org	32768
  1688  8000  3FFF               	dw	16383
  1689                           
  1690                           ;Config register IDLOC1 @ 0x8001
  1691                           ;	unspecified, using default values
  1692  8001                     	org	32769
  1693  8001  3FFF               	dw	16383
  1694                           
  1695                           ;Config register IDLOC2 @ 0x8002
  1696                           ;	unspecified, using default values
  1697  8002                     	org	32770
  1698  8002  3FFF               	dw	16383
  1699                           
  1700                           ;Config register IDLOC3 @ 0x8003
  1701                           ;	unspecified, using default values
  1702  8003                     	org	32771
  1703  8003  3FFF               	dw	16383
  1704                           
  1705                           	psect	config
  1706                           
  1707                           ;Config register CONFIG1 @ 0x8007
  1708                           ;	Oscillator Selection
  1709                           ;	FOSC = HS, HS Oscillator, High-speed crystal/resonator connected between OSC1 and OSC2
      +                           pins
  1710                           ;	Watchdog Timer Enable
  1711                           ;	WDTE = OFF, WDT disabled
  1712                           ;	Power-up Timer Enable
  1713                           ;	PWRTE = OFF, PWRT disabled
  1714                           ;	MCLR Pin Function Select
  1715                           ;	MCLRE = ON, MCLR/VPP pin function is MCLR
  1716                           ;	Flash Program Memory Code Protection
  1717                           ;	CP = OFF, Program memory code protection is disabled
  1718                           ;	Data Memory Code Protection
  1719                           ;	CPD = OFF, Data memory code protection is disabled
  1720                           ;	Brown-out Reset Enable
  1721                           ;	BOREN = ON, Brown-out Reset enabled
  1722                           ;	Clock Out Enable
  1723                           ;	CLKOUTEN = OFF, CLKOUT function is disabled. I/O or oscillator function on the CLKOUT 
      +                          pin
  1724                           ;	Internal/External Switchover
  1725                           ;	IESO = ON, Internal/External Switchover mode is enabled
  1726                           ;	Fail-Safe Clock Monitor Enable
  1727                           ;	FCMEN = ON, Fail-Safe Clock Monitor is enabled
  1728  8007                     	org	32775
  1729  8007  3FE2               	dw	16354
  1730                           
  1731                           ;Config register CONFIG2 @ 0x8008
  1732                           ;	Flash Memory Self-Write Protection
  1733                           ;	WRT = OFF, Write protection off
  1734                           ;	Voltage Regulator Capacitor Enable
  1735                           ;	VCAPEN = OFF, All VCAP pin functionality is disabled
  1736                           ;	PLL Enable
  1737                           ;	PLLEN = OFF, 4x PLL disabled
  1738                           ;	Stack Overflow/Underflow Reset Enable
  1739                           ;	STVREN = ON, Stack Overflow or Underflow will cause a Reset
  1740                           ;	Brown-out Reset Voltage Selection
  1741                           ;	BORV = LO, Brown-out Reset Voltage (Vbor), low trip point selected.
  1742                           ;	Low-Voltage Programming Enable
  1743                           ;	LVP = ON, Low-voltage programming enabled
  1744  8008                     	org	32776
  1745  8008  3EFF               	dw	16127

Data Sizes:
    Strings     0
    Constant    2
    Data        20
    BSS         1
    Persistent  34
    Stack       0

Auto Spaces:
    Space          Size  Autos    Used
    COMMON           14     12      14
    BANK0            80      0      21
    BANK1            80      0       0
    BANK2            80      0       0
    BANK3            80      0       0
    BANK4            80      0       0
    BANK5            80      0       0
    BANK6            80      0       0
    BANK7            80      0       0
    BANK8            80      0       0
    BANK9            80      0       0
    BANK10           80      0       0
    BANK11           80      0       0
    BANK12           48      0       0

Pointer List with Targets:

    None.

Critical Paths under _main in COMMON

    _main->___awdiv

Critical Paths under _main in BANK0

    None.

Critical Paths under _main in BANK1

    None.

Critical Paths under _main in BANK2

    None.

Critical Paths under _main in BANK3

    None.

Critical Paths under _main in BANK4

    None.

Critical Paths under _main in BANK5

    None.

Critical Paths under _main in BANK6

    None.

Critical Paths under _main in BANK7

    None.

Critical Paths under _main in BANK8

    None.

Critical Paths under _main in BANK9

    None.

Critical Paths under _main in BANK10

    None.

Critical Paths under _main in BANK11

    None.

Critical Paths under _main in BANK12

    None.

Call Graph Tables:

 ---------------------------------------------------------------------------------
 (Depth) Function   	        Calls       Base Space   Used Autos Params    Refs
 ---------------------------------------------------------------------------------
 (0) _main                                                 3     3      0    1054
                                              9 COMMON     3     3      0
                            ___awdiv
                            ___awmod
                             _decoCC
                           _decoInit
 ---------------------------------------------------------------------------------
 (1) _decoInit                                             0     0      0       0
 ---------------------------------------------------------------------------------
 (1) _decoCC                                               1     1      0     154
                                              0 COMMON     1     1      0
 ---------------------------------------------------------------------------------
 (1) ___awmod                                              7     3      4     448
                                              0 COMMON     7     3      4
 ---------------------------------------------------------------------------------
 (1) ___awdiv                                              9     5      4     452
                                              0 COMMON     9     5      4
 ---------------------------------------------------------------------------------
 Estimated maximum stack depth 1
 ---------------------------------------------------------------------------------

 Call Graph Graphs:

 _main (ROOT)
   ___awdiv
   ___awmod
   _decoCC
   _decoInit

 Address spaces:
Name               Size   Autos  Total    Cost      Usage
BIGRAM             3F0      0       0       0        0.0%
EEDATA             100      0       0       0        0.0%
NULL                 0      0       0       0        0.0%
CODE                 0      0       0       0        0.0%
BITCOMMON            E      0       0       1        0.0%
BITSFR0              0      0       0       1        0.0%
SFR0                 0      0       0       1        0.0%
COMMON               E      C       E       2      100.0%
BITSFR1              0      0       0       2        0.0%
SFR1                 0      0       0       2        0.0%
BITSFR2              0      0       0       3        0.0%
SFR2                 0      0       0       3        0.0%
STACK                0      0       0       3        0.0%
BITBANK0            50      0       0       4        0.0%
BITSFR3              0      0       0       4        0.0%
SFR3                 0      0       0       4        0.0%
BANK0               50      0      15       5       26.2%
BITSFR4              0      0       0       5        0.0%
SFR4                 0      0       0       5        0.0%
BITBANK1            50      0       0       6        0.0%
BITSFR5              0      0       0       6        0.0%
SFR5                 0      0       0       6        0.0%
BANK1               50      0       0       7        0.0%
BITSFR6              0      0       0       7        0.0%
SFR6                 0      0       0       7        0.0%
BITBANK2            50      0       0       8        0.0%
BITSFR7              0      0       0       8        0.0%
SFR7                 0      0       0       8        0.0%
BANK2               50      0       0       9        0.0%
BITSFR8              0      0       0       9        0.0%
SFR8                 0      0       0       9        0.0%
BITBANK3            50      0       0      10        0.0%
BITSFR9              0      0       0      10        0.0%
SFR9                 0      0       0      10        0.0%
BANK3               50      0       0      11        0.0%
BITSFR10             0      0       0      11        0.0%
SFR10                0      0       0      11        0.0%
BITBANK4            50      0       0      12        0.0%
BITSFR11             0      0       0      12        0.0%
SFR11                0      0       0      12        0.0%
BANK4               50      0       0      13        0.0%
BITSFR12             0      0       0      13        0.0%
SFR12                0      0       0      13        0.0%
BITBANK5            50      0       0      14        0.0%
BITSFR13             0      0       0      14        0.0%
SFR13                0      0       0      14        0.0%
BANK5               50      0       0      15        0.0%
BITSFR14             0      0       0      15        0.0%
SFR14                0      0       0      15        0.0%
BITBANK6            50      0       0      16        0.0%
BITSFR15             0      0       0      16        0.0%
SFR15                0      0       0      16        0.0%
BANK6               50      0       0      17        0.0%
BITSFR16             0      0       0      17        0.0%
SFR16                0      0       0      17        0.0%
BITBANK7            50      0       0      18        0.0%
BITSFR17             0      0       0      18        0.0%
SFR17                0      0       0      18        0.0%
BANK7               50      0       0      19        0.0%
BITSFR18             0      0       0      19        0.0%
SFR18                0      0       0      19        0.0%
BITSFR19             0      0       0      20        0.0%
SFR19                0      0       0      20        0.0%
ABS                  0      0      23      20        0.0%
BITBANK8            50      0       0      21        0.0%
BITSFR20             0      0       0      21        0.0%
SFR20                0      0       0      21        0.0%
BANK8               50      0       0      22        0.0%
BITSFR21             0      0       0      22        0.0%
SFR21                0      0       0      22        0.0%
BITBANK9            50      0       0      23        0.0%
BITSFR22             0      0       0      23        0.0%
SFR22                0      0       0      23        0.0%
BANK9               50      0       0      24        0.0%
BITSFR23             0      0       0      24        0.0%
SFR23                0      0       0      24        0.0%
BITBANK10           50      0       0      25        0.0%
BITSFR24             0      0       0      25        0.0%
SFR24                0      0       0      25        0.0%
BANK10              50      0       0      26        0.0%
BITSFR25             0      0       0      26        0.0%
SFR25                0      0       0      26        0.0%
BITBANK11           50      0       0      27        0.0%
BITSFR26             0      0       0      27        0.0%
SFR26                0      0       0      27        0.0%
BANK11              50      0       0      28        0.0%
BITSFR27             0      0       0      28        0.0%
SFR27                0      0       0      28        0.0%
BITBANK12           30      0       0      29        0.0%
BITSFR28             0      0       0      29        0.0%
SFR28                0      0       0      29        0.0%
BANK12              30      0       0      30        0.0%
BITSFR29             0      0       0      30        0.0%
SFR29                0      0       0      30        0.0%
BITSFR30             0      0       0      31        0.0%
SFR30                0      0       0      31        0.0%
DATA                 0      0      23      31        0.0%
BITSFR31             0      0       0      32        0.0%
SFR31                0      0       0      32        0.0%


Microchip Technology PIC Macro Assembler V2.36 build 20220127204148 
Symbol Table                                                                                   Thu Sep 21 20:35:47 2023

                     l54 072F                       l48 066C             ___awdiv@sign 0076  
                     _te 0800                      l370 06D9                      l357 078E  
                    l900 0697                      l910 06AE                      l902 069C  
                    l912 06B2                      l904 06A2                      l920 06CB  
                    l850 0735                      l922 06D0                      l914 06BC  
                    l906 06A5                      l842 0668                      l930 0792  
                    l860 0749                      l852 073A                      l924 06D5  
                    l916 06C0                      l908 06AA                      l844 06DB  
                    l940 079C                      l932 0793                      l870 075D  
                    l862 074B                      l854 073C                      l846 0730  
                    l918 06C5                      l950 07C5                      l942 079D  
                    l934 0795                      l880 077A                      l872 0761  
                    l864 0751                      l856 0740                      l848 0731  
                    l960 07D6                      l952 07C7                      l944 079F  
                    l936 0798                      l928 078F                      l874 0770  
                    l866 0754                      l882 0780                      l858 0745  
                    l890 0687                      l970 07EC                      l962 07D7  
                    l954 07C8                      l946 07A0                      l938 079A  
                    l884 0785                      l876 0774                      l868 0759  
                    l892 0688                      l964 07DB                      l956 07CD  
                    l948 07B3                      l886 078A                      l878 0775  
                    l894 068C                      l966 07E2                      l958 07D4  
                    l896 0691                      l968 07E6                      l898 0693  
                    u510 06F1                      u511 06EE                      u504 06E7  
                    u610 072D                      u530 06FD                      u611 072A  
                    u531 06FA                      u604 0723                      u524 06F3  
                    u710 0780                      u630 0735                      u550 0709  
                    u711 077F                      u631 0734                      u551 0706  
                    u720 0785                      u640 0740                      u800 06CB  
                    u624 072F                      u544 06FF                      u721 0784  
                    u705 0776                      u641 073F                      u801 06CA  
                    u650 0751                      u810 06D0                      u730 068C  
                    u570 0715                      u490 06E5                      u651 0750  
                    u811 06CF                      u731 068B                      u571 0712  
                    u491 06E2                      u740 0697                      u564 070B  
                    u820 07EC                      u741 0696                      u821 07EB  
                    u670 0761                      u750 06A2                      u590 0721  
                    u671 0760                      u751 06A1                      u591 071E  
                    u584 0717                      u665 0755                      u690 0770  
                    u770 06B2                      u691 076F                      u771 06B1  
                    u780 06BC                      u685 0762                      u781 06BB  
                    u765 06A6                      u695 076C                      u785 06B8  
                    u795 06C1                      u977 07D0                      u987 07DE  
           ___awmod@sign 0076                      wreg 0009                     _main 078F  
                   fsr0h 0005                     fsr1h 0007                     fsr0l 0004  
                   indf1 0001                     fsr1l 0006                     btemp 007E  
                   start 0002                    ?_main 0070          __end_of___awdiv 078F  
        __end_of___awmod 06DA          ___awdiv@divisor 0070          ___awdiv@counter 0075  
                  _TRISB 008D                    status 0003                    wtemp0 007E  
        __initialization 07F0             __end_of_main 07F0                   ??_main 0079  
       ___awdiv@dividend 0072                   _ANSELB 018D                   _ANSELD 018F  
                 _BORCON 0116                   _OSCCON 0099         __end_of_decoInit 066D  
                 _decoCC 06DA                ??___awdiv 0074                ??___awmod 0074  
       ___awdiv@quotient 0077          ___awmod@divisor 0070          ___awmod@counter 0075  
__end_of__initialization 07FD           __pcstackCOMMON 0070             __pidataBANK0 0673  
             __end_of_te 0802               __pnvCOMMON 007C               __pmaintext 078F  
                ?_decoCC 0070                ?_decoInit 0070                  _OSCTUNE 0098  
                ___awdiv 0730                  ___awmod 0687                  _decenas 0034  
                __ptext1 0668                  __ptext2 06DA                  __ptext3 0687  
                __ptext4 0730                  _counter 007D               ??_decoInit 0070  
       ___awmod@dividend 0072     end_of_initialization 07FD                  init_ram 066D  
                initloop 066E                _TRISDbits 008F           __end_of_decoCC 0730  
    start_initialization 07F0                 ??_decoCC 0070              __pdataBANK0 0020  
            __pbssCOMMON 007D                ___latbits 0003                __pnvBANK0 0034  
               ?___awdiv 0070                 ?___awmod 0070                decoCC@num 0070  
               _LATBbits 010D                 _LATDbits 010F                 _decoInit 0668  
               _unidades 007C            __pstringtext1 0800           _deco_ac_values 0020  
         _deco_cc_values 002A  
